[0.006s] Invoking command in '/home/wu/colcon_ws/build/open_manipulator_x_bringup': AMENT_PREFIX_PATH=/home/wu/colcon_ws/install/open_manipulator_x_description:${AMENT_PREFIX_PATH} CMAKE_PREFIX_PATH=/home/wu/colcon_ws/install/open_manipulator_x_description:/opt/ros/humble /usr/bin/cmake /home/wu/colcon_ws/src/open_manipulator/open_manipulator_x_bringup -DAMENT_CMAKE_SYMLINK_INSTALL=1 -DCMAKE_INSTALL_PREFIX=/home/wu/colcon_ws/install/open_manipulator_x_bringup
[0.040s] -- The C compiler identification is GNU 11.4.0
[0.076s] -- The CXX compiler identification is GNU 11.4.0
[0.080s] -- Detecting C compiler ABI info
[0.119s] -- Detecting C compiler ABI info - done
[0.124s] -- Check for working C compiler: /usr/bin/cc - skipped
[0.124s] -- Detecting C compile features
[0.124s] -- Detecting C compile features - done
[0.126s] -- Detecting CXX compiler ABI info
[0.174s] -- Detecting CXX compiler ABI info - done
[0.179s] -- Check for working CXX compiler: /usr/bin/c++ - skipped
[0.180s] -- Detecting CXX compile features
[0.180s] -- Detecting CXX compile features - done
[0.181s] -- Found ament_cmake: 1.3.11 (/opt/ros/humble/share/ament_cmake/cmake)
[0.278s] -- Found Python3: /usr/bin/python3 (found version "3.10.12") found components: Interpreter 
[0.328s] -- Override CMake install command with custom implementation using symlinks instead of copying resources
[0.391s] -- Configuring done
[0.392s] -- Generating done
[0.392s] -- Build files have been written to: /home/wu/colcon_ws/build/open_manipulator_x_bringup
[0.395s] Invoked command in '/home/wu/colcon_ws/build/open_manipulator_x_bringup' returned '0': AMENT_PREFIX_PATH=/home/wu/colcon_ws/install/open_manipulator_x_description:${AMENT_PREFIX_PATH} CMAKE_PREFIX_PATH=/home/wu/colcon_ws/install/open_manipulator_x_description:/opt/ros/humble /usr/bin/cmake /home/wu/colcon_ws/src/open_manipulator/open_manipulator_x_bringup -DAMENT_CMAKE_SYMLINK_INSTALL=1 -DCMAKE_INSTALL_PREFIX=/home/wu/colcon_ws/install/open_manipulator_x_bringup
[0.396s] Invoking command in '/home/wu/colcon_ws/build/open_manipulator_x_bringup': AMENT_PREFIX_PATH=/home/wu/colcon_ws/install/open_manipulator_x_description:${AMENT_PREFIX_PATH} CMAKE_PREFIX_PATH=/home/wu/colcon_ws/install/open_manipulator_x_description:/opt/ros/humble /usr/bin/cmake --build /home/wu/colcon_ws/build/open_manipulator_x_bringup -- -j12 -l12
[0.416s] Invoked command in '/home/wu/colcon_ws/build/open_manipulator_x_bringup' returned '0': AMENT_PREFIX_PATH=/home/wu/colcon_ws/install/open_manipulator_x_description:${AMENT_PREFIX_PATH} CMAKE_PREFIX_PATH=/home/wu/colcon_ws/install/open_manipulator_x_description:/opt/ros/humble /usr/bin/cmake --build /home/wu/colcon_ws/build/open_manipulator_x_bringup -- -j12 -l12
[0.417s] Invoking command in '/home/wu/colcon_ws/build/open_manipulator_x_bringup': AMENT_PREFIX_PATH=/home/wu/colcon_ws/install/open_manipulator_x_description:${AMENT_PREFIX_PATH} CMAKE_PREFIX_PATH=/home/wu/colcon_ws/install/open_manipulator_x_description:/opt/ros/humble /usr/bin/cmake --install /home/wu/colcon_ws/build/open_manipulator_x_bringup
[0.421s] -- Install configuration: ""
[0.422s] -- Execute custom install script
[0.422s] -- Symlinking: /home/wu/colcon_ws/install/open_manipulator_x_bringup/share/open_manipulator_x_bringup/launch/base.launch.py
[0.427s] -- Symlinking: /home/wu/colcon_ws/install/open_manipulator_x_bringup/share/open_manipulator_x_bringup/launch/fake.launch.py
[0.432s] -- Symlinking: /home/wu/colcon_ws/install/open_manipulator_x_bringup/share/open_manipulator_x_bringup/launch/gazebo.launch.py
[0.437s] -- Symlinking: /home/wu/colcon_ws/install/open_manipulator_x_bringup/share/open_manipulator_x_bringup/launch/hardware.launch.py
[0.442s] -- Symlinking: /home/wu/colcon_ws/install/open_manipulator_x_bringup/share/open_manipulator_x_bringup/config/gazebo_controller_manager.yaml
[0.447s] -- Symlinking: /home/wu/colcon_ws/install/open_manipulator_x_bringup/share/open_manipulator_x_bringup/config/hardware_controller_manager.yaml
[0.451s] -- Symlinking: /home/wu/colcon_ws/install/open_manipulator_x_bringup/share/open_manipulator_x_bringup/rviz/open_manipulator_x.rviz
[0.456s] -- Symlinking: /home/wu/colcon_ws/install/open_manipulator_x_bringup/share/open_manipulator_x_bringup/worlds/empty_world.model
[0.462s] -- Symlinking: /home/wu/colcon_ws/install/open_manipulator_x_bringup/share/open_manipulator_x_bringup/99-open-manipulator-cdc.rules
[0.467s] -- Symlinking: /home/wu/colcon_ws/install/open_manipulator_x_bringup/lib/open_manipulator_x_bringup/create_udev_rules
[0.472s] -- Symlinking: /home/wu/colcon_ws/install/open_manipulator_x_bringup/share/open_manipulator_x_bringup/environment/open_manipulator_x_bringup.dsv
[0.477s] -- Symlinking: /home/wu/colcon_ws/install/open_manipulator_x_bringup/share/ament_index/resource_index/package_run_dependencies/open_manipulator_x_bringup
[0.481s] -- Symlinking: /home/wu/colcon_ws/install/open_manipulator_x_bringup/share/ament_index/resource_index/parent_prefix_path/open_manipulator_x_bringup
[0.486s] -- Symlinking: /home/wu/colcon_ws/install/open_manipulator_x_bringup/share/open_manipulator_x_bringup/environment/ament_prefix_path.sh
[0.491s] -- Symlinking: /home/wu/colcon_ws/install/open_manipulator_x_bringup/share/open_manipulator_x_bringup/environment/ament_prefix_path.dsv
[0.496s] -- Symlinking: /home/wu/colcon_ws/install/open_manipulator_x_bringup/share/open_manipulator_x_bringup/environment/path.sh
[0.501s] -- Symlinking: /home/wu/colcon_ws/install/open_manipulator_x_bringup/share/open_manipulator_x_bringup/environment/path.dsv
[0.506s] -- Symlinking: /home/wu/colcon_ws/install/open_manipulator_x_bringup/share/open_manipulator_x_bringup/local_setup.bash
[0.511s] -- Symlinking: /home/wu/colcon_ws/install/open_manipulator_x_bringup/share/open_manipulator_x_bringup/local_setup.sh
[0.516s] -- Symlinking: /home/wu/colcon_ws/install/open_manipulator_x_bringup/share/open_manipulator_x_bringup/local_setup.zsh
[0.521s] -- Symlinking: /home/wu/colcon_ws/install/open_manipulator_x_bringup/share/open_manipulator_x_bringup/local_setup.dsv
[0.526s] -- Symlinking: /home/wu/colcon_ws/install/open_manipulator_x_bringup/share/open_manipulator_x_bringup/package.dsv
[0.531s] -- Symlinking: /home/wu/colcon_ws/install/open_manipulator_x_bringup/share/ament_index/resource_index/packages/open_manipulator_x_bringup
[0.536s] -- Symlinking: /home/wu/colcon_ws/install/open_manipulator_x_bringup/share/open_manipulator_x_bringup/cmake/open_manipulator_x_bringupConfig.cmake
[0.541s] -- Symlinking: /home/wu/colcon_ws/install/open_manipulator_x_bringup/share/open_manipulator_x_bringup/cmake/open_manipulator_x_bringupConfig-version.cmake
[0.546s] -- Symlinking: /home/wu/colcon_ws/install/open_manipulator_x_bringup/share/open_manipulator_x_bringup/package.xml
[0.552s] Invoked command in '/home/wu/colcon_ws/build/open_manipulator_x_bringup' returned '0': AMENT_PREFIX_PATH=/home/wu/colcon_ws/install/open_manipulator_x_description:${AMENT_PREFIX_PATH} CMAKE_PREFIX_PATH=/home/wu/colcon_ws/install/open_manipulator_x_description:/opt/ros/humble /usr/bin/cmake --install /home/wu/colcon_ws/build/open_manipulator_x_bringup
