[0.012s] Invoking command in '/home/wu/colcon_ws/build/open_manipulator_x_description': CMAKE_PREFIX_PATH=/opt/ros/humble /usr/bin/cmake /home/wu/colcon_ws/src/open_manipulator/open_manipulator_x_description -DAMENT_CMAKE_SYMLINK_INSTALL=1 -DCMAKE_INSTALL_PREFIX=/home/wu/colcon_ws/install/open_manipulator_x_description
[0.085s] -- The C compiler identification is GNU 11.4.0
[0.152s] -- The CXX compiler identification is GNU 11.4.0
[0.158s] -- Detecting C compiler ABI info
[0.203s] -- Detecting C compiler ABI info - done
[0.207s] -- Check for working C compiler: /usr/bin/cc - skipped
[0.207s] -- Detecting C compile features
[0.208s] -- Detecting C compile features - done
[0.210s] -- Detecting CXX compiler ABI info
[0.259s] -- Detecting CXX compiler ABI info - done
[0.267s] -- Check for working CXX compiler: /usr/bin/c++ - skipped
[0.267s] -- Detecting CXX compile features
[0.267s] -- Detecting CXX compile features - done
[0.269s] -- Found ament_cmake: 1.3.11 (/opt/ros/humble/share/ament_cmake/cmake)
[0.369s] -- Found Python3: /usr/bin/python3 (found version "3.10.12") found components: Interpreter 
[0.416s] -- Override CMake install command with custom implementation using symlinks instead of copying resources
[0.484s] -- Configuring done
[0.485s] -- Generating done
[0.486s] -- Build files have been written to: /home/wu/colcon_ws/build/open_manipulator_x_description
[0.488s] Invoked command in '/home/wu/colcon_ws/build/open_manipulator_x_description' returned '0': CMAKE_PREFIX_PATH=/opt/ros/humble /usr/bin/cmake /home/wu/colcon_ws/src/open_manipulator/open_manipulator_x_description -DAMENT_CMAKE_SYMLINK_INSTALL=1 -DCMAKE_INSTALL_PREFIX=/home/wu/colcon_ws/install/open_manipulator_x_description
[0.489s] Invoking command in '/home/wu/colcon_ws/build/open_manipulator_x_description': CMAKE_PREFIX_PATH=/opt/ros/humble /usr/bin/cmake --build /home/wu/colcon_ws/build/open_manipulator_x_description -- -j12 -l12
[0.510s] Invoked command in '/home/wu/colcon_ws/build/open_manipulator_x_description' returned '0': CMAKE_PREFIX_PATH=/opt/ros/humble /usr/bin/cmake --build /home/wu/colcon_ws/build/open_manipulator_x_description -- -j12 -l12
[0.516s] Invoking command in '/home/wu/colcon_ws/build/open_manipulator_x_description': CMAKE_PREFIX_PATH=/opt/ros/humble /usr/bin/cmake --install /home/wu/colcon_ws/build/open_manipulator_x_description
[0.520s] -- Install configuration: ""
[0.520s] -- Execute custom install script
[0.521s] -- Symlinking: /home/wu/colcon_ws/install/open_manipulator_x_description/share/open_manipulator_x_description/launch/model.launch.py
[0.526s] -- Symlinking: /home/wu/colcon_ws/install/open_manipulator_x_description/share/open_manipulator_x_description/meshes/Plate.stl
[0.531s] -- Symlinking: /home/wu/colcon_ws/install/open_manipulator_x_description/share/open_manipulator_x_description/meshes/gripper_left_palm.stl
[0.536s] -- Symlinking: /home/wu/colcon_ws/install/open_manipulator_x_description/share/open_manipulator_x_description/meshes/gripper_right_palm.stl
[0.540s] -- Symlinking: /home/wu/colcon_ws/install/open_manipulator_x_description/share/open_manipulator_x_description/meshes/link1.stl
[0.545s] -- Symlinking: /home/wu/colcon_ws/install/open_manipulator_x_description/share/open_manipulator_x_description/meshes/link2.stl
[0.550s] -- Symlinking: /home/wu/colcon_ws/install/open_manipulator_x_description/share/open_manipulator_x_description/meshes/link3.stl
[0.555s] -- Symlinking: /home/wu/colcon_ws/install/open_manipulator_x_description/share/open_manipulator_x_description/meshes/link4.stl
[0.559s] -- Symlinking: /home/wu/colcon_ws/install/open_manipulator_x_description/share/open_manipulator_x_description/meshes/link5.stl
[0.564s] -- Symlinking: /home/wu/colcon_ws/install/open_manipulator_x_description/share/open_manipulator_x_description/rviz/open_manipulator_x.rviz
[0.569s] -- Symlinking: /home/wu/colcon_ws/install/open_manipulator_x_description/share/open_manipulator_x_description/urdf/materials.xacro
[0.574s] -- Symlinking: /home/wu/colcon_ws/install/open_manipulator_x_description/share/open_manipulator_x_description/urdf/open_manipulator_x.urdf.xacro
[0.578s] -- Symlinking: /home/wu/colcon_ws/install/open_manipulator_x_description/share/open_manipulator_x_description/urdf/open_manipulator_x_robot.urdf.xacro
[0.583s] -- Symlinking: /home/wu/colcon_ws/install/open_manipulator_x_description/share/open_manipulator_x_description/gazebo/materials.xacro
[0.588s] -- Symlinking: /home/wu/colcon_ws/install/open_manipulator_x_description/share/open_manipulator_x_description/gazebo/open_manipulator_x.gazebo.xacro
[0.593s] -- Symlinking: /home/wu/colcon_ws/install/open_manipulator_x_description/share/open_manipulator_x_description/ros2_control/open_manipulator_x_system.ros2_control.xacro
[0.598s] -- Symlinking: /home/wu/colcon_ws/install/open_manipulator_x_description/share/open_manipulator_x_description/environment/open_manipulator_x_description.dsv
[0.603s] -- Symlinking: /home/wu/colcon_ws/install/open_manipulator_x_description/share/ament_index/resource_index/package_run_dependencies/open_manipulator_x_description
[0.607s] -- Symlinking: /home/wu/colcon_ws/install/open_manipulator_x_description/share/ament_index/resource_index/parent_prefix_path/open_manipulator_x_description
[0.612s] -- Symlinking: /home/wu/colcon_ws/install/open_manipulator_x_description/share/open_manipulator_x_description/environment/ament_prefix_path.sh
[0.617s] -- Symlinking: /home/wu/colcon_ws/install/open_manipulator_x_description/share/open_manipulator_x_description/environment/ament_prefix_path.dsv
[0.622s] -- Symlinking: /home/wu/colcon_ws/install/open_manipulator_x_description/share/open_manipulator_x_description/environment/path.sh
[0.627s] -- Symlinking: /home/wu/colcon_ws/install/open_manipulator_x_description/share/open_manipulator_x_description/environment/path.dsv
[0.633s] -- Symlinking: /home/wu/colcon_ws/install/open_manipulator_x_description/share/open_manipulator_x_description/local_setup.bash
[0.637s] -- Symlinking: /home/wu/colcon_ws/install/open_manipulator_x_description/share/open_manipulator_x_description/local_setup.sh
[0.642s] -- Symlinking: /home/wu/colcon_ws/install/open_manipulator_x_description/share/open_manipulator_x_description/local_setup.zsh
[0.647s] -- Symlinking: /home/wu/colcon_ws/install/open_manipulator_x_description/share/open_manipulator_x_description/local_setup.dsv
[0.652s] -- Symlinking: /home/wu/colcon_ws/install/open_manipulator_x_description/share/open_manipulator_x_description/package.dsv
[0.657s] -- Symlinking: /home/wu/colcon_ws/install/open_manipulator_x_description/share/ament_index/resource_index/packages/open_manipulator_x_description
[0.662s] -- Symlinking: /home/wu/colcon_ws/install/open_manipulator_x_description/share/open_manipulator_x_description/cmake/open_manipulator_x_descriptionConfig.cmake
[0.668s] -- Symlinking: /home/wu/colcon_ws/install/open_manipulator_x_description/share/open_manipulator_x_description/cmake/open_manipulator_x_descriptionConfig-version.cmake
[0.672s] -- Symlinking: /home/wu/colcon_ws/install/open_manipulator_x_description/share/open_manipulator_x_description/package.xml
[0.680s] Invoked command in '/home/wu/colcon_ws/build/open_manipulator_x_description' returned '0': CMAKE_PREFIX_PATH=/opt/ros/humble /usr/bin/cmake --install /home/wu/colcon_ws/build/open_manipulator_x_description
