[0.007s] Invoking command in '/home/wu/colcon_ws/build/open_manipulator': CMAKE_PREFIX_PATH=/home/wu/colcon_ws/install/open_manipulator_x_teleop:/home/wu/colcon_ws/install/open_manipulator_x_moveit_config:/home/wu/colcon_ws/install/open_manipulator_x_bringup:/home/wu/colcon_ws/install/open_manipulator_x_playground:/home/wu/colcon_ws/install/open_manipulator_x_gui:/home/wu/colcon_ws/install/open_manipulator_x_description:/home/wu/colcon_ws/install/open_manipulator:/home/wu/colcon_ws/install/dynamixel_interfaces:/opt/ros/humble /usr/bin/cmake /home/wu/colcon_ws/src/open_manipulator/open_manipulator -DCMAKE_INSTALL_PREFIX=/home/wu/colcon_ws/install/open_manipulator
[0.015s] -- Found ament_cmake: 1.3.11 (/opt/ros/humble/share/ament_cmake/cmake)
[0.093s] -- Override CMake install command with custom implementation using symlinks instead of copying resources
[0.143s] -- Configuring done
[0.145s] -- Generating done
[0.145s] -- Build files have been written to: /home/wu/colcon_ws/build/open_manipulator
[0.147s] Invoked command in '/home/wu/colcon_ws/build/open_manipulator' returned '0': CMAKE_PREFIX_PATH=/home/wu/colcon_ws/install/open_manipulator_x_teleop:/home/wu/colcon_ws/install/open_manipulator_x_moveit_config:/home/wu/colcon_ws/install/open_manipulator_x_bringup:/home/wu/colcon_ws/install/open_manipulator_x_playground:/home/wu/colcon_ws/install/open_manipulator_x_gui:/home/wu/colcon_ws/install/open_manipulator_x_description:/home/wu/colcon_ws/install/open_manipulator:/home/wu/colcon_ws/install/dynamixel_interfaces:/opt/ros/humble /usr/bin/cmake /home/wu/colcon_ws/src/open_manipulator/open_manipulator -DCMAKE_INSTALL_PREFIX=/home/wu/colcon_ws/install/open_manipulator
[0.148s] Invoking command in '/home/wu/colcon_ws/build/open_manipulator': CMAKE_PREFIX_PATH=/home/wu/colcon_ws/install/open_manipulator_x_teleop:/home/wu/colcon_ws/install/open_manipulator_x_moveit_config:/home/wu/colcon_ws/install/open_manipulator_x_bringup:/home/wu/colcon_ws/install/open_manipulator_x_playground:/home/wu/colcon_ws/install/open_manipulator_x_gui:/home/wu/colcon_ws/install/open_manipulator_x_description:/home/wu/colcon_ws/install/open_manipulator:/home/wu/colcon_ws/install/dynamixel_interfaces:/opt/ros/humble /usr/bin/cmake --build /home/wu/colcon_ws/build/open_manipulator -- -j12 -l12
[0.171s] Invoked command in '/home/wu/colcon_ws/build/open_manipulator' returned '0': CMAKE_PREFIX_PATH=/home/wu/colcon_ws/install/open_manipulator_x_teleop:/home/wu/colcon_ws/install/open_manipulator_x_moveit_config:/home/wu/colcon_ws/install/open_manipulator_x_bringup:/home/wu/colcon_ws/install/open_manipulator_x_playground:/home/wu/colcon_ws/install/open_manipulator_x_gui:/home/wu/colcon_ws/install/open_manipulator_x_description:/home/wu/colcon_ws/install/open_manipulator:/home/wu/colcon_ws/install/dynamixel_interfaces:/opt/ros/humble /usr/bin/cmake --build /home/wu/colcon_ws/build/open_manipulator -- -j12 -l12
[0.172s] Invoking command in '/home/wu/colcon_ws/build/open_manipulator': CMAKE_PREFIX_PATH=/home/wu/colcon_ws/install/open_manipulator_x_teleop:/home/wu/colcon_ws/install/open_manipulator_x_moveit_config:/home/wu/colcon_ws/install/open_manipulator_x_bringup:/home/wu/colcon_ws/install/open_manipulator_x_playground:/home/wu/colcon_ws/install/open_manipulator_x_gui:/home/wu/colcon_ws/install/open_manipulator_x_description:/home/wu/colcon_ws/install/open_manipulator:/home/wu/colcon_ws/install/dynamixel_interfaces:/opt/ros/humble /usr/bin/cmake --install /home/wu/colcon_ws/build/open_manipulator
[0.176s] -- Install configuration: ""
[0.176s] -- Execute custom install script
[0.176s] -- Up-to-date symlink: /home/wu/colcon_ws/install/open_manipulator/share/ament_index/resource_index/package_run_dependencies/open_manipulator
[0.176s] -- Up-to-date symlink: /home/wu/colcon_ws/install/open_manipulator/share/ament_index/resource_index/parent_prefix_path/open_manipulator
[0.176s] -- Up-to-date symlink: /home/wu/colcon_ws/install/open_manipulator/share/open_manipulator/environment/ament_prefix_path.sh
[0.177s] -- Up-to-date symlink: /home/wu/colcon_ws/install/open_manipulator/share/open_manipulator/environment/ament_prefix_path.dsv
[0.177s] -- Up-to-date symlink: /home/wu/colcon_ws/install/open_manipulator/share/open_manipulator/environment/path.sh
[0.177s] -- Up-to-date symlink: /home/wu/colcon_ws/install/open_manipulator/share/open_manipulator/environment/path.dsv
[0.177s] -- Up-to-date symlink: /home/wu/colcon_ws/install/open_manipulator/share/open_manipulator/local_setup.bash
[0.177s] -- Up-to-date symlink: /home/wu/colcon_ws/install/open_manipulator/share/open_manipulator/local_setup.sh
[0.177s] -- Up-to-date symlink: /home/wu/colcon_ws/install/open_manipulator/share/open_manipulator/local_setup.zsh
[0.177s] -- Up-to-date symlink: /home/wu/colcon_ws/install/open_manipulator/share/open_manipulator/local_setup.dsv
[0.177s] -- Symlinking: /home/wu/colcon_ws/install/open_manipulator/share/open_manipulator/package.dsv
[0.182s] -- Up-to-date symlink: /home/wu/colcon_ws/install/open_manipulator/share/ament_index/resource_index/packages/open_manipulator
[0.182s] -- Up-to-date symlink: /home/wu/colcon_ws/install/open_manipulator/share/open_manipulator/cmake/open_manipulatorConfig.cmake
[0.182s] -- Up-to-date symlink: /home/wu/colcon_ws/install/open_manipulator/share/open_manipulator/cmake/open_manipulatorConfig-version.cmake
[0.182s] -- Up-to-date symlink: /home/wu/colcon_ws/install/open_manipulator/share/open_manipulator/package.xml
[0.184s] Invoked command in '/home/wu/colcon_ws/build/open_manipulator' returned '0': CMAKE_PREFIX_PATH=/home/wu/colcon_ws/install/open_manipulator_x_teleop:/home/wu/colcon_ws/install/open_manipulator_x_moveit_config:/home/wu/colcon_ws/install/open_manipulator_x_bringup:/home/wu/colcon_ws/install/open_manipulator_x_playground:/home/wu/colcon_ws/install/open_manipulator_x_gui:/home/wu/colcon_ws/install/open_manipulator_x_description:/home/wu/colcon_ws/install/open_manipulator:/home/wu/colcon_ws/install/dynamixel_interfaces:/opt/ros/humble /usr/bin/cmake --install /home/wu/colcon_ws/build/open_manipulator
