[0.008s] Invoking command in '/home/wu/colcon_ws/build/dynamixel_interfaces': CMAKE_PREFIX_PATH=/opt/ros/humble /usr/bin/cmake /home/wu/colcon_ws/src/dynamixel_interfaces -DAMENT_CMAKE_SYMLINK_INSTALL=1 -DCMAKE_INSTALL_PREFIX=/home/wu/colcon_ws/install/dynamixel_interfaces
[0.080s] -- The C compiler identification is GNU 11.4.0
[0.147s] -- The CXX compiler identification is GNU 11.4.0
[0.153s] -- Detecting C compiler ABI info
[0.198s] -- Detecting C compiler ABI info - done
[0.206s] -- Check for working C compiler: /usr/bin/cc - skipped
[0.206s] -- Detecting C compile features
[0.207s] -- Detecting C compile features - done
[0.209s] -- Detecting CXX compiler ABI info
[0.255s] -- Detecting CXX compiler ABI info - done
[0.260s] -- Check for working CXX compiler: /usr/bin/c++ - skipped
[0.260s] -- Detecting CXX compile features
[0.261s] -- Detecting CXX compile features - done
[0.264s] -- Found ament_cmake: 1.3.11 (/opt/ros/humble/share/ament_cmake/cmake)
[0.364s] -- Found Python3: /usr/bin/python3 (found version "3.10.12") found components: Interpreter 
[0.411s] -- Override CMake install command with custom implementation using symlinks instead of copying resources
[0.435s] -- Found std_msgs: 4.2.4 (/opt/ros/humble/share/std_msgs/cmake)
[0.473s] -- Found rosidl_generator_c: 3.1.6 (/opt/ros/humble/share/rosidl_generator_c/cmake)
[0.479s] -- Found rosidl_adapter: 3.1.6 (/opt/ros/humble/share/rosidl_adapter/cmake)
[0.489s] -- Found rosidl_generator_cpp: 3.1.6 (/opt/ros/humble/share/rosidl_generator_cpp/cmake)
[0.501s] -- Using all available rosidl_typesupport_c: rosidl_typesupport_fastrtps_c;rosidl_typesupport_introspection_c
[0.515s] -- Using all available rosidl_typesupport_cpp: rosidl_typesupport_fastrtps_cpp;rosidl_typesupport_introspection_cpp
[0.538s] -- Found geometry_msgs: 4.2.4 (/opt/ros/humble/share/geometry_msgs/cmake)
[0.549s] -- Found rosidl_default_generators: 1.2.0 (/opt/ros/humble/share/rosidl_default_generators/cmake)
[0.768s] -- Found ament_cmake_ros: 0.10.0 (/opt/ros/humble/share/ament_cmake_ros/cmake)
[1.059s] -- Using all available rosidl_typesupport_c: rosidl_typesupport_fastrtps_c;rosidl_typesupport_introspection_c
[1.172s] -- Using all available rosidl_typesupport_cpp: rosidl_typesupport_fastrtps_cpp;rosidl_typesupport_introspection_cpp
[1.187s] -- Found PythonInterp: /usr/bin/python3 (found suitable version "3.10.12", minimum required is "3.6") 
[1.188s] -- Found python_cmake_module: 0.10.0 (/opt/ros/humble/share/python_cmake_module/cmake)
[1.206s] -- Found PythonLibs: /usr/lib/x86_64-linux-gnu/libpython3.10.so (found suitable version "3.10.12", minimum required is "3.5") 
[1.206s] -- Using PYTHON_EXECUTABLE: /usr/bin/python3
[1.206s] -- Using PYTHON_INCLUDE_DIRS: /usr/include/python3.10
[1.206s] -- Using PYTHON_LIBRARIES: /usr/lib/x86_64-linux-gnu/libpython3.10.so
[1.220s] -- Found PythonExtra: .so  
[1.262s] -- Found ament_lint_auto: 0.12.11 (/opt/ros/humble/share/ament_lint_auto/cmake)
[1.281s] -- Added test 'copyright' to check source files copyright and LICENSE
[1.284s] -- Added test 'lint_cmake' to check CMake code style
[1.286s] -- Added test 'xmllint' to check XML markup files
[1.288s] -- Configuring done
[1.313s] -- Generating done
[1.320s] -- Build files have been written to: /home/wu/colcon_ws/build/dynamixel_interfaces
[1.327s] Invoked command in '/home/wu/colcon_ws/build/dynamixel_interfaces' returned '0': CMAKE_PREFIX_PATH=/opt/ros/humble /usr/bin/cmake /home/wu/colcon_ws/src/dynamixel_interfaces -DAMENT_CMAKE_SYMLINK_INSTALL=1 -DCMAKE_INSTALL_PREFIX=/home/wu/colcon_ws/install/dynamixel_interfaces
[1.328s] Invoking command in '/home/wu/colcon_ws/build/dynamixel_interfaces': CMAKE_PREFIX_PATH=/opt/ros/humble /usr/bin/cmake --build /home/wu/colcon_ws/build/dynamixel_interfaces -- -j12 -l12
[1.352s] [  1%] [34m[1mGenerating C code for ROS interfaces[0m
[1.358s] [  3%] [34m[1mGenerating C++ code for ROS interfaces[0m
[1.363s] [  3%] Built target ament_cmake_python_symlink_dynamixel_interfaces
[1.537s] running egg_info
[1.538s] creating dynamixel_interfaces.egg-info
[1.538s] writing dynamixel_interfaces.egg-info/PKG-INFO
[1.538s] writing dependency_links to dynamixel_interfaces.egg-info/dependency_links.txt
[1.538s] writing top-level names to dynamixel_interfaces.egg-info/top_level.txt
[1.538s] writing manifest file 'dynamixel_interfaces.egg-info/SOURCES.txt'
[1.541s] reading manifest file 'dynamixel_interfaces.egg-info/SOURCES.txt'
[1.543s] writing manifest file 'dynamixel_interfaces.egg-info/SOURCES.txt'
[1.563s] [  3%] Built target ament_cmake_python_build_dynamixel_interfaces_egg
[1.942s] [  3%] Built target dynamixel_interfaces__cpp
[1.952s] [  7%] [34m[1mGenerating C++ type support dispatch for ROS interfaces[0m
[1.955s] [  7%] [34m[1mGenerating C++ type support for eProsima Fast-RTPS[0m
[1.955s] [  9%] [34m[1mGenerating C++ introspection for ROS interfaces[0m
[1.976s] [ 14%] [32mBuilding C object CMakeFiles/dynamixel_interfaces__rosidl_generator_c.dir/rosidl_generator_c/dynamixel_interfaces/srv/detail/reboot_dxl__functions.c.o[0m
[1.976s] [ 14%] [32mBuilding C object CMakeFiles/dynamixel_interfaces__rosidl_generator_c.dir/rosidl_generator_c/dynamixel_interfaces/msg/detail/dynamixel_state__functions.c.o[0m
[1.976s] [ 14%] [32mBuilding C object CMakeFiles/dynamixel_interfaces__rosidl_generator_c.dir/rosidl_generator_c/dynamixel_interfaces/srv/detail/set_data_to_dxl__functions.c.o[0m
[1.977s] [ 16%] [32mBuilding C object CMakeFiles/dynamixel_interfaces__rosidl_generator_c.dir/rosidl_generator_c/dynamixel_interfaces/srv/detail/get_data_from_dxl__functions.c.o[0m
[2.066s] [ 18%] [32m[1mLinking C shared library libdynamixel_interfaces__rosidl_generator_c.so[0m
[2.109s] [ 18%] Built target dynamixel_interfaces__rosidl_generator_c
[2.127s] [ 20%] [34m[1mGenerating C type support for eProsima Fast-RTPS[0m
[2.127s] [ 23%] [34m[1mGenerating C type support dispatch for ROS interfaces[0m
[2.127s] [ 23%] [34m[1mGenerating C introspection for ROS interfaces[0m
[2.545s] [ 25%] [32mBuilding CXX object CMakeFiles/dynamixel_interfaces__rosidl_typesupport_introspection_cpp.dir/rosidl_typesupport_introspection_cpp/dynamixel_interfaces/msg/detail/dynamixel_state__type_support.cpp.o[0m
[2.546s] [ 27%] [32mBuilding CXX object CMakeFiles/dynamixel_interfaces__rosidl_typesupport_introspection_cpp.dir/rosidl_typesupport_introspection_cpp/dynamixel_interfaces/srv/detail/get_data_from_dxl__type_support.cpp.o[0m
[2.556s] [ 29%] [32mBuilding CXX object CMakeFiles/dynamixel_interfaces__rosidl_typesupport_introspection_cpp.dir/rosidl_typesupport_introspection_cpp/dynamixel_interfaces/srv/detail/set_data_to_dxl__type_support.cpp.o[0m
[2.557s] [ 30%] [32mBuilding CXX object CMakeFiles/dynamixel_interfaces__rosidl_typesupport_introspection_cpp.dir/rosidl_typesupport_introspection_cpp/dynamixel_interfaces/srv/detail/reboot_dxl__type_support.cpp.o[0m
[2.561s] [ 32%] [32mBuilding CXX object CMakeFiles/dynamixel_interfaces__rosidl_typesupport_cpp.dir/rosidl_typesupport_cpp/dynamixel_interfaces/msg/dynamixel_state__type_support.cpp.o[0m
[2.575s] [ 34%] [32mBuilding CXX object CMakeFiles/dynamixel_interfaces__rosidl_typesupport_cpp.dir/rosidl_typesupport_cpp/dynamixel_interfaces/srv/reboot_dxl__type_support.cpp.o[0m
[2.575s] [ 36%] [32mBuilding CXX object CMakeFiles/dynamixel_interfaces__rosidl_typesupport_cpp.dir/rosidl_typesupport_cpp/dynamixel_interfaces/srv/set_data_to_dxl__type_support.cpp.o[0m
[2.594s] [ 38%] [32mBuilding CXX object CMakeFiles/dynamixel_interfaces__rosidl_typesupport_cpp.dir/rosidl_typesupport_cpp/dynamixel_interfaces/srv/get_data_from_dxl__type_support.cpp.o[0m
[2.697s] [ 40%] [32mBuilding CXX object CMakeFiles/dynamixel_interfaces__rosidl_typesupport_c.dir/rosidl_typesupport_c/dynamixel_interfaces/msg/dynamixel_state__type_support.cpp.o[0m
[2.756s] [ 41%] [32mBuilding CXX object CMakeFiles/dynamixel_interfaces__rosidl_typesupport_c.dir/rosidl_typesupport_c/dynamixel_interfaces/srv/get_data_from_dxl__type_support.cpp.o[0m
[2.840s] [ 43%] [32mBuilding CXX object CMakeFiles/dynamixel_interfaces__rosidl_typesupport_c.dir/rosidl_typesupport_c/dynamixel_interfaces/srv/set_data_to_dxl__type_support.cpp.o[0m
[2.842s] [ 45%] [32mBuilding CXX object CMakeFiles/dynamixel_interfaces__rosidl_typesupport_fastrtps_cpp.dir/rosidl_typesupport_fastrtps_cpp/dynamixel_interfaces/msg/detail/dds_fastrtps/dynamixel_state__type_support.cpp.o[0m
[2.918s] [ 47%] [32mBuilding CXX object CMakeFiles/dynamixel_interfaces__rosidl_typesupport_c.dir/rosidl_typesupport_c/dynamixel_interfaces/srv/reboot_dxl__type_support.cpp.o[0m
[2.968s] [ 49%] [32mBuilding CXX object CMakeFiles/dynamixel_interfaces__rosidl_typesupport_fastrtps_cpp.dir/rosidl_typesupport_fastrtps_cpp/dynamixel_interfaces/srv/detail/dds_fastrtps/get_data_from_dxl__type_support.cpp.o[0m
[2.977s] [ 50%] [32mBuilding CXX object CMakeFiles/dynamixel_interfaces__rosidl_typesupport_fastrtps_c.dir/rosidl_typesupport_fastrtps_c/dynamixel_interfaces/msg/detail/dynamixel_state__type_support_c.cpp.o[0m
[2.978s] [ 52%] [32m[1mLinking CXX shared library libdynamixel_interfaces__rosidl_typesupport_c.so[0m
[2.995s] [ 54%] [32mBuilding CXX object CMakeFiles/dynamixel_interfaces__rosidl_typesupport_fastrtps_cpp.dir/rosidl_typesupport_fastrtps_cpp/dynamixel_interfaces/srv/detail/dds_fastrtps/set_data_to_dxl__type_support.cpp.o[0m
[3.036s] [ 56%] [32mBuilding C object CMakeFiles/dynamixel_interfaces__rosidl_typesupport_introspection_c.dir/rosidl_typesupport_introspection_c/dynamixel_interfaces/msg/detail/dynamixel_state__type_support.c.o[0m
[3.071s] [ 56%] Built target dynamixel_interfaces__rosidl_typesupport_c
[3.083s] [ 58%] [32mBuilding CXX object CMakeFiles/dynamixel_interfaces__rosidl_typesupport_fastrtps_cpp.dir/rosidl_typesupport_fastrtps_cpp/dynamixel_interfaces/srv/detail/dds_fastrtps/reboot_dxl__type_support.cpp.o[0m
[3.092s] [ 60%] [32mBuilding CXX object CMakeFiles/dynamixel_interfaces__rosidl_typesupport_fastrtps_c.dir/rosidl_typesupport_fastrtps_c/dynamixel_interfaces/srv/detail/get_data_from_dxl__type_support_c.cpp.o[0m
[3.115s] [ 61%] [32m[1mLinking CXX shared library libdynamixel_interfaces__rosidl_typesupport_cpp.so[0m
[3.132s] [ 63%] [32mBuilding C object CMakeFiles/dynamixel_interfaces__rosidl_typesupport_introspection_c.dir/rosidl_typesupport_introspection_c/dynamixel_interfaces/srv/detail/get_data_from_dxl__type_support.c.o[0m
[3.211s] [ 63%] Built target dynamixel_interfaces__rosidl_typesupport_cpp
[3.222s] [ 65%] [32mBuilding C object CMakeFiles/dynamixel_interfaces__rosidl_typesupport_introspection_c.dir/rosidl_typesupport_introspection_c/dynamixel_interfaces/srv/detail/set_data_to_dxl__type_support.c.o[0m
[3.234s] [ 67%] [32mBuilding CXX object CMakeFiles/dynamixel_interfaces__rosidl_typesupport_fastrtps_c.dir/rosidl_typesupport_fastrtps_c/dynamixel_interfaces/srv/detail/set_data_to_dxl__type_support_c.cpp.o[0m
[3.278s] [ 69%] [32mBuilding CXX object CMakeFiles/dynamixel_interfaces__rosidl_typesupport_fastrtps_c.dir/rosidl_typesupport_fastrtps_c/dynamixel_interfaces/srv/detail/reboot_dxl__type_support_c.cpp.o[0m
[3.293s] [ 70%] [32mBuilding C object CMakeFiles/dynamixel_interfaces__rosidl_typesupport_introspection_c.dir/rosidl_typesupport_introspection_c/dynamixel_interfaces/srv/detail/reboot_dxl__type_support.c.o[0m
[3.331s] [ 72%] [32m[1mLinking C shared library libdynamixel_interfaces__rosidl_typesupport_introspection_c.so[0m
[3.399s] [ 72%] Built target dynamixel_interfaces__rosidl_typesupport_introspection_c
[3.589s] [ 74%] [32m[1mLinking CXX shared library libdynamixel_interfaces__rosidl_typesupport_introspection_cpp.so[0m
[3.666s] [ 76%] [32m[1mLinking CXX shared library libdynamixel_interfaces__rosidl_typesupport_fastrtps_cpp.so[0m
[3.711s] [ 76%] Built target dynamixel_interfaces__rosidl_typesupport_introspection_cpp
[3.771s] [ 76%] Built target dynamixel_interfaces__rosidl_typesupport_fastrtps_cpp
[3.783s] [ 78%] [32m[1mLinking CXX shared library libdynamixel_interfaces__rosidl_typesupport_fastrtps_c.so[0m
[3.872s] [ 78%] Built target dynamixel_interfaces__rosidl_typesupport_fastrtps_c
[3.892s] [ 78%] Built target dynamixel_interfaces
[3.914s] [ 80%] [34m[1mGenerating Python code for ROS interfaces[0m
[5.051s] [ 80%] Built target dynamixel_interfaces__py
[5.072s] [ 87%] [32mBuilding C object CMakeFiles/dynamixel_interfaces__rosidl_generator_py.dir/rosidl_generator_py/dynamixel_interfaces/srv/_set_data_to_dxl_s.c.o[0m
[5.072s] [ 87%] [32mBuilding C object CMakeFiles/dynamixel_interfaces__rosidl_generator_py.dir/rosidl_generator_py/dynamixel_interfaces/msg/_dynamixel_state_s.c.o[0m
[5.073s] [ 87%] [32mBuilding C object CMakeFiles/dynamixel_interfaces__rosidl_generator_py.dir/rosidl_generator_py/dynamixel_interfaces/srv/_get_data_from_dxl_s.c.o[0m
[5.073s] [ 87%] [32mBuilding C object CMakeFiles/dynamixel_interfaces__rosidl_generator_py.dir/rosidl_generator_py/dynamixel_interfaces/srv/_reboot_dxl_s.c.o[0m
[5.224s] [ 89%] [32m[1mLinking C shared library rosidl_generator_py/dynamixel_interfaces/libdynamixel_interfaces__rosidl_generator_py.so[0m
[5.272s] [ 89%] Built target dynamixel_interfaces__rosidl_generator_py
[5.294s] [ 92%] [32mBuilding C object CMakeFiles/dynamixel_interfaces__rosidl_typesupport_fastrtps_c__pyext.dir/rosidl_generator_py/dynamixel_interfaces/_dynamixel_interfaces_s.ep.rosidl_typesupport_fastrtps_c.c.o[0m
[5.295s] [ 92%] [32mBuilding C object CMakeFiles/dynamixel_interfaces__rosidl_typesupport_introspection_c__pyext.dir/rosidl_generator_py/dynamixel_interfaces/_dynamixel_interfaces_s.ep.rosidl_typesupport_introspection_c.c.o[0m
[5.295s] [ 94%] [32mBuilding C object CMakeFiles/dynamixel_interfaces__rosidl_typesupport_c__pyext.dir/rosidl_generator_py/dynamixel_interfaces/_dynamixel_interfaces_s.ep.rosidl_typesupport_c.c.o[0m
[5.410s] [ 96%] [32m[1mLinking C shared library rosidl_generator_py/dynamixel_interfaces/dynamixel_interfaces_s__rosidl_typesupport_c.cpython-310-x86_64-linux-gnu.so[0m
[5.418s] [ 98%] [32m[1mLinking C shared library rosidl_generator_py/dynamixel_interfaces/dynamixel_interfaces_s__rosidl_typesupport_fastrtps_c.cpython-310-x86_64-linux-gnu.so[0m
[5.425s] [100%] [32m[1mLinking C shared library rosidl_generator_py/dynamixel_interfaces/dynamixel_interfaces_s__rosidl_typesupport_introspection_c.cpython-310-x86_64-linux-gnu.so[0m
[5.449s] [100%] Built target dynamixel_interfaces__rosidl_typesupport_c__pyext
[5.464s] [100%] Built target dynamixel_interfaces__rosidl_typesupport_fastrtps_c__pyext
[5.464s] [100%] Built target dynamixel_interfaces__rosidl_typesupport_introspection_c__pyext
[5.474s] Invoked command in '/home/wu/colcon_ws/build/dynamixel_interfaces' returned '0': CMAKE_PREFIX_PATH=/opt/ros/humble /usr/bin/cmake --build /home/wu/colcon_ws/build/dynamixel_interfaces -- -j12 -l12
[5.475s] Invoking command in '/home/wu/colcon_ws/build/dynamixel_interfaces': CMAKE_PREFIX_PATH=/opt/ros/humble /usr/bin/cmake --install /home/wu/colcon_ws/build/dynamixel_interfaces
[5.483s] -- Install configuration: ""
[5.483s] -- Execute custom install script
[5.483s] -- Symlinking: /home/wu/colcon_ws/install/dynamixel_interfaces/share/ament_index/resource_index/rosidl_interfaces/dynamixel_interfaces
[5.492s] -- Symlinking: /home/wu/colcon_ws/install/dynamixel_interfaces/include/dynamixel_interfaces/dynamixel_interfaces/msg/detail/dynamixel_state__functions.h
[5.499s] -- Symlinking: /home/wu/colcon_ws/install/dynamixel_interfaces/include/dynamixel_interfaces/dynamixel_interfaces/msg/detail/dynamixel_state__struct.h
[5.506s] -- Symlinking: /home/wu/colcon_ws/install/dynamixel_interfaces/include/dynamixel_interfaces/dynamixel_interfaces/msg/detail/dynamixel_state__type_support.h
[5.514s] -- Symlinking: /home/wu/colcon_ws/install/dynamixel_interfaces/include/dynamixel_interfaces/dynamixel_interfaces/msg/dynamixel_state.h
[5.520s] -- Symlinking: /home/wu/colcon_ws/install/dynamixel_interfaces/include/dynamixel_interfaces/dynamixel_interfaces/msg/rosidl_generator_c__visibility_control.h
[5.528s] -- Symlinking: /home/wu/colcon_ws/install/dynamixel_interfaces/include/dynamixel_interfaces/dynamixel_interfaces/srv/detail/get_data_from_dxl__functions.h
[5.535s] -- Symlinking: /home/wu/colcon_ws/install/dynamixel_interfaces/include/dynamixel_interfaces/dynamixel_interfaces/srv/detail/get_data_from_dxl__struct.h
[5.542s] -- Symlinking: /home/wu/colcon_ws/install/dynamixel_interfaces/include/dynamixel_interfaces/dynamixel_interfaces/srv/detail/get_data_from_dxl__type_support.h
[5.549s] -- Symlinking: /home/wu/colcon_ws/install/dynamixel_interfaces/include/dynamixel_interfaces/dynamixel_interfaces/srv/detail/reboot_dxl__functions.h
[5.556s] -- Symlinking: /home/wu/colcon_ws/install/dynamixel_interfaces/include/dynamixel_interfaces/dynamixel_interfaces/srv/detail/reboot_dxl__struct.h
[5.564s] -- Symlinking: /home/wu/colcon_ws/install/dynamixel_interfaces/include/dynamixel_interfaces/dynamixel_interfaces/srv/detail/reboot_dxl__type_support.h
[5.570s] -- Symlinking: /home/wu/colcon_ws/install/dynamixel_interfaces/include/dynamixel_interfaces/dynamixel_interfaces/srv/detail/set_data_to_dxl__functions.h
[5.577s] -- Symlinking: /home/wu/colcon_ws/install/dynamixel_interfaces/include/dynamixel_interfaces/dynamixel_interfaces/srv/detail/set_data_to_dxl__struct.h
[5.584s] -- Symlinking: /home/wu/colcon_ws/install/dynamixel_interfaces/include/dynamixel_interfaces/dynamixel_interfaces/srv/detail/set_data_to_dxl__type_support.h
[5.591s] -- Symlinking: /home/wu/colcon_ws/install/dynamixel_interfaces/include/dynamixel_interfaces/dynamixel_interfaces/srv/get_data_from_dxl.h
[5.598s] -- Symlinking: /home/wu/colcon_ws/install/dynamixel_interfaces/include/dynamixel_interfaces/dynamixel_interfaces/srv/reboot_dxl.h
[5.605s] -- Symlinking: /home/wu/colcon_ws/install/dynamixel_interfaces/include/dynamixel_interfaces/dynamixel_interfaces/srv/set_data_to_dxl.h
[5.612s] -- Symlinking: /home/wu/colcon_ws/install/dynamixel_interfaces/share/dynamixel_interfaces/environment/library_path.sh
[5.619s] -- Symlinking: /home/wu/colcon_ws/install/dynamixel_interfaces/share/dynamixel_interfaces/environment/library_path.dsv
[5.626s] -- Symlinking: /home/wu/colcon_ws/install/dynamixel_interfaces/include/dynamixel_interfaces/dynamixel_interfaces/msg/detail/dynamixel_state__rosidl_typesupport_fastrtps_c.h
[5.634s] -- Symlinking: /home/wu/colcon_ws/install/dynamixel_interfaces/include/dynamixel_interfaces/dynamixel_interfaces/msg/rosidl_typesupport_fastrtps_c__visibility_control.h
[5.641s] -- Symlinking: /home/wu/colcon_ws/install/dynamixel_interfaces/include/dynamixel_interfaces/dynamixel_interfaces/srv/detail/get_data_from_dxl__rosidl_typesupport_fastrtps_c.h
[5.650s] -- Symlinking: /home/wu/colcon_ws/install/dynamixel_interfaces/include/dynamixel_interfaces/dynamixel_interfaces/srv/detail/reboot_dxl__rosidl_typesupport_fastrtps_c.h
[5.659s] -- Symlinking: /home/wu/colcon_ws/install/dynamixel_interfaces/include/dynamixel_interfaces/dynamixel_interfaces/srv/detail/set_data_to_dxl__rosidl_typesupport_fastrtps_c.h
[5.667s] -- Symlinking: /home/wu/colcon_ws/install/dynamixel_interfaces/include/dynamixel_interfaces/dynamixel_interfaces/msg/detail/dynamixel_state__builder.hpp
[5.673s] -- Symlinking: /home/wu/colcon_ws/install/dynamixel_interfaces/include/dynamixel_interfaces/dynamixel_interfaces/msg/detail/dynamixel_state__struct.hpp
[5.680s] -- Symlinking: /home/wu/colcon_ws/install/dynamixel_interfaces/include/dynamixel_interfaces/dynamixel_interfaces/msg/detail/dynamixel_state__traits.hpp
[5.686s] -- Symlinking: /home/wu/colcon_ws/install/dynamixel_interfaces/include/dynamixel_interfaces/dynamixel_interfaces/msg/detail/dynamixel_state__type_support.hpp
[5.693s] -- Symlinking: /home/wu/colcon_ws/install/dynamixel_interfaces/include/dynamixel_interfaces/dynamixel_interfaces/msg/dynamixel_state.hpp
[5.700s] -- Symlinking: /home/wu/colcon_ws/install/dynamixel_interfaces/include/dynamixel_interfaces/dynamixel_interfaces/msg/rosidl_generator_cpp__visibility_control.hpp
[5.706s] -- Symlinking: /home/wu/colcon_ws/install/dynamixel_interfaces/include/dynamixel_interfaces/dynamixel_interfaces/srv/detail/get_data_from_dxl__builder.hpp
[5.713s] -- Symlinking: /home/wu/colcon_ws/install/dynamixel_interfaces/include/dynamixel_interfaces/dynamixel_interfaces/srv/detail/get_data_from_dxl__struct.hpp
[5.719s] -- Symlinking: /home/wu/colcon_ws/install/dynamixel_interfaces/include/dynamixel_interfaces/dynamixel_interfaces/srv/detail/get_data_from_dxl__traits.hpp
[5.728s] -- Symlinking: /home/wu/colcon_ws/install/dynamixel_interfaces/include/dynamixel_interfaces/dynamixel_interfaces/srv/detail/get_data_from_dxl__type_support.hpp
[5.733s] -- Symlinking: /home/wu/colcon_ws/install/dynamixel_interfaces/include/dynamixel_interfaces/dynamixel_interfaces/srv/detail/reboot_dxl__builder.hpp
[5.739s] -- Symlinking: /home/wu/colcon_ws/install/dynamixel_interfaces/include/dynamixel_interfaces/dynamixel_interfaces/srv/detail/reboot_dxl__struct.hpp
[5.746s] -- Symlinking: /home/wu/colcon_ws/install/dynamixel_interfaces/include/dynamixel_interfaces/dynamixel_interfaces/srv/detail/reboot_dxl__traits.hpp
[5.753s] -- Symlinking: /home/wu/colcon_ws/install/dynamixel_interfaces/include/dynamixel_interfaces/dynamixel_interfaces/srv/detail/reboot_dxl__type_support.hpp
[5.760s] -- Symlinking: /home/wu/colcon_ws/install/dynamixel_interfaces/include/dynamixel_interfaces/dynamixel_interfaces/srv/detail/set_data_to_dxl__builder.hpp
[5.768s] -- Symlinking: /home/wu/colcon_ws/install/dynamixel_interfaces/include/dynamixel_interfaces/dynamixel_interfaces/srv/detail/set_data_to_dxl__struct.hpp
[5.775s] -- Symlinking: /home/wu/colcon_ws/install/dynamixel_interfaces/include/dynamixel_interfaces/dynamixel_interfaces/srv/detail/set_data_to_dxl__traits.hpp
[5.783s] -- Symlinking: /home/wu/colcon_ws/install/dynamixel_interfaces/include/dynamixel_interfaces/dynamixel_interfaces/srv/detail/set_data_to_dxl__type_support.hpp
[5.792s] -- Symlinking: /home/wu/colcon_ws/install/dynamixel_interfaces/include/dynamixel_interfaces/dynamixel_interfaces/srv/get_data_from_dxl.hpp
[5.800s] -- Symlinking: /home/wu/colcon_ws/install/dynamixel_interfaces/include/dynamixel_interfaces/dynamixel_interfaces/srv/reboot_dxl.hpp
[5.807s] -- Symlinking: /home/wu/colcon_ws/install/dynamixel_interfaces/include/dynamixel_interfaces/dynamixel_interfaces/srv/set_data_to_dxl.hpp
[5.814s] -- Symlinking: /home/wu/colcon_ws/install/dynamixel_interfaces/include/dynamixel_interfaces/dynamixel_interfaces/msg/detail/dynamixel_state__rosidl_typesupport_fastrtps_cpp.hpp
[5.822s] -- Symlinking: /home/wu/colcon_ws/install/dynamixel_interfaces/include/dynamixel_interfaces/dynamixel_interfaces/msg/rosidl_typesupport_fastrtps_cpp__visibility_control.h
[5.829s] -- Symlinking: /home/wu/colcon_ws/install/dynamixel_interfaces/include/dynamixel_interfaces/dynamixel_interfaces/srv/detail/get_data_from_dxl__rosidl_typesupport_fastrtps_cpp.hpp
[5.835s] -- Symlinking: /home/wu/colcon_ws/install/dynamixel_interfaces/include/dynamixel_interfaces/dynamixel_interfaces/srv/detail/reboot_dxl__rosidl_typesupport_fastrtps_cpp.hpp
[5.842s] -- Symlinking: /home/wu/colcon_ws/install/dynamixel_interfaces/include/dynamixel_interfaces/dynamixel_interfaces/srv/detail/set_data_to_dxl__rosidl_typesupport_fastrtps_cpp.hpp
[5.849s] -- Symlinking: /home/wu/colcon_ws/install/dynamixel_interfaces/include/dynamixel_interfaces/dynamixel_interfaces/msg/detail/dynamixel_state__rosidl_typesupport_introspection_c.h
[5.857s] -- Symlinking: /home/wu/colcon_ws/install/dynamixel_interfaces/include/dynamixel_interfaces/dynamixel_interfaces/msg/rosidl_typesupport_introspection_c__visibility_control.h
[5.863s] -- Symlinking: /home/wu/colcon_ws/install/dynamixel_interfaces/include/dynamixel_interfaces/dynamixel_interfaces/srv/detail/get_data_from_dxl__rosidl_typesupport_introspection_c.h
[5.870s] -- Symlinking: /home/wu/colcon_ws/install/dynamixel_interfaces/include/dynamixel_interfaces/dynamixel_interfaces/srv/detail/reboot_dxl__rosidl_typesupport_introspection_c.h
[5.877s] -- Symlinking: /home/wu/colcon_ws/install/dynamixel_interfaces/include/dynamixel_interfaces/dynamixel_interfaces/srv/detail/set_data_to_dxl__rosidl_typesupport_introspection_c.h
[5.885s] -- Symlinking: /home/wu/colcon_ws/install/dynamixel_interfaces/include/dynamixel_interfaces/dynamixel_interfaces/msg/detail/dynamixel_state__rosidl_typesupport_introspection_cpp.hpp
[5.891s] -- Symlinking: /home/wu/colcon_ws/install/dynamixel_interfaces/include/dynamixel_interfaces/dynamixel_interfaces/srv/detail/get_data_from_dxl__rosidl_typesupport_introspection_cpp.hpp
[5.898s] -- Symlinking: /home/wu/colcon_ws/install/dynamixel_interfaces/include/dynamixel_interfaces/dynamixel_interfaces/srv/detail/reboot_dxl__rosidl_typesupport_introspection_cpp.hpp
[5.905s] -- Symlinking: /home/wu/colcon_ws/install/dynamixel_interfaces/include/dynamixel_interfaces/dynamixel_interfaces/srv/detail/set_data_to_dxl__rosidl_typesupport_introspection_cpp.hpp
[5.914s] -- Symlinking: /home/wu/colcon_ws/install/dynamixel_interfaces/share/dynamixel_interfaces/environment/pythonpath.sh
[5.922s] -- Symlinking: /home/wu/colcon_ws/install/dynamixel_interfaces/share/dynamixel_interfaces/environment/pythonpath.dsv
[5.930s] -- Symlinking: /home/wu/colcon_ws/install/dynamixel_interfaces/local/lib/python3.10/dist-packages/dynamixel_interfaces-1.0.0-py3.10.egg-info/PKG-INFO
[5.937s] -- Symlinking: /home/wu/colcon_ws/install/dynamixel_interfaces/local/lib/python3.10/dist-packages/dynamixel_interfaces-1.0.0-py3.10.egg-info/SOURCES.txt
[5.944s] -- Symlinking: /home/wu/colcon_ws/install/dynamixel_interfaces/local/lib/python3.10/dist-packages/dynamixel_interfaces-1.0.0-py3.10.egg-info/dependency_links.txt
[5.951s] -- Symlinking: /home/wu/colcon_ws/install/dynamixel_interfaces/local/lib/python3.10/dist-packages/dynamixel_interfaces-1.0.0-py3.10.egg-info/top_level.txt
[5.961s] -- Symlinking: /home/wu/colcon_ws/install/dynamixel_interfaces/local/lib/python3.10/dist-packages/dynamixel_interfaces/__init__.py
[5.968s] -- Symlinking: /home/wu/colcon_ws/install/dynamixel_interfaces/local/lib/python3.10/dist-packages/dynamixel_interfaces/_dynamixel_interfaces_s.ep.rosidl_typesupport_c.c
[5.976s] -- Symlinking: /home/wu/colcon_ws/install/dynamixel_interfaces/local/lib/python3.10/dist-packages/dynamixel_interfaces/_dynamixel_interfaces_s.ep.rosidl_typesupport_fastrtps_c.c
[5.983s] -- Symlinking: /home/wu/colcon_ws/install/dynamixel_interfaces/local/lib/python3.10/dist-packages/dynamixel_interfaces/_dynamixel_interfaces_s.ep.rosidl_typesupport_introspection_c.c
[5.990s] -- Symlinking: /home/wu/colcon_ws/install/dynamixel_interfaces/local/lib/python3.10/dist-packages/dynamixel_interfaces/dynamixel_interfaces_s__rosidl_typesupport_c.cpython-310-x86_64-linux-gnu.so
[5.998s] -- Symlinking: /home/wu/colcon_ws/install/dynamixel_interfaces/local/lib/python3.10/dist-packages/dynamixel_interfaces/dynamixel_interfaces_s__rosidl_typesupport_fastrtps_c.cpython-310-x86_64-linux-gnu.so
[6.006s] -- Symlinking: /home/wu/colcon_ws/install/dynamixel_interfaces/local/lib/python3.10/dist-packages/dynamixel_interfaces/dynamixel_interfaces_s__rosidl_typesupport_introspection_c.cpython-310-x86_64-linux-gnu.so
[6.017s] -- Symlinking: /home/wu/colcon_ws/install/dynamixel_interfaces/local/lib/python3.10/dist-packages/dynamixel_interfaces/libdynamixel_interfaces__rosidl_generator_py.so
[6.029s] -- Symlinking: /home/wu/colcon_ws/install/dynamixel_interfaces/local/lib/python3.10/dist-packages/dynamixel_interfaces/msg/__init__.py
[6.040s] -- Symlinking: /home/wu/colcon_ws/install/dynamixel_interfaces/local/lib/python3.10/dist-packages/dynamixel_interfaces/msg/_dynamixel_state.py
[6.052s] -- Symlinking: /home/wu/colcon_ws/install/dynamixel_interfaces/local/lib/python3.10/dist-packages/dynamixel_interfaces/msg/_dynamixel_state_s.c
[6.062s] -- Symlinking: /home/wu/colcon_ws/install/dynamixel_interfaces/local/lib/python3.10/dist-packages/dynamixel_interfaces/srv/__init__.py
[6.072s] -- Symlinking: /home/wu/colcon_ws/install/dynamixel_interfaces/local/lib/python3.10/dist-packages/dynamixel_interfaces/srv/_get_data_from_dxl.py
[6.082s] -- Symlinking: /home/wu/colcon_ws/install/dynamixel_interfaces/local/lib/python3.10/dist-packages/dynamixel_interfaces/srv/_get_data_from_dxl_s.c
[6.092s] -- Symlinking: /home/wu/colcon_ws/install/dynamixel_interfaces/local/lib/python3.10/dist-packages/dynamixel_interfaces/srv/_reboot_dxl.py
[6.104s] -- Symlinking: /home/wu/colcon_ws/install/dynamixel_interfaces/local/lib/python3.10/dist-packages/dynamixel_interfaces/srv/_reboot_dxl_s.c
[6.114s] -- Symlinking: /home/wu/colcon_ws/install/dynamixel_interfaces/local/lib/python3.10/dist-packages/dynamixel_interfaces/srv/_set_data_to_dxl.py
[6.124s] -- Symlinking: /home/wu/colcon_ws/install/dynamixel_interfaces/local/lib/python3.10/dist-packages/dynamixel_interfaces/srv/_set_data_to_dxl_s.c
[6.133s] -- Up-to-date symlink: /home/wu/colcon_ws/install/dynamixel_interfaces/local/lib/python3.10/dist-packages/dynamixel_interfaces/dynamixel_interfaces_s__rosidl_typesupport_fastrtps_c.cpython-310-x86_64-linux-gnu.so
[6.133s] -- Up-to-date symlink: /home/wu/colcon_ws/install/dynamixel_interfaces/local/lib/python3.10/dist-packages/dynamixel_interfaces/dynamixel_interfaces_s__rosidl_typesupport_introspection_c.cpython-310-x86_64-linux-gnu.so
[6.133s] -- Up-to-date symlink: /home/wu/colcon_ws/install/dynamixel_interfaces/local/lib/python3.10/dist-packages/dynamixel_interfaces/dynamixel_interfaces_s__rosidl_typesupport_c.cpython-310-x86_64-linux-gnu.so
[6.134s] -- Symlinking: /home/wu/colcon_ws/install/dynamixel_interfaces/share/dynamixel_interfaces/msg/DynamixelState.idl
[6.143s] -- Symlinking: /home/wu/colcon_ws/install/dynamixel_interfaces/share/dynamixel_interfaces/srv/GetDataFromDxl.idl
[6.152s] -- Symlinking: /home/wu/colcon_ws/install/dynamixel_interfaces/share/dynamixel_interfaces/srv/SetDataToDxl.idl
[6.162s] -- Symlinking: /home/wu/colcon_ws/install/dynamixel_interfaces/share/dynamixel_interfaces/srv/RebootDxl.idl
[6.172s] -- Symlinking: /home/wu/colcon_ws/install/dynamixel_interfaces/share/dynamixel_interfaces/msg/DynamixelState.msg
[6.181s] -- Symlinking: /home/wu/colcon_ws/install/dynamixel_interfaces/share/dynamixel_interfaces/srv/GetDataFromDxl.srv
[6.191s] -- Symlinking: /home/wu/colcon_ws/install/dynamixel_interfaces/share/dynamixel_interfaces/srv/GetDataFromDxl_Request.msg
[6.201s] -- Symlinking: /home/wu/colcon_ws/install/dynamixel_interfaces/share/dynamixel_interfaces/srv/GetDataFromDxl_Response.msg
[6.210s] -- Symlinking: /home/wu/colcon_ws/install/dynamixel_interfaces/share/dynamixel_interfaces/srv/SetDataToDxl.srv
[6.220s] -- Symlinking: /home/wu/colcon_ws/install/dynamixel_interfaces/share/dynamixel_interfaces/srv/SetDataToDxl_Request.msg
[6.229s] -- Symlinking: /home/wu/colcon_ws/install/dynamixel_interfaces/share/dynamixel_interfaces/srv/SetDataToDxl_Response.msg
[6.239s] -- Symlinking: /home/wu/colcon_ws/install/dynamixel_interfaces/share/dynamixel_interfaces/srv/RebootDxl.srv
[6.248s] -- Symlinking: /home/wu/colcon_ws/install/dynamixel_interfaces/share/dynamixel_interfaces/srv/RebootDxl_Request.msg
[6.258s] -- Symlinking: /home/wu/colcon_ws/install/dynamixel_interfaces/share/dynamixel_interfaces/srv/RebootDxl_Response.msg
[6.267s] -- Symlinking: /home/wu/colcon_ws/install/dynamixel_interfaces/share/ament_index/resource_index/package_run_dependencies/dynamixel_interfaces
[6.278s] -- Symlinking: /home/wu/colcon_ws/install/dynamixel_interfaces/share/ament_index/resource_index/parent_prefix_path/dynamixel_interfaces
[6.288s] -- Symlinking: /home/wu/colcon_ws/install/dynamixel_interfaces/share/dynamixel_interfaces/environment/ament_prefix_path.sh
[6.297s] -- Symlinking: /home/wu/colcon_ws/install/dynamixel_interfaces/share/dynamixel_interfaces/environment/ament_prefix_path.dsv
[6.307s] -- Symlinking: /home/wu/colcon_ws/install/dynamixel_interfaces/share/dynamixel_interfaces/environment/path.sh
[6.317s] -- Symlinking: /home/wu/colcon_ws/install/dynamixel_interfaces/share/dynamixel_interfaces/environment/path.dsv
[6.326s] -- Symlinking: /home/wu/colcon_ws/install/dynamixel_interfaces/share/dynamixel_interfaces/local_setup.bash
[6.336s] -- Symlinking: /home/wu/colcon_ws/install/dynamixel_interfaces/share/dynamixel_interfaces/local_setup.sh
[6.345s] -- Symlinking: /home/wu/colcon_ws/install/dynamixel_interfaces/share/dynamixel_interfaces/local_setup.zsh
[6.355s] -- Symlinking: /home/wu/colcon_ws/install/dynamixel_interfaces/share/dynamixel_interfaces/local_setup.dsv
[6.365s] -- Symlinking: /home/wu/colcon_ws/install/dynamixel_interfaces/share/dynamixel_interfaces/package.dsv
[6.374s] -- Symlinking: /home/wu/colcon_ws/install/dynamixel_interfaces/share/ament_index/resource_index/packages/dynamixel_interfaces
[6.384s] -- Symlinking: /home/wu/colcon_ws/install/dynamixel_interfaces/share/dynamixel_interfaces/cmake/rosidl_cmake-extras.cmake
[6.394s] -- Symlinking: /home/wu/colcon_ws/install/dynamixel_interfaces/share/dynamixel_interfaces/cmake/ament_cmake_export_dependencies-extras.cmake
[6.403s] -- Symlinking: /home/wu/colcon_ws/install/dynamixel_interfaces/share/dynamixel_interfaces/cmake/ament_cmake_export_include_directories-extras.cmake
[6.412s] -- Symlinking: /home/wu/colcon_ws/install/dynamixel_interfaces/share/dynamixel_interfaces/cmake/ament_cmake_export_libraries-extras.cmake
[6.421s] -- Symlinking: /home/wu/colcon_ws/install/dynamixel_interfaces/share/dynamixel_interfaces/cmake/ament_cmake_export_targets-extras.cmake
[6.431s] -- Symlinking: /home/wu/colcon_ws/install/dynamixel_interfaces/share/dynamixel_interfaces/cmake/rosidl_cmake_export_typesupport_targets-extras.cmake
[6.440s] -- Symlinking: /home/wu/colcon_ws/install/dynamixel_interfaces/share/dynamixel_interfaces/cmake/rosidl_cmake_export_typesupport_libraries-extras.cmake
[6.449s] -- Symlinking: /home/wu/colcon_ws/install/dynamixel_interfaces/share/dynamixel_interfaces/cmake/dynamixel_interfacesConfig.cmake
[6.459s] -- Symlinking: /home/wu/colcon_ws/install/dynamixel_interfaces/share/dynamixel_interfaces/cmake/dynamixel_interfacesConfig-version.cmake
[6.469s] -- Symlinking: /home/wu/colcon_ws/install/dynamixel_interfaces/share/dynamixel_interfaces/package.xml
[6.479s] -- Installing: /home/wu/colcon_ws/install/dynamixel_interfaces/lib/libdynamixel_interfaces__rosidl_generator_c.so
[6.479s] -- Set runtime path of "/home/wu/colcon_ws/install/dynamixel_interfaces/lib/libdynamixel_interfaces__rosidl_generator_c.so" to ""
[6.479s] -- Installing: /home/wu/colcon_ws/install/dynamixel_interfaces/lib/libdynamixel_interfaces__rosidl_typesupport_fastrtps_c.so
[6.479s] -- Set runtime path of "/home/wu/colcon_ws/install/dynamixel_interfaces/lib/libdynamixel_interfaces__rosidl_typesupport_fastrtps_c.so" to ""
[6.480s] -- Installing: /home/wu/colcon_ws/install/dynamixel_interfaces/lib/libdynamixel_interfaces__rosidl_typesupport_fastrtps_cpp.so
[6.480s] -- Set runtime path of "/home/wu/colcon_ws/install/dynamixel_interfaces/lib/libdynamixel_interfaces__rosidl_typesupport_fastrtps_cpp.so" to ""
[6.480s] -- Installing: /home/wu/colcon_ws/install/dynamixel_interfaces/lib/libdynamixel_interfaces__rosidl_typesupport_introspection_c.so
[6.480s] -- Set runtime path of "/home/wu/colcon_ws/install/dynamixel_interfaces/lib/libdynamixel_interfaces__rosidl_typesupport_introspection_c.so" to ""
[6.480s] -- Installing: /home/wu/colcon_ws/install/dynamixel_interfaces/lib/libdynamixel_interfaces__rosidl_typesupport_c.so
[6.480s] -- Set runtime path of "/home/wu/colcon_ws/install/dynamixel_interfaces/lib/libdynamixel_interfaces__rosidl_typesupport_c.so" to ""
[6.480s] -- Installing: /home/wu/colcon_ws/install/dynamixel_interfaces/lib/libdynamixel_interfaces__rosidl_typesupport_introspection_cpp.so
[6.480s] -- Set runtime path of "/home/wu/colcon_ws/install/dynamixel_interfaces/lib/libdynamixel_interfaces__rosidl_typesupport_introspection_cpp.so" to ""
[6.481s] -- Installing: /home/wu/colcon_ws/install/dynamixel_interfaces/lib/libdynamixel_interfaces__rosidl_typesupport_cpp.so
[6.481s] -- Set runtime path of "/home/wu/colcon_ws/install/dynamixel_interfaces/lib/libdynamixel_interfaces__rosidl_typesupport_cpp.so" to ""
[6.524s] Listing '/home/wu/colcon_ws/install/dynamixel_interfaces/local/lib/python3.10/dist-packages/dynamixel_interfaces'...
[6.524s] Compiling '/home/wu/colcon_ws/install/dynamixel_interfaces/local/lib/python3.10/dist-packages/dynamixel_interfaces/__init__.py'...
[6.524s] Listing '/home/wu/colcon_ws/install/dynamixel_interfaces/local/lib/python3.10/dist-packages/dynamixel_interfaces/msg'...
[6.524s] Compiling '/home/wu/colcon_ws/install/dynamixel_interfaces/local/lib/python3.10/dist-packages/dynamixel_interfaces/msg/__init__.py'...
[6.524s] Compiling '/home/wu/colcon_ws/install/dynamixel_interfaces/local/lib/python3.10/dist-packages/dynamixel_interfaces/msg/_dynamixel_state.py'...
[6.524s] Listing '/home/wu/colcon_ws/install/dynamixel_interfaces/local/lib/python3.10/dist-packages/dynamixel_interfaces/srv'...
[6.524s] Compiling '/home/wu/colcon_ws/install/dynamixel_interfaces/local/lib/python3.10/dist-packages/dynamixel_interfaces/srv/__init__.py'...
[6.524s] Compiling '/home/wu/colcon_ws/install/dynamixel_interfaces/local/lib/python3.10/dist-packages/dynamixel_interfaces/srv/_get_data_from_dxl.py'...
[6.524s] Compiling '/home/wu/colcon_ws/install/dynamixel_interfaces/local/lib/python3.10/dist-packages/dynamixel_interfaces/srv/_reboot_dxl.py'...
[6.524s] Compiling '/home/wu/colcon_ws/install/dynamixel_interfaces/local/lib/python3.10/dist-packages/dynamixel_interfaces/srv/_set_data_to_dxl.py'...
[6.530s] -- Installing: /home/wu/colcon_ws/install/dynamixel_interfaces/lib/libdynamixel_interfaces__rosidl_generator_py.so
[6.530s] -- Set runtime path of "/home/wu/colcon_ws/install/dynamixel_interfaces/lib/libdynamixel_interfaces__rosidl_generator_py.so" to ""
[6.530s] -- Installing: /home/wu/colcon_ws/install/dynamixel_interfaces/share/dynamixel_interfaces/cmake/export_dynamixel_interfaces__rosidl_generator_cExport.cmake
[6.530s] -- Installing: /home/wu/colcon_ws/install/dynamixel_interfaces/share/dynamixel_interfaces/cmake/export_dynamixel_interfaces__rosidl_generator_cExport-noconfig.cmake
[6.530s] -- Installing: /home/wu/colcon_ws/install/dynamixel_interfaces/share/dynamixel_interfaces/cmake/export_dynamixel_interfaces__rosidl_typesupport_fastrtps_cExport.cmake
[6.530s] -- Installing: /home/wu/colcon_ws/install/dynamixel_interfaces/share/dynamixel_interfaces/cmake/export_dynamixel_interfaces__rosidl_typesupport_fastrtps_cExport-noconfig.cmake
[6.530s] -- Installing: /home/wu/colcon_ws/install/dynamixel_interfaces/share/dynamixel_interfaces/cmake/export_dynamixel_interfaces__rosidl_generator_cppExport.cmake
[6.531s] -- Installing: /home/wu/colcon_ws/install/dynamixel_interfaces/share/dynamixel_interfaces/cmake/export_dynamixel_interfaces__rosidl_typesupport_fastrtps_cppExport.cmake
[6.531s] -- Installing: /home/wu/colcon_ws/install/dynamixel_interfaces/share/dynamixel_interfaces/cmake/export_dynamixel_interfaces__rosidl_typesupport_fastrtps_cppExport-noconfig.cmake
[6.531s] -- Installing: /home/wu/colcon_ws/install/dynamixel_interfaces/share/dynamixel_interfaces/cmake/dynamixel_interfaces__rosidl_typesupport_introspection_cExport.cmake
[6.531s] -- Installing: /home/wu/colcon_ws/install/dynamixel_interfaces/share/dynamixel_interfaces/cmake/dynamixel_interfaces__rosidl_typesupport_introspection_cExport-noconfig.cmake
[6.531s] -- Installing: /home/wu/colcon_ws/install/dynamixel_interfaces/share/dynamixel_interfaces/cmake/dynamixel_interfaces__rosidl_typesupport_cExport.cmake
[6.531s] -- Installing: /home/wu/colcon_ws/install/dynamixel_interfaces/share/dynamixel_interfaces/cmake/dynamixel_interfaces__rosidl_typesupport_cExport-noconfig.cmake
[6.531s] -- Installing: /home/wu/colcon_ws/install/dynamixel_interfaces/share/dynamixel_interfaces/cmake/dynamixel_interfaces__rosidl_typesupport_introspection_cppExport.cmake
[6.531s] -- Installing: /home/wu/colcon_ws/install/dynamixel_interfaces/share/dynamixel_interfaces/cmake/dynamixel_interfaces__rosidl_typesupport_introspection_cppExport-noconfig.cmake
[6.531s] -- Installing: /home/wu/colcon_ws/install/dynamixel_interfaces/share/dynamixel_interfaces/cmake/dynamixel_interfaces__rosidl_typesupport_cppExport.cmake
[6.531s] -- Installing: /home/wu/colcon_ws/install/dynamixel_interfaces/share/dynamixel_interfaces/cmake/dynamixel_interfaces__rosidl_typesupport_cppExport-noconfig.cmake
[6.532s] -- Installing: /home/wu/colcon_ws/install/dynamixel_interfaces/share/dynamixel_interfaces/cmake/export_dynamixel_interfaces__rosidl_generator_pyExport.cmake
[6.532s] -- Installing: /home/wu/colcon_ws/install/dynamixel_interfaces/share/dynamixel_interfaces/cmake/export_dynamixel_interfaces__rosidl_generator_pyExport-noconfig.cmake
[6.535s] Invoked command in '/home/wu/colcon_ws/build/dynamixel_interfaces' returned '0': CMAKE_PREFIX_PATH=/opt/ros/humble /usr/bin/cmake --install /home/wu/colcon_ws/build/dynamixel_interfaces
