[0.006s] Invoking command in '/home/wu/colcon_ws/build/open_manipulator': AMENT_PREFIX_PATH=/home/wu/colcon_ws/install/open_manipulator_x_teleop:/home/wu/colcon_ws/install/open_manipulator_x_moveit_config:/home/wu/colcon_ws/install/open_manipulator_x_bringup:/home/wu/colcon_ws/install/open_manipulator_x_playground:/home/wu/colcon_ws/install/open_manipulator_x_gui:/home/wu/colcon_ws/install/open_manipulator_x_description:${AMENT_PREFIX_PATH} CMAKE_PREFIX_PATH=/home/wu/colcon_ws/install/open_manipulator_x_teleop:/home/wu/colcon_ws/install/open_manipulator_x_moveit_config:/home/wu/colcon_ws/install/open_manipulator_x_bringup:/home/wu/colcon_ws/install/open_manipulator_x_playground:/home/wu/colcon_ws/install/open_manipulator_x_gui:/home/wu/colcon_ws/install/open_manipulator_x_description:/opt/ros/humble LD_LIBRARY_PATH=/home/wu/colcon_ws/install/open_manipulator_x_gui/lib:${LD_LIBRARY_PATH} /usr/bin/cmake /home/wu/colcon_ws/src/open_manipulator/open_manipulator -DAMENT_CMAKE_SYMLINK_INSTALL=1 -DCMAKE_INSTALL_PREFIX=/home/wu/colcon_ws/install/open_manipulator
[0.038s] -- The C compiler identification is GNU 11.4.0
[0.070s] -- The CXX compiler identification is GNU 11.4.0
[0.075s] -- Detecting C compiler ABI info
[0.114s] -- Detecting C compiler ABI info - done
[0.122s] -- Check for working C compiler: /usr/bin/cc - skipped
[0.122s] -- Detecting C compile features
[0.122s] -- Detecting C compile features - done
[0.125s] -- Detecting CXX compiler ABI info
[0.172s] -- Detecting CXX compiler ABI info - done
[0.181s] -- Check for working CXX compiler: /usr/bin/c++ - skipped
[0.181s] -- Detecting CXX compile features
[0.181s] -- Detecting CXX compile features - done
[0.184s] -- Found ament_cmake: 1.3.11 (/opt/ros/humble/share/ament_cmake/cmake)
[0.278s] -- Found Python3: /usr/bin/python3 (found version "3.10.12") found components: Interpreter 
[0.316s] -- Override CMake install command with custom implementation using symlinks instead of copying resources
[0.373s] -- Configuring done
[0.374s] -- Generating done
[0.375s] -- Build files have been written to: /home/wu/colcon_ws/build/open_manipulator
[0.377s] Invoked command in '/home/wu/colcon_ws/build/open_manipulator' returned '0': AMENT_PREFIX_PATH=/home/wu/colcon_ws/install/open_manipulator_x_teleop:/home/wu/colcon_ws/install/open_manipulator_x_moveit_config:/home/wu/colcon_ws/install/open_manipulator_x_bringup:/home/wu/colcon_ws/install/open_manipulator_x_playground:/home/wu/colcon_ws/install/open_manipulator_x_gui:/home/wu/colcon_ws/install/open_manipulator_x_description:${AMENT_PREFIX_PATH} CMAKE_PREFIX_PATH=/home/wu/colcon_ws/install/open_manipulator_x_teleop:/home/wu/colcon_ws/install/open_manipulator_x_moveit_config:/home/wu/colcon_ws/install/open_manipulator_x_bringup:/home/wu/colcon_ws/install/open_manipulator_x_playground:/home/wu/colcon_ws/install/open_manipulator_x_gui:/home/wu/colcon_ws/install/open_manipulator_x_description:/opt/ros/humble LD_LIBRARY_PATH=/home/wu/colcon_ws/install/open_manipulator_x_gui/lib:${LD_LIBRARY_PATH} /usr/bin/cmake /home/wu/colcon_ws/src/open_manipulator/open_manipulator -DAMENT_CMAKE_SYMLINK_INSTALL=1 -DCMAKE_INSTALL_PREFIX=/home/wu/colcon_ws/install/open_manipulator
[0.378s] Invoking command in '/home/wu/colcon_ws/build/open_manipulator': AMENT_PREFIX_PATH=/home/wu/colcon_ws/install/open_manipulator_x_teleop:/home/wu/colcon_ws/install/open_manipulator_x_moveit_config:/home/wu/colcon_ws/install/open_manipulator_x_bringup:/home/wu/colcon_ws/install/open_manipulator_x_playground:/home/wu/colcon_ws/install/open_manipulator_x_gui:/home/wu/colcon_ws/install/open_manipulator_x_description:${AMENT_PREFIX_PATH} CMAKE_PREFIX_PATH=/home/wu/colcon_ws/install/open_manipulator_x_teleop:/home/wu/colcon_ws/install/open_manipulator_x_moveit_config:/home/wu/colcon_ws/install/open_manipulator_x_bringup:/home/wu/colcon_ws/install/open_manipulator_x_playground:/home/wu/colcon_ws/install/open_manipulator_x_gui:/home/wu/colcon_ws/install/open_manipulator_x_description:/opt/ros/humble LD_LIBRARY_PATH=/home/wu/colcon_ws/install/open_manipulator_x_gui/lib:${LD_LIBRARY_PATH} /usr/bin/cmake --build /home/wu/colcon_ws/build/open_manipulator -- -j12 -l12
[0.398s] Invoked command in '/home/wu/colcon_ws/build/open_manipulator' returned '0': AMENT_PREFIX_PATH=/home/wu/colcon_ws/install/open_manipulator_x_teleop:/home/wu/colcon_ws/install/open_manipulator_x_moveit_config:/home/wu/colcon_ws/install/open_manipulator_x_bringup:/home/wu/colcon_ws/install/open_manipulator_x_playground:/home/wu/colcon_ws/install/open_manipulator_x_gui:/home/wu/colcon_ws/install/open_manipulator_x_description:${AMENT_PREFIX_PATH} CMAKE_PREFIX_PATH=/home/wu/colcon_ws/install/open_manipulator_x_teleop:/home/wu/colcon_ws/install/open_manipulator_x_moveit_config:/home/wu/colcon_ws/install/open_manipulator_x_bringup:/home/wu/colcon_ws/install/open_manipulator_x_playground:/home/wu/colcon_ws/install/open_manipulator_x_gui:/home/wu/colcon_ws/install/open_manipulator_x_description:/opt/ros/humble LD_LIBRARY_PATH=/home/wu/colcon_ws/install/open_manipulator_x_gui/lib:${LD_LIBRARY_PATH} /usr/bin/cmake --build /home/wu/colcon_ws/build/open_manipulator -- -j12 -l12
[0.399s] Invoking command in '/home/wu/colcon_ws/build/open_manipulator': AMENT_PREFIX_PATH=/home/wu/colcon_ws/install/open_manipulator_x_teleop:/home/wu/colcon_ws/install/open_manipulator_x_moveit_config:/home/wu/colcon_ws/install/open_manipulator_x_bringup:/home/wu/colcon_ws/install/open_manipulator_x_playground:/home/wu/colcon_ws/install/open_manipulator_x_gui:/home/wu/colcon_ws/install/open_manipulator_x_description:${AMENT_PREFIX_PATH} CMAKE_PREFIX_PATH=/home/wu/colcon_ws/install/open_manipulator_x_teleop:/home/wu/colcon_ws/install/open_manipulator_x_moveit_config:/home/wu/colcon_ws/install/open_manipulator_x_bringup:/home/wu/colcon_ws/install/open_manipulator_x_playground:/home/wu/colcon_ws/install/open_manipulator_x_gui:/home/wu/colcon_ws/install/open_manipulator_x_description:/opt/ros/humble LD_LIBRARY_PATH=/home/wu/colcon_ws/install/open_manipulator_x_gui/lib:${LD_LIBRARY_PATH} /usr/bin/cmake --install /home/wu/colcon_ws/build/open_manipulator
[0.403s] -- Install configuration: ""
[0.403s] -- Execute custom install script
[0.403s] -- Symlinking: /home/wu/colcon_ws/install/open_manipulator/share/ament_index/resource_index/package_run_dependencies/open_manipulator
[0.409s] -- Symlinking: /home/wu/colcon_ws/install/open_manipulator/share/ament_index/resource_index/parent_prefix_path/open_manipulator
[0.413s] -- Symlinking: /home/wu/colcon_ws/install/open_manipulator/share/open_manipulator/environment/ament_prefix_path.sh
[0.418s] -- Symlinking: /home/wu/colcon_ws/install/open_manipulator/share/open_manipulator/environment/ament_prefix_path.dsv
[0.422s] -- Symlinking: /home/wu/colcon_ws/install/open_manipulator/share/open_manipulator/environment/path.sh
[0.427s] -- Symlinking: /home/wu/colcon_ws/install/open_manipulator/share/open_manipulator/environment/path.dsv
[0.432s] -- Symlinking: /home/wu/colcon_ws/install/open_manipulator/share/open_manipulator/local_setup.bash
[0.437s] -- Symlinking: /home/wu/colcon_ws/install/open_manipulator/share/open_manipulator/local_setup.sh
[0.442s] -- Symlinking: /home/wu/colcon_ws/install/open_manipulator/share/open_manipulator/local_setup.zsh
[0.446s] -- Symlinking: /home/wu/colcon_ws/install/open_manipulator/share/open_manipulator/local_setup.dsv
[0.451s] -- Symlinking: /home/wu/colcon_ws/install/open_manipulator/share/open_manipulator/package.dsv
[0.455s] -- Symlinking: /home/wu/colcon_ws/install/open_manipulator/share/ament_index/resource_index/packages/open_manipulator
[0.460s] -- Symlinking: /home/wu/colcon_ws/install/open_manipulator/share/open_manipulator/cmake/open_manipulatorConfig.cmake
[0.465s] -- Symlinking: /home/wu/colcon_ws/install/open_manipulator/share/open_manipulator/cmake/open_manipulatorConfig-version.cmake
[0.470s] -- Symlinking: /home/wu/colcon_ws/install/open_manipulator/share/open_manipulator/package.xml
[0.477s] Invoked command in '/home/wu/colcon_ws/build/open_manipulator' returned '0': AMENT_PREFIX_PATH=/home/wu/colcon_ws/install/open_manipulator_x_teleop:/home/wu/colcon_ws/install/open_manipulator_x_moveit_config:/home/wu/colcon_ws/install/open_manipulator_x_bringup:/home/wu/colcon_ws/install/open_manipulator_x_playground:/home/wu/colcon_ws/install/open_manipulator_x_gui:/home/wu/colcon_ws/install/open_manipulator_x_description:${AMENT_PREFIX_PATH} CMAKE_PREFIX_PATH=/home/wu/colcon_ws/install/open_manipulator_x_teleop:/home/wu/colcon_ws/install/open_manipulator_x_moveit_config:/home/wu/colcon_ws/install/open_manipulator_x_bringup:/home/wu/colcon_ws/install/open_manipulator_x_playground:/home/wu/colcon_ws/install/open_manipulator_x_gui:/home/wu/colcon_ws/install/open_manipulator_x_description:/opt/ros/humble LD_LIBRARY_PATH=/home/wu/colcon_ws/install/open_manipulator_x_gui/lib:${LD_LIBRARY_PATH} /usr/bin/cmake --install /home/wu/colcon_ws/build/open_manipulator
