[0.015s] Invoking command in '/home/henry/colcon_ws/src/my_robot_description/build/my_robot_description': /usr/bin/cmake /home/henry/colcon_ws/src/my_robot_description -DCMAKE_INSTALL_PREFIX=/home/henry/colcon_ws/src/my_robot_description/install/my_robot_description
[0.104s] -- The C compiler identification is GNU 11.4.0
[0.188s] -- The CXX compiler identification is GNU 11.4.0
[0.199s] -- Detecting C compiler ABI info
[0.294s] -- Detecting C compiler ABI info - done
[0.302s] -- Check for working C compiler: /usr/bin/cc - skipped
[0.302s] -- Detecting C compile features
[0.303s] -- Detecting C compile features - done
[0.308s] -- Detecting CXX compiler ABI info
[0.405s] -- Detecting CXX compiler ABI info - done
[0.409s] -- Check for working CXX compiler: /usr/bin/c++ - skipped
[0.409s] -- Detecting CXX compile features
[0.409s] -- Detecting CXX compile features - done
[0.410s] -- Found ament_cmake: 1.3.11 (/opt/ros/humble/share/ament_cmake/cmake)
[0.547s] -- Found Python3: /usr/bin/python3 (found version "3.10.12") found components: Interpreter 
[0.594s] -- Found ament_lint_auto: 0.12.11 (/opt/ros/humble/share/ament_lint_auto/cmake)
[0.635s] -- Added test 'cppcheck' to perform static code analysis on C / C++ code
[0.635s] -- Configured cppcheck include dirs: 
[0.635s] -- Configured cppcheck exclude dirs and/or files: 
[0.635s] -- Added test 'flake8' to check Python code syntax and style conventions
[0.636s] -- Added test 'lint_cmake' to check CMake code style
[0.636s] -- Added test 'pep257' to check Python code against some of the docstring style conventions in PEP 257
[0.638s] -- Added test 'uncrustify' to check C / C++ code style
[0.638s] -- Configured uncrustify additional arguments: 
[0.638s] -- Added test 'xmllint' to check XML markup files
[0.639s] -- Configuring done
[0.640s] -- Generating done
[0.641s] -- Build files have been written to: /home/henry/colcon_ws/src/my_robot_description/build/my_robot_description
[0.645s] Invoked command in '/home/henry/colcon_ws/src/my_robot_description/build/my_robot_description' returned '0': /usr/bin/cmake /home/henry/colcon_ws/src/my_robot_description -DCMAKE_INSTALL_PREFIX=/home/henry/colcon_ws/src/my_robot_description/install/my_robot_description
[0.646s] Invoking command in '/home/henry/colcon_ws/src/my_robot_description/build/my_robot_description': /usr/bin/cmake --build /home/henry/colcon_ws/src/my_robot_description/build/my_robot_description -- -j32 -l32
[0.697s] Invoked command in '/home/henry/colcon_ws/src/my_robot_description/build/my_robot_description' returned '0': /usr/bin/cmake --build /home/henry/colcon_ws/src/my_robot_description/build/my_robot_description -- -j32 -l32
[0.713s] Invoking command in '/home/henry/colcon_ws/src/my_robot_description/build/my_robot_description': /usr/bin/cmake --install /home/henry/colcon_ws/src/my_robot_description/build/my_robot_description
[0.723s] -- Install configuration: ""
[0.724s] -- Installing: /home/henry/colcon_ws/src/my_robot_description/install/my_robot_description/share/ament_index/resource_index/package_run_dependencies/my_robot_description
[0.724s] -- Installing: /home/henry/colcon_ws/src/my_robot_description/install/my_robot_description/share/ament_index/resource_index/parent_prefix_path/my_robot_description
[0.724s] -- Installing: /home/henry/colcon_ws/src/my_robot_description/install/my_robot_description/share/my_robot_description/environment/ament_prefix_path.sh
[0.724s] -- Installing: /home/henry/colcon_ws/src/my_robot_description/install/my_robot_description/share/my_robot_description/environment/ament_prefix_path.dsv
[0.724s] -- Installing: /home/henry/colcon_ws/src/my_robot_description/install/my_robot_description/share/my_robot_description/environment/path.sh
[0.724s] -- Installing: /home/henry/colcon_ws/src/my_robot_description/install/my_robot_description/share/my_robot_description/environment/path.dsv
[0.724s] -- Installing: /home/henry/colcon_ws/src/my_robot_description/install/my_robot_description/share/my_robot_description/local_setup.bash
[0.724s] -- Installing: /home/henry/colcon_ws/src/my_robot_description/install/my_robot_description/share/my_robot_description/local_setup.sh
[0.724s] -- Installing: /home/henry/colcon_ws/src/my_robot_description/install/my_robot_description/share/my_robot_description/local_setup.zsh
[0.725s] -- Installing: /home/henry/colcon_ws/src/my_robot_description/install/my_robot_description/share/my_robot_description/local_setup.dsv
[0.725s] -- Installing: /home/henry/colcon_ws/src/my_robot_description/install/my_robot_description/share/my_robot_description/package.dsv
[0.725s] -- Installing: /home/henry/colcon_ws/src/my_robot_description/install/my_robot_description/share/ament_index/resource_index/packages/my_robot_description
[0.725s] -- Installing: /home/henry/colcon_ws/src/my_robot_description/install/my_robot_description/share/my_robot_description/cmake/my_robot_descriptionConfig.cmake
[0.725s] -- Installing: /home/henry/colcon_ws/src/my_robot_description/install/my_robot_description/share/my_robot_description/cmake/my_robot_descriptionConfig-version.cmake
[0.725s] -- Installing: /home/henry/colcon_ws/src/my_robot_description/install/my_robot_description/share/my_robot_description/package.xml
[0.727s] Invoked command in '/home/henry/colcon_ws/src/my_robot_description/build/my_robot_description' returned '0': /usr/bin/cmake --install /home/henry/colcon_ws/src/my_robot_description/build/my_robot_description
