[0.005s] Invoking command in '/home/wu/colcon_ws/build/open_manipulator_x_teleop': AMENT_PREFIX_PATH=/home/wu/colcon_ws/install/open_manipulator_x_moveit_config:/home/wu/colcon_ws/install/open_manipulator_x_bringup:/home/wu/colcon_ws/install/open_manipulator_x_description:${AMENT_PREFIX_PATH} CMAKE_PREFIX_PATH=/home/wu/colcon_ws/install/open_manipulator_x_moveit_config:/home/wu/colcon_ws/install/open_manipulator_x_bringup:/home/wu/colcon_ws/install/open_manipulator_x_description:/opt/ros/humble /usr/bin/cmake --build /home/wu/colcon_ws/build/open_manipulator_x_teleop -- -j12 -l12
[0.027s] [35m[1mConsolidate compiler generated dependencies of target open_manipulator_x_teleop[0m
[0.036s] [100%] Built target open_manipulator_x_teleop
[0.042s] Invoked command in '/home/wu/colcon_ws/build/open_manipulator_x_teleop' returned '0': AMENT_PREFIX_PATH=/home/wu/colcon_ws/install/open_manipulator_x_moveit_config:/home/wu/colcon_ws/install/open_manipulator_x_bringup:/home/wu/colcon_ws/install/open_manipulator_x_description:${AMENT_PREFIX_PATH} CMAKE_PREFIX_PATH=/home/wu/colcon_ws/install/open_manipulator_x_moveit_config:/home/wu/colcon_ws/install/open_manipulator_x_bringup:/home/wu/colcon_ws/install/open_manipulator_x_description:/opt/ros/humble /usr/bin/cmake --build /home/wu/colcon_ws/build/open_manipulator_x_teleop -- -j12 -l12
[0.042s] Invoking command in '/home/wu/colcon_ws/build/open_manipulator_x_teleop': AMENT_PREFIX_PATH=/home/wu/colcon_ws/install/open_manipulator_x_moveit_config:/home/wu/colcon_ws/install/open_manipulator_x_bringup:/home/wu/colcon_ws/install/open_manipulator_x_description:${AMENT_PREFIX_PATH} CMAKE_PREFIX_PATH=/home/wu/colcon_ws/install/open_manipulator_x_moveit_config:/home/wu/colcon_ws/install/open_manipulator_x_bringup:/home/wu/colcon_ws/install/open_manipulator_x_description:/opt/ros/humble /usr/bin/cmake --install /home/wu/colcon_ws/build/open_manipulator_x_teleop
[0.047s] -- Install configuration: ""
[0.047s] -- Execute custom install script
[0.047s] -- Up-to-date symlink: /home/wu/colcon_ws/install/open_manipulator_x_teleop/lib/open_manipulator_x_teleop/open_manipulator_x_teleop
[0.047s] -- Up-to-date symlink: /home/wu/colcon_ws/install/open_manipulator_x_teleop/share/ament_index/resource_index/package_run_dependencies/open_manipulator_x_teleop
[0.047s] -- Up-to-date symlink: /home/wu/colcon_ws/install/open_manipulator_x_teleop/share/ament_index/resource_index/parent_prefix_path/open_manipulator_x_teleop
[0.047s] -- Up-to-date symlink: /home/wu/colcon_ws/install/open_manipulator_x_teleop/share/open_manipulator_x_teleop/environment/ament_prefix_path.sh
[0.047s] -- Up-to-date symlink: /home/wu/colcon_ws/install/open_manipulator_x_teleop/share/open_manipulator_x_teleop/environment/ament_prefix_path.dsv
[0.047s] -- Up-to-date symlink: /home/wu/colcon_ws/install/open_manipulator_x_teleop/share/open_manipulator_x_teleop/environment/path.sh
[0.047s] -- Up-to-date symlink: /home/wu/colcon_ws/install/open_manipulator_x_teleop/share/open_manipulator_x_teleop/environment/path.dsv
[0.048s] -- Up-to-date symlink: /home/wu/colcon_ws/install/open_manipulator_x_teleop/share/open_manipulator_x_teleop/local_setup.bash
[0.048s] -- Up-to-date symlink: /home/wu/colcon_ws/install/open_manipulator_x_teleop/share/open_manipulator_x_teleop/local_setup.sh
[0.048s] -- Up-to-date symlink: /home/wu/colcon_ws/install/open_manipulator_x_teleop/share/open_manipulator_x_teleop/local_setup.zsh
[0.048s] -- Up-to-date symlink: /home/wu/colcon_ws/install/open_manipulator_x_teleop/share/open_manipulator_x_teleop/local_setup.dsv
[0.048s] -- Symlinking: /home/wu/colcon_ws/install/open_manipulator_x_teleop/share/open_manipulator_x_teleop/package.dsv
[0.052s] -- Up-to-date symlink: /home/wu/colcon_ws/install/open_manipulator_x_teleop/share/ament_index/resource_index/packages/open_manipulator_x_teleop
[0.052s] -- Up-to-date symlink: /home/wu/colcon_ws/install/open_manipulator_x_teleop/share/open_manipulator_x_teleop/cmake/open_manipulator_x_teleopConfig.cmake
[0.052s] -- Up-to-date symlink: /home/wu/colcon_ws/install/open_manipulator_x_teleop/share/open_manipulator_x_teleop/cmake/open_manipulator_x_teleopConfig-version.cmake
[0.052s] -- Up-to-date symlink: /home/wu/colcon_ws/install/open_manipulator_x_teleop/share/open_manipulator_x_teleop/package.xml
[0.053s] Invoked command in '/home/wu/colcon_ws/build/open_manipulator_x_teleop' returned '0': AMENT_PREFIX_PATH=/home/wu/colcon_ws/install/open_manipulator_x_moveit_config:/home/wu/colcon_ws/install/open_manipulator_x_bringup:/home/wu/colcon_ws/install/open_manipulator_x_description:${AMENT_PREFIX_PATH} CMAKE_PREFIX_PATH=/home/wu/colcon_ws/install/open_manipulator_x_moveit_config:/home/wu/colcon_ws/install/open_manipulator_x_bringup:/home/wu/colcon_ws/install/open_manipulator_x_description:/opt/ros/humble /usr/bin/cmake --install /home/wu/colcon_ws/build/open_manipulator_x_teleop
