[0.010s] Invoking command in '/home/wu/colcon_ws/build/open_manipulator_x_playground': CMAKE_PREFIX_PATH=/opt/ros/humble /usr/bin/cmake --build /home/wu/colcon_ws/build/open_manipulator_x_playground -- -j12 -l12
[0.036s] [35m[1mConsolidate compiler generated dependencies of target hello_moveit[0m
[0.056s] [100%] Built target hello_moveit
[0.066s] Invoked command in '/home/wu/colcon_ws/build/open_manipulator_x_playground' returned '0': CMAKE_PREFIX_PATH=/opt/ros/humble /usr/bin/cmake --build /home/wu/colcon_ws/build/open_manipulator_x_playground -- -j12 -l12
[0.067s] Invoking command in '/home/wu/colcon_ws/build/open_manipulator_x_playground': CMAKE_PREFIX_PATH=/opt/ros/humble /usr/bin/cmake --install /home/wu/colcon_ws/build/open_manipulator_x_playground
[0.072s] -- Install configuration: ""
[0.073s] -- Execute custom install script
[0.073s] -- Up-to-date symlink: /home/wu/colcon_ws/install/open_manipulator_x_playground/lib/open_manipulator_x_playground/hello_moveit
[0.073s] -- Up-to-date symlink: /home/wu/colcon_ws/install/open_manipulator_x_playground/share/ament_index/resource_index/package_run_dependencies/open_manipulator_x_playground
[0.073s] -- Up-to-date symlink: /home/wu/colcon_ws/install/open_manipulator_x_playground/share/ament_index/resource_index/parent_prefix_path/open_manipulator_x_playground
[0.073s] -- Up-to-date symlink: /home/wu/colcon_ws/install/open_manipulator_x_playground/share/open_manipulator_x_playground/environment/ament_prefix_path.sh
[0.073s] -- Up-to-date symlink: /home/wu/colcon_ws/install/open_manipulator_x_playground/share/open_manipulator_x_playground/environment/ament_prefix_path.dsv
[0.073s] -- Up-to-date symlink: /home/wu/colcon_ws/install/open_manipulator_x_playground/share/open_manipulator_x_playground/environment/path.sh
[0.073s] -- Up-to-date symlink: /home/wu/colcon_ws/install/open_manipulator_x_playground/share/open_manipulator_x_playground/environment/path.dsv
[0.073s] -- Up-to-date symlink: /home/wu/colcon_ws/install/open_manipulator_x_playground/share/open_manipulator_x_playground/local_setup.bash
[0.073s] -- Up-to-date symlink: /home/wu/colcon_ws/install/open_manipulator_x_playground/share/open_manipulator_x_playground/local_setup.sh
[0.073s] -- Up-to-date symlink: /home/wu/colcon_ws/install/open_manipulator_x_playground/share/open_manipulator_x_playground/local_setup.zsh
[0.073s] -- Up-to-date symlink: /home/wu/colcon_ws/install/open_manipulator_x_playground/share/open_manipulator_x_playground/local_setup.dsv
[0.073s] -- Symlinking: /home/wu/colcon_ws/install/open_manipulator_x_playground/share/open_manipulator_x_playground/package.dsv
[0.079s] -- Up-to-date symlink: /home/wu/colcon_ws/install/open_manipulator_x_playground/share/ament_index/resource_index/packages/open_manipulator_x_playground
[0.080s] -- Up-to-date symlink: /home/wu/colcon_ws/install/open_manipulator_x_playground/share/open_manipulator_x_playground/cmake/open_manipulator_x_playgroundConfig.cmake
[0.080s] -- Up-to-date symlink: /home/wu/colcon_ws/install/open_manipulator_x_playground/share/open_manipulator_x_playground/cmake/open_manipulator_x_playgroundConfig-version.cmake
[0.080s] -- Up-to-date symlink: /home/wu/colcon_ws/install/open_manipulator_x_playground/share/open_manipulator_x_playground/package.xml
[0.082s] Invoked command in '/home/wu/colcon_ws/build/open_manipulator_x_playground' returned '0': CMAKE_PREFIX_PATH=/opt/ros/humble /usr/bin/cmake --install /home/wu/colcon_ws/build/open_manipulator_x_playground
