[0.006s] Invoking command in '/home/wu/colcon_ws/build/open_manipulator_x_teleop': CMAKE_PREFIX_PATH=/home/wu/colcon_ws/install/open_manipulator_x_moveit_config:/home/wu/colcon_ws/install/open_manipulator_x_bringup:/home/wu/colcon_ws/install/open_manipulator_x_description:/home/wu/colcon_ws/install/open_manipulator:/home/wu/colcon_ws/install/open_manipulator_x_teleop:/home/wu/colcon_ws/install/open_manipulator_x_playground:/home/wu/colcon_ws/install/open_manipulator_x_gui:/home/wu/colcon_ws/install/dynamixel_interfaces:/opt/ros/humble /usr/bin/cmake /home/wu/colcon_ws/src/open_manipulator/open_manipulator_x_teleop -DCMAKE_INSTALL_PREFIX=/home/wu/colcon_ws/install/open_manipulator_x_teleop
[0.013s] -- Found ament_cmake: 1.3.11 (/opt/ros/humble/share/ament_cmake/cmake)
[0.093s] -- Override CMake install command with custom implementation using symlinks instead of copying resources
[0.097s] -- Found rclcpp: 16.0.11 (/opt/ros/humble/share/rclcpp/cmake)
[0.115s] -- Found rosidl_generator_c: 3.1.6 (/opt/ros/humble/share/rosidl_generator_c/cmake)
[0.117s] -- Found rosidl_adapter: 3.1.6 (/opt/ros/humble/share/rosidl_adapter/cmake)
[0.120s] -- Found rosidl_generator_cpp: 3.1.6 (/opt/ros/humble/share/rosidl_generator_cpp/cmake)
[0.126s] -- Using all available rosidl_typesupport_c: rosidl_typesupport_fastrtps_c;rosidl_typesupport_introspection_c
[0.134s] -- Using all available rosidl_typesupport_cpp: rosidl_typesupport_fastrtps_cpp;rosidl_typesupport_introspection_cpp
[0.154s] -- Found rmw_implementation_cmake: 6.1.2 (/opt/ros/humble/share/rmw_implementation_cmake/cmake)
[0.155s] -- Found rmw_fastrtps_cpp: 6.2.7 (/opt/ros/humble/share/rmw_fastrtps_cpp/cmake)
[0.218s] -- Using RMW implementation 'rmw_fastrtps_cpp' as default
[0.248s] -- Found open_manipulator_x_bringup: 3.0.0 (/home/wu/colcon_ws/install/open_manipulator_x_bringup/share/open_manipulator_x_bringup/cmake)
[0.248s] -- Found open_manipulator_x_moveit_config: 3.0.0 (/home/wu/colcon_ws/install/open_manipulator_x_moveit_config/share/open_manipulator_x_moveit_config/cmake)
[0.248s] -- Found open_manipulator_x_description: 3.0.0 (/home/wu/colcon_ws/install/open_manipulator_x_description/share/open_manipulator_x_description/cmake)
[0.248s] -- Found geometry_msgs: 4.2.4 (/opt/ros/humble/share/geometry_msgs/cmake)
[0.256s] -- Found nav_msgs: 4.2.4 (/opt/ros/humble/share/nav_msgs/cmake)
[0.266s] -- Found control_msgs: 4.7.0 (/opt/ros/humble/share/control_msgs/cmake)
[0.320s] -- Found std_srvs: 4.2.4 (/opt/ros/humble/share/std_srvs/cmake)
[0.325s] -- Found rclcpp_action: 16.0.11 (/opt/ros/humble/share/rclcpp_action/cmake)
[0.333s] -- Found ament_lint_auto: 0.12.11 (/opt/ros/humble/share/ament_lint_auto/cmake)
[0.380s] -- Added test 'cppcheck' to perform static code analysis on C / C++ code
[0.380s] -- Configured cppcheck include dirs: $<BUILD_INTERFACE:/home/wu/colcon_ws/src/open_manipulator/open_manipulator_x_teleop/include>
[0.380s] -- Configured cppcheck exclude dirs and/or files: 
[0.381s] -- Added test 'lint_cmake' to check CMake code style
[0.382s] -- Added test 'uncrustify' to check C / C++ code style
[0.382s] -- Configured uncrustify additional arguments: 
[0.382s] -- Added test 'xmllint' to check XML markup files
[0.382s] -- Configuring done
[0.392s] -- Generating done
[0.394s] -- Build files have been written to: /home/wu/colcon_ws/build/open_manipulator_x_teleop
[0.399s] Invoked command in '/home/wu/colcon_ws/build/open_manipulator_x_teleop' returned '0': CMAKE_PREFIX_PATH=/home/wu/colcon_ws/install/open_manipulator_x_moveit_config:/home/wu/colcon_ws/install/open_manipulator_x_bringup:/home/wu/colcon_ws/install/open_manipulator_x_description:/home/wu/colcon_ws/install/open_manipulator:/home/wu/colcon_ws/install/open_manipulator_x_teleop:/home/wu/colcon_ws/install/open_manipulator_x_playground:/home/wu/colcon_ws/install/open_manipulator_x_gui:/home/wu/colcon_ws/install/dynamixel_interfaces:/opt/ros/humble /usr/bin/cmake /home/wu/colcon_ws/src/open_manipulator/open_manipulator_x_teleop -DCMAKE_INSTALL_PREFIX=/home/wu/colcon_ws/install/open_manipulator_x_teleop
[0.400s] Invoking command in '/home/wu/colcon_ws/build/open_manipulator_x_teleop': CMAKE_PREFIX_PATH=/home/wu/colcon_ws/install/open_manipulator_x_moveit_config:/home/wu/colcon_ws/install/open_manipulator_x_bringup:/home/wu/colcon_ws/install/open_manipulator_x_description:/home/wu/colcon_ws/install/open_manipulator:/home/wu/colcon_ws/install/open_manipulator_x_teleop:/home/wu/colcon_ws/install/open_manipulator_x_playground:/home/wu/colcon_ws/install/open_manipulator_x_gui:/home/wu/colcon_ws/install/dynamixel_interfaces:/opt/ros/humble /usr/bin/cmake --build /home/wu/colcon_ws/build/open_manipulator_x_teleop -- -j12 -l12
[0.425s] [35m[1mConsolidate compiler generated dependencies of target open_manipulator_x_teleop[0m
[0.436s] [100%] Built target open_manipulator_x_teleop
[0.443s] Invoked command in '/home/wu/colcon_ws/build/open_manipulator_x_teleop' returned '0': CMAKE_PREFIX_PATH=/home/wu/colcon_ws/install/open_manipulator_x_moveit_config:/home/wu/colcon_ws/install/open_manipulator_x_bringup:/home/wu/colcon_ws/install/open_manipulator_x_description:/home/wu/colcon_ws/install/open_manipulator:/home/wu/colcon_ws/install/open_manipulator_x_teleop:/home/wu/colcon_ws/install/open_manipulator_x_playground:/home/wu/colcon_ws/install/open_manipulator_x_gui:/home/wu/colcon_ws/install/dynamixel_interfaces:/opt/ros/humble /usr/bin/cmake --build /home/wu/colcon_ws/build/open_manipulator_x_teleop -- -j12 -l12
[0.444s] Invoking command in '/home/wu/colcon_ws/build/open_manipulator_x_teleop': CMAKE_PREFIX_PATH=/home/wu/colcon_ws/install/open_manipulator_x_moveit_config:/home/wu/colcon_ws/install/open_manipulator_x_bringup:/home/wu/colcon_ws/install/open_manipulator_x_description:/home/wu/colcon_ws/install/open_manipulator:/home/wu/colcon_ws/install/open_manipulator_x_teleop:/home/wu/colcon_ws/install/open_manipulator_x_playground:/home/wu/colcon_ws/install/open_manipulator_x_gui:/home/wu/colcon_ws/install/dynamixel_interfaces:/opt/ros/humble /usr/bin/cmake --install /home/wu/colcon_ws/build/open_manipulator_x_teleop
[0.449s] -- Install configuration: ""
[0.449s] -- Execute custom install script
[0.449s] -- Up-to-date symlink: /home/wu/colcon_ws/install/open_manipulator_x_teleop/lib/open_manipulator_x_teleop/open_manipulator_x_teleop
[0.449s] -- Up-to-date symlink: /home/wu/colcon_ws/install/open_manipulator_x_teleop/share/ament_index/resource_index/package_run_dependencies/open_manipulator_x_teleop
[0.449s] -- Up-to-date symlink: /home/wu/colcon_ws/install/open_manipulator_x_teleop/share/ament_index/resource_index/parent_prefix_path/open_manipulator_x_teleop
[0.450s] -- Up-to-date symlink: /home/wu/colcon_ws/install/open_manipulator_x_teleop/share/open_manipulator_x_teleop/environment/ament_prefix_path.sh
[0.450s] -- Up-to-date symlink: /home/wu/colcon_ws/install/open_manipulator_x_teleop/share/open_manipulator_x_teleop/environment/ament_prefix_path.dsv
[0.450s] -- Up-to-date symlink: /home/wu/colcon_ws/install/open_manipulator_x_teleop/share/open_manipulator_x_teleop/environment/path.sh
[0.450s] -- Up-to-date symlink: /home/wu/colcon_ws/install/open_manipulator_x_teleop/share/open_manipulator_x_teleop/environment/path.dsv
[0.450s] -- Up-to-date symlink: /home/wu/colcon_ws/install/open_manipulator_x_teleop/share/open_manipulator_x_teleop/local_setup.bash
[0.450s] -- Up-to-date symlink: /home/wu/colcon_ws/install/open_manipulator_x_teleop/share/open_manipulator_x_teleop/local_setup.sh
[0.450s] -- Up-to-date symlink: /home/wu/colcon_ws/install/open_manipulator_x_teleop/share/open_manipulator_x_teleop/local_setup.zsh
[0.450s] -- Up-to-date symlink: /home/wu/colcon_ws/install/open_manipulator_x_teleop/share/open_manipulator_x_teleop/local_setup.dsv
[0.450s] -- Symlinking: /home/wu/colcon_ws/install/open_manipulator_x_teleop/share/open_manipulator_x_teleop/package.dsv
[0.455s] -- Up-to-date symlink: /home/wu/colcon_ws/install/open_manipulator_x_teleop/share/ament_index/resource_index/packages/open_manipulator_x_teleop
[0.455s] -- Up-to-date symlink: /home/wu/colcon_ws/install/open_manipulator_x_teleop/share/open_manipulator_x_teleop/cmake/open_manipulator_x_teleopConfig.cmake
[0.455s] -- Up-to-date symlink: /home/wu/colcon_ws/install/open_manipulator_x_teleop/share/open_manipulator_x_teleop/cmake/open_manipulator_x_teleopConfig-version.cmake
[0.455s] -- Up-to-date symlink: /home/wu/colcon_ws/install/open_manipulator_x_teleop/share/open_manipulator_x_teleop/package.xml
[0.456s] Invoked command in '/home/wu/colcon_ws/build/open_manipulator_x_teleop' returned '0': CMAKE_PREFIX_PATH=/home/wu/colcon_ws/install/open_manipulator_x_moveit_config:/home/wu/colcon_ws/install/open_manipulator_x_bringup:/home/wu/colcon_ws/install/open_manipulator_x_description:/home/wu/colcon_ws/install/open_manipulator:/home/wu/colcon_ws/install/open_manipulator_x_teleop:/home/wu/colcon_ws/install/open_manipulator_x_playground:/home/wu/colcon_ws/install/open_manipulator_x_gui:/home/wu/colcon_ws/install/dynamixel_interfaces:/opt/ros/humble /usr/bin/cmake --install /home/wu/colcon_ws/build/open_manipulator_x_teleop
