[0.008s] Invoking command in '/home/wu/colcon_ws/build/open_manipulator_x_playground': CMAKE_PREFIX_PATH=/opt/ros/humble /usr/bin/cmake /home/wu/colcon_ws/src/open_manipulator/open_manipulator_x_playground -DAMENT_CMAKE_SYMLINK_INSTALL=1 -DCMAKE_INSTALL_PREFIX=/home/wu/colcon_ws/install/open_manipulator_x_playground
[0.077s] -- The C compiler identification is GNU 11.4.0
[0.148s] -- The CXX compiler identification is GNU 11.4.0
[0.153s] -- Detecting C compiler ABI info
[0.195s] -- Detecting C compiler ABI info - done
[0.203s] -- Check for working C compiler: /usr/bin/cc - skipped
[0.203s] -- Detecting C compile features
[0.204s] -- Detecting C compile features - done
[0.206s] -- Detecting CXX compiler ABI info
[0.253s] -- Detecting CXX compiler ABI info - done
[0.261s] -- Check for working CXX compiler: /usr/bin/c++ - skipped
[0.261s] -- Detecting CXX compile features
[0.262s] -- Detecting CXX compile features - done
[0.264s] -- Found ament_cmake: 1.3.11 (/opt/ros/humble/share/ament_cmake/cmake)
[0.361s] -- Found Python3: /usr/bin/python3 (found version "3.10.12") found components: Interpreter 
[0.408s] -- Override CMake install command with custom implementation using symlinks instead of copying resources
[0.432s] -- Found moveit_ros_planning_interface: 2.5.8 (/opt/ros/humble/share/moveit_ros_planning_interface/cmake)
[0.544s] -- Found Boost: /usr/lib/x86_64-linux-gnu/cmake/Boost-1.74.0/BoostConfig.cmake (found version "1.74.0") found components: date_time filesystem program_options system thread 
[0.579s] -- Found rosidl_generator_c: 3.1.6 (/opt/ros/humble/share/rosidl_generator_c/cmake)
[0.584s] -- Found rosidl_adapter: 3.1.6 (/opt/ros/humble/share/rosidl_adapter/cmake)
[0.591s] -- Found rosidl_generator_cpp: 3.1.6 (/opt/ros/humble/share/rosidl_generator_cpp/cmake)
[0.602s] -- Using all available rosidl_typesupport_c: rosidl_typesupport_fastrtps_c;rosidl_typesupport_introspection_c
[0.617s] -- Using all available rosidl_typesupport_cpp: rosidl_typesupport_fastrtps_cpp;rosidl_typesupport_introspection_cpp
[0.785s] -- Found Boost: /usr/lib/x86_64-linux-gnu/cmake/Boost-1.74.0/BoostConfig.cmake (found version "1.74.0") found components: chrono date_time filesystem iostreams program_options regex serialization system thread 
[0.817s] -- Found parameter_traits: 0.4.0 (/opt/ros/humble/share/parameter_traits/cmake)
[0.850s] -- Found rmw_implementation_cmake: 6.1.2 (/opt/ros/humble/share/rmw_implementation_cmake/cmake)
[0.852s] -- Found rmw_fastrtps_cpp: 6.2.7 (/opt/ros/humble/share/rmw_fastrtps_cpp/cmake)
[0.901s] -- Found OpenSSL: /usr/lib/x86_64-linux-gnu/libcrypto.so (found version "3.0.2")  
[0.918s] -- Found FastRTPS: /opt/ros/humble/include  
[0.945s] -- Using RMW implementation 'rmw_fastrtps_cpp' as default
[0.952s] -- Found Threads: TRUE  
[0.987s] -- Found Eigen3: TRUE (found version "3.4.0") 
[0.990s] -- Found rclcpp_lifecycle: 16.0.11 (/opt/ros/humble/share/rclcpp_lifecycle/cmake)
[1.013s] -- Found Boost: /usr/lib/x86_64-linux-gnu/cmake/Boost-1.74.0/BoostConfig.cmake (found version "1.74.0") found components: filesystem 
[1.066s] -- library: /usr/lib/x86_64-linux-gnu/libcurl.so
[1.100s] -- Ensuring Eigen3 include directory is part of orocos-kdl CMake target
[1.214s] -- Found Boost: /usr/lib/x86_64-linux-gnu/cmake/Boost-1.74.0/BoostConfig.cmake (found version "1.74.0") found components: system filesystem date_time program_options thread chrono 
[1.241s] -- Found Boost: /usr/lib/x86_64-linux-gnu/cmake/Boost-1.74.0/BoostConfig.cmake (found version "1.74.0") found components: thread system filesystem regex date_time program_options 
[1.256s] -- Found Boost: /usr/lib/x86_64-linux-gnu/cmake/Boost-1.74.0/BoostConfig.cmake (found version "1.74.0") found components: system filesystem date_time program_options thread 
[1.278s] -- Found ament_lint_auto: 0.12.11 (/opt/ros/humble/share/ament_lint_auto/cmake)
[1.329s] -- Added test 'cppcheck' to perform static code analysis on C / C++ code
[1.329s] -- Configured cppcheck include dirs: $<BUILD_INTERFACE:/home/wu/colcon_ws/src/open_manipulator/open_manipulator_x_playground/include>
[1.329s] -- Configured cppcheck exclude dirs and/or files: 
[1.329s] -- Added test 'lint_cmake' to check CMake code style
[1.330s] -- Added test 'uncrustify' to check C / C++ code style
[1.330s] -- Configured uncrustify additional arguments: 
[1.330s] -- Added test 'xmllint' to check XML markup files
[1.331s] -- Configuring done
[1.359s] -- Generating done
[1.364s] -- Build files have been written to: /home/wu/colcon_ws/build/open_manipulator_x_playground
[1.376s] Invoked command in '/home/wu/colcon_ws/build/open_manipulator_x_playground' returned '0': CMAKE_PREFIX_PATH=/opt/ros/humble /usr/bin/cmake /home/wu/colcon_ws/src/open_manipulator/open_manipulator_x_playground -DAMENT_CMAKE_SYMLINK_INSTALL=1 -DCMAKE_INSTALL_PREFIX=/home/wu/colcon_ws/install/open_manipulator_x_playground
[1.377s] Invoking command in '/home/wu/colcon_ws/build/open_manipulator_x_playground': CMAKE_PREFIX_PATH=/opt/ros/humble /usr/bin/cmake --build /home/wu/colcon_ws/build/open_manipulator_x_playground -- -j12 -l12
[1.409s] [ 50%] [32mBuilding CXX object CMakeFiles/hello_moveit.dir/src/hello_moveit.cpp.o[0m
[10.254s] [100%] [32m[1mLinking CXX executable hello_moveit[0m
[10.544s] [100%] Built target hello_moveit
[10.552s] Invoked command in '/home/wu/colcon_ws/build/open_manipulator_x_playground' returned '0': CMAKE_PREFIX_PATH=/opt/ros/humble /usr/bin/cmake --build /home/wu/colcon_ws/build/open_manipulator_x_playground -- -j12 -l12
[10.554s] Invoking command in '/home/wu/colcon_ws/build/open_manipulator_x_playground': CMAKE_PREFIX_PATH=/opt/ros/humble /usr/bin/cmake --install /home/wu/colcon_ws/build/open_manipulator_x_playground
[10.559s] -- Install configuration: ""
[10.560s] -- Execute custom install script
[10.560s] -- Symlinking: /home/wu/colcon_ws/install/open_manipulator_x_playground/lib/open_manipulator_x_playground/hello_moveit
[10.566s] -- Symlinking: /home/wu/colcon_ws/install/open_manipulator_x_playground/share/ament_index/resource_index/package_run_dependencies/open_manipulator_x_playground
[10.572s] -- Symlinking: /home/wu/colcon_ws/install/open_manipulator_x_playground/share/ament_index/resource_index/parent_prefix_path/open_manipulator_x_playground
[10.579s] -- Symlinking: /home/wu/colcon_ws/install/open_manipulator_x_playground/share/open_manipulator_x_playground/environment/ament_prefix_path.sh
[10.585s] -- Symlinking: /home/wu/colcon_ws/install/open_manipulator_x_playground/share/open_manipulator_x_playground/environment/ament_prefix_path.dsv
[10.591s] -- Symlinking: /home/wu/colcon_ws/install/open_manipulator_x_playground/share/open_manipulator_x_playground/environment/path.sh
[10.597s] -- Symlinking: /home/wu/colcon_ws/install/open_manipulator_x_playground/share/open_manipulator_x_playground/environment/path.dsv
[10.602s] -- Symlinking: /home/wu/colcon_ws/install/open_manipulator_x_playground/share/open_manipulator_x_playground/local_setup.bash
[10.609s] -- Symlinking: /home/wu/colcon_ws/install/open_manipulator_x_playground/share/open_manipulator_x_playground/local_setup.sh
[10.614s] -- Symlinking: /home/wu/colcon_ws/install/open_manipulator_x_playground/share/open_manipulator_x_playground/local_setup.zsh
[10.620s] -- Symlinking: /home/wu/colcon_ws/install/open_manipulator_x_playground/share/open_manipulator_x_playground/local_setup.dsv
[10.626s] -- Symlinking: /home/wu/colcon_ws/install/open_manipulator_x_playground/share/open_manipulator_x_playground/package.dsv
[10.632s] -- Symlinking: /home/wu/colcon_ws/install/open_manipulator_x_playground/share/ament_index/resource_index/packages/open_manipulator_x_playground
[10.637s] -- Symlinking: /home/wu/colcon_ws/install/open_manipulator_x_playground/share/open_manipulator_x_playground/cmake/open_manipulator_x_playgroundConfig.cmake
[10.643s] -- Symlinking: /home/wu/colcon_ws/install/open_manipulator_x_playground/share/open_manipulator_x_playground/cmake/open_manipulator_x_playgroundConfig-version.cmake
[10.648s] -- Symlinking: /home/wu/colcon_ws/install/open_manipulator_x_playground/share/open_manipulator_x_playground/package.xml
[10.657s] Invoked command in '/home/wu/colcon_ws/build/open_manipulator_x_playground' returned '0': CMAKE_PREFIX_PATH=/opt/ros/humble /usr/bin/cmake --install /home/wu/colcon_ws/build/open_manipulator_x_playground
