[  9%] [34m[1mAutomatic MOC and UIC for target open_manipulator_x_gui_node[0m
[  9%] Built target open_manipulator_x_gui_node_autogen
[35m[1mConsolidate compiler generated dependencies of target open_manipulator_x_gui_node[0m
[100%] Built target open_manipulator_x_gui_node
-- Install configuration: ""
-- Execute custom install script
-- Symlinking: /home/wu/colcon_ws/install/open_manipulator_x_gui/lib/open_manipulator_x_gui/open_manipulator_x_gui_node
-- Symlinking: /home/wu/colcon_ws/install/open_manipulator_x_gui/include/open_manipulator_x_gui/main_window.hpp
-- Symlinking: /home/wu/colcon_ws/install/open_manipulator_x_gui/include/open_manipulator_x_gui/qnode.hpp
-- Symlinking: /home/wu/colcon_ws/install/open_manipulator_x_gui/share/open_manipulator_x_gui/launch/open_manipulator_x_gui.launch.py
-- Symlinking: /home/wu/colcon_ws/install/open_manipulator_x_gui/share/open_manipulator_x_gui/ui/main_window.ui
-- Symlinking: /home/wu/colcon_ws/install/open_manipulator_x_gui/share/open_manipulator_x_gui/config/robot_joint_log.csv
-- Symlinking: /home/wu/colcon_ws/install/open_manipulator_x_gui/share/open_manipulator_x_gui/environment/library_path.sh
-- Symlinking: /home/wu/colcon_ws/install/open_manipulator_x_gui/share/open_manipulator_x_gui/environment/library_path.dsv
-- Symlinking: /home/wu/colcon_ws/install/open_manipulator_x_gui/share/ament_index/resource_index/package_run_dependencies/open_manipulator_x_gui
-- Symlinking: /home/wu/colcon_ws/install/open_manipulator_x_gui/share/ament_index/resource_index/parent_prefix_path/open_manipulator_x_gui
-- Symlinking: /home/wu/colcon_ws/install/open_manipulator_x_gui/share/open_manipulator_x_gui/environment/ament_prefix_path.sh
-- Symlinking: /home/wu/colcon_ws/install/open_manipulator_x_gui/share/open_manipulator_x_gui/environment/ament_prefix_path.dsv
-- Symlinking: /home/wu/colcon_ws/install/open_manipulator_x_gui/share/open_manipulator_x_gui/environment/path.sh
-- Symlinking: /home/wu/colcon_ws/install/open_manipulator_x_gui/share/open_manipulator_x_gui/environment/path.dsv
-- Symlinking: /home/wu/colcon_ws/install/open_manipulator_x_gui/share/open_manipulator_x_gui/local_setup.bash
-- Symlinking: /home/wu/colcon_ws/install/open_manipulator_x_gui/share/open_manipulator_x_gui/local_setup.sh
-- Symlinking: /home/wu/colcon_ws/install/open_manipulator_x_gui/share/open_manipulator_x_gui/local_setup.zsh
-- Symlinking: /home/wu/colcon_ws/install/open_manipulator_x_gui/share/open_manipulator_x_gui/local_setup.dsv
-- Symlinking: /home/wu/colcon_ws/install/open_manipulator_x_gui/share/open_manipulator_x_gui/package.dsv
-- Symlinking: /home/wu/colcon_ws/install/open_manipulator_x_gui/share/ament_index/resource_index/packages/open_manipulator_x_gui
-- Symlinking: /home/wu/colcon_ws/install/open_manipulator_x_gui/share/open_manipulator_x_gui/cmake/ament_cmake_export_include_directories-extras.cmake
-- Symlinking: /home/wu/colcon_ws/install/open_manipulator_x_gui/share/open_manipulator_x_gui/cmake/ament_cmake_export_libraries-extras.cmake
-- Symlinking: /home/wu/colcon_ws/install/open_manipulator_x_gui/share/open_manipulator_x_gui/cmake/open_manipulator_x_guiConfig.cmake
-- Symlinking: /home/wu/colcon_ws/install/open_manipulator_x_gui/share/open_manipulator_x_gui/cmake/open_manipulator_x_guiConfig-version.cmake
-- Symlinking: /home/wu/colcon_ws/install/open_manipulator_x_gui/share/open_manipulator_x_gui/package.xml
