[0.013s] Invoking command in '/home/wu/colcon_ws/build/open_manipulator_x_description': CMAKE_PREFIX_PATH=${CMAKE_PREFIX_PATH}:/opt/ros/humble /usr/bin/cmake /home/wu/colcon_ws/src/open_manipulator/open_manipulator_x_description -DCMAKE_INSTALL_PREFIX=/home/wu/colcon_ws/install/open_manipulator_x_description
[0.021s] -- Found ament_cmake: 1.3.11 (/opt/ros/humble/share/ament_cmake/cmake)
[0.099s] -- Override CMake install command with custom implementation using symlinks instead of copying resources
[0.144s] -- Configuring done
[0.145s] -- Generating done
[0.146s] -- Build files have been written to: /home/wu/colcon_ws/build/open_manipulator_x_description
[0.148s] Invoked command in '/home/wu/colcon_ws/build/open_manipulator_x_description' returned '0': CMAKE_PREFIX_PATH=${CMAKE_PREFIX_PATH}:/opt/ros/humble /usr/bin/cmake /home/wu/colcon_ws/src/open_manipulator/open_manipulator_x_description -DCMAKE_INSTALL_PREFIX=/home/wu/colcon_ws/install/open_manipulator_x_description
[0.150s] Invoking command in '/home/wu/colcon_ws/build/open_manipulator_x_description': CMAKE_PREFIX_PATH=${CMAKE_PREFIX_PATH}:/opt/ros/humble /usr/bin/cmake --build /home/wu/colcon_ws/build/open_manipulator_x_description -- -j12 -l12
[0.172s] Invoked command in '/home/wu/colcon_ws/build/open_manipulator_x_description' returned '0': CMAKE_PREFIX_PATH=${CMAKE_PREFIX_PATH}:/opt/ros/humble /usr/bin/cmake --build /home/wu/colcon_ws/build/open_manipulator_x_description -- -j12 -l12
[0.177s] Invoking command in '/home/wu/colcon_ws/build/open_manipulator_x_description': CMAKE_PREFIX_PATH=${CMAKE_PREFIX_PATH}:/opt/ros/humble /usr/bin/cmake --install /home/wu/colcon_ws/build/open_manipulator_x_description
[0.181s] -- Install configuration: ""
[0.182s] -- Execute custom install script
[0.182s] -- Up-to-date symlink: /home/wu/colcon_ws/install/open_manipulator_x_description/share/open_manipulator_x_description/launch/model.launch.py
[0.182s] -- Up-to-date symlink: /home/wu/colcon_ws/install/open_manipulator_x_description/share/open_manipulator_x_description/meshes/gripper_left_palm.stl
[0.182s] -- Up-to-date symlink: /home/wu/colcon_ws/install/open_manipulator_x_description/share/open_manipulator_x_description/meshes/gripper_right_palm.stl
[0.182s] -- Symlinking: /home/wu/colcon_ws/install/open_manipulator_x_description/share/open_manipulator_x_description/meshes/link0.stl
[0.187s] -- Up-to-date symlink: /home/wu/colcon_ws/install/open_manipulator_x_description/share/open_manipulator_x_description/meshes/link1.stl
[0.188s] -- Up-to-date symlink: /home/wu/colcon_ws/install/open_manipulator_x_description/share/open_manipulator_x_description/meshes/link2.stl
[0.188s] -- Up-to-date symlink: /home/wu/colcon_ws/install/open_manipulator_x_description/share/open_manipulator_x_description/meshes/link3.stl
[0.188s] -- Up-to-date symlink: /home/wu/colcon_ws/install/open_manipulator_x_description/share/open_manipulator_x_description/meshes/link4.stl
[0.188s] -- Up-to-date symlink: /home/wu/colcon_ws/install/open_manipulator_x_description/share/open_manipulator_x_description/meshes/link5.stl
[0.188s] -- Symlinking: /home/wu/colcon_ws/install/open_manipulator_x_description/share/open_manipulator_x_description/meshes/link6.stl
[0.193s] -- Up-to-date symlink: /home/wu/colcon_ws/install/open_manipulator_x_description/share/open_manipulator_x_description/rviz/open_manipulator_x.rviz
[0.193s] -- Up-to-date symlink: /home/wu/colcon_ws/install/open_manipulator_x_description/share/open_manipulator_x_description/urdf/materials.xacro
[0.194s] -- Up-to-date symlink: /home/wu/colcon_ws/install/open_manipulator_x_description/share/open_manipulator_x_description/urdf/open_manipulator_x.urdf.xacro
[0.194s] -- Up-to-date symlink: /home/wu/colcon_ws/install/open_manipulator_x_description/share/open_manipulator_x_description/urdf/open_manipulator_x_robot.urdf.xacro
[0.194s] -- Up-to-date symlink: /home/wu/colcon_ws/install/open_manipulator_x_description/share/open_manipulator_x_description/gazebo/materials.xacro
[0.194s] -- Up-to-date symlink: /home/wu/colcon_ws/install/open_manipulator_x_description/share/open_manipulator_x_description/gazebo/open_manipulator_x.gazebo.xacro
[0.194s] -- Up-to-date symlink: /home/wu/colcon_ws/install/open_manipulator_x_description/share/open_manipulator_x_description/ros2_control/open_manipulator_x_system.ros2_control.xacro
[0.194s] -- Up-to-date symlink: /home/wu/colcon_ws/install/open_manipulator_x_description/share/open_manipulator_x_description/environment/open_manipulator_x_description.dsv
[0.194s] -- Up-to-date symlink: /home/wu/colcon_ws/install/open_manipulator_x_description/share/ament_index/resource_index/package_run_dependencies/open_manipulator_x_description
[0.194s] -- Up-to-date symlink: /home/wu/colcon_ws/install/open_manipulator_x_description/share/ament_index/resource_index/parent_prefix_path/open_manipulator_x_description
[0.194s] -- Up-to-date symlink: /home/wu/colcon_ws/install/open_manipulator_x_description/share/open_manipulator_x_description/environment/ament_prefix_path.sh
[0.194s] -- Up-to-date symlink: /home/wu/colcon_ws/install/open_manipulator_x_description/share/open_manipulator_x_description/environment/ament_prefix_path.dsv
[0.194s] -- Up-to-date symlink: /home/wu/colcon_ws/install/open_manipulator_x_description/share/open_manipulator_x_description/environment/path.sh
[0.194s] -- Up-to-date symlink: /home/wu/colcon_ws/install/open_manipulator_x_description/share/open_manipulator_x_description/environment/path.dsv
[0.194s] -- Up-to-date symlink: /home/wu/colcon_ws/install/open_manipulator_x_description/share/open_manipulator_x_description/local_setup.bash
[0.194s] -- Up-to-date symlink: /home/wu/colcon_ws/install/open_manipulator_x_description/share/open_manipulator_x_description/local_setup.sh
[0.194s] -- Up-to-date symlink: /home/wu/colcon_ws/install/open_manipulator_x_description/share/open_manipulator_x_description/local_setup.zsh
[0.195s] -- Up-to-date symlink: /home/wu/colcon_ws/install/open_manipulator_x_description/share/open_manipulator_x_description/local_setup.dsv
[0.195s] -- Symlinking: /home/wu/colcon_ws/install/open_manipulator_x_description/share/open_manipulator_x_description/package.dsv
[0.200s] -- Up-to-date symlink: /home/wu/colcon_ws/install/open_manipulator_x_description/share/ament_index/resource_index/packages/open_manipulator_x_description
[0.200s] -- Up-to-date symlink: /home/wu/colcon_ws/install/open_manipulator_x_description/share/open_manipulator_x_description/cmake/open_manipulator_x_descriptionConfig.cmake
[0.200s] -- Up-to-date symlink: /home/wu/colcon_ws/install/open_manipulator_x_description/share/open_manipulator_x_description/cmake/open_manipulator_x_descriptionConfig-version.cmake
[0.200s] -- Up-to-date symlink: /home/wu/colcon_ws/install/open_manipulator_x_description/share/open_manipulator_x_description/package.xml
[0.201s] Invoked command in '/home/wu/colcon_ws/build/open_manipulator_x_description' returned '0': CMAKE_PREFIX_PATH=${CMAKE_PREFIX_PATH}:/opt/ros/humble /usr/bin/cmake --install /home/wu/colcon_ws/build/open_manipulator_x_description
