[0.008s] Invoking command in '/home/wu/colcon_ws/build/open_manipulator_x_bringup': CMAKE_PREFIX_PATH=/home/wu/colcon_ws/install/open_manipulator_x_description:/home/wu/colcon_ws/install/open_manipulator:/home/wu/colcon_ws/install/open_manipulator_x_teleop:/home/wu/colcon_ws/install/open_manipulator_x_playground:/home/wu/colcon_ws/install/open_manipulator_x_moveit_config:/home/wu/colcon_ws/install/open_manipulator_x_gui:/home/wu/colcon_ws/install/open_manipulator_x_bringup:/home/wu/colcon_ws/install/dynamixel_interfaces:/opt/ros/humble /usr/bin/cmake /home/wu/colcon_ws/src/open_manipulator/open_manipulator_x_bringup -DCMAKE_INSTALL_PREFIX=/home/wu/colcon_ws/install/open_manipulator_x_bringup
[0.015s] -- Found ament_cmake: 1.3.11 (/opt/ros/humble/share/ament_cmake/cmake)
[0.102s] -- Override CMake install command with custom implementation using symlinks instead of copying resources
[0.154s] -- Configuring done
[0.156s] -- Generating done
[0.157s] -- Build files have been written to: /home/wu/colcon_ws/build/open_manipulator_x_bringup
[0.159s] Invoked command in '/home/wu/colcon_ws/build/open_manipulator_x_bringup' returned '0': CMAKE_PREFIX_PATH=/home/wu/colcon_ws/install/open_manipulator_x_description:/home/wu/colcon_ws/install/open_manipulator:/home/wu/colcon_ws/install/open_manipulator_x_teleop:/home/wu/colcon_ws/install/open_manipulator_x_playground:/home/wu/colcon_ws/install/open_manipulator_x_moveit_config:/home/wu/colcon_ws/install/open_manipulator_x_gui:/home/wu/colcon_ws/install/open_manipulator_x_bringup:/home/wu/colcon_ws/install/dynamixel_interfaces:/opt/ros/humble /usr/bin/cmake /home/wu/colcon_ws/src/open_manipulator/open_manipulator_x_bringup -DCMAKE_INSTALL_PREFIX=/home/wu/colcon_ws/install/open_manipulator_x_bringup
[0.160s] Invoking command in '/home/wu/colcon_ws/build/open_manipulator_x_bringup': CMAKE_PREFIX_PATH=/home/wu/colcon_ws/install/open_manipulator_x_description:/home/wu/colcon_ws/install/open_manipulator:/home/wu/colcon_ws/install/open_manipulator_x_teleop:/home/wu/colcon_ws/install/open_manipulator_x_playground:/home/wu/colcon_ws/install/open_manipulator_x_moveit_config:/home/wu/colcon_ws/install/open_manipulator_x_gui:/home/wu/colcon_ws/install/open_manipulator_x_bringup:/home/wu/colcon_ws/install/dynamixel_interfaces:/opt/ros/humble /usr/bin/cmake --build /home/wu/colcon_ws/build/open_manipulator_x_bringup -- -j12 -l12
[0.182s] Invoked command in '/home/wu/colcon_ws/build/open_manipulator_x_bringup' returned '0': CMAKE_PREFIX_PATH=/home/wu/colcon_ws/install/open_manipulator_x_description:/home/wu/colcon_ws/install/open_manipulator:/home/wu/colcon_ws/install/open_manipulator_x_teleop:/home/wu/colcon_ws/install/open_manipulator_x_playground:/home/wu/colcon_ws/install/open_manipulator_x_moveit_config:/home/wu/colcon_ws/install/open_manipulator_x_gui:/home/wu/colcon_ws/install/open_manipulator_x_bringup:/home/wu/colcon_ws/install/dynamixel_interfaces:/opt/ros/humble /usr/bin/cmake --build /home/wu/colcon_ws/build/open_manipulator_x_bringup -- -j12 -l12
[0.182s] Invoking command in '/home/wu/colcon_ws/build/open_manipulator_x_bringup': CMAKE_PREFIX_PATH=/home/wu/colcon_ws/install/open_manipulator_x_description:/home/wu/colcon_ws/install/open_manipulator:/home/wu/colcon_ws/install/open_manipulator_x_teleop:/home/wu/colcon_ws/install/open_manipulator_x_playground:/home/wu/colcon_ws/install/open_manipulator_x_moveit_config:/home/wu/colcon_ws/install/open_manipulator_x_gui:/home/wu/colcon_ws/install/open_manipulator_x_bringup:/home/wu/colcon_ws/install/dynamixel_interfaces:/opt/ros/humble /usr/bin/cmake --install /home/wu/colcon_ws/build/open_manipulator_x_bringup
[0.188s] -- Install configuration: ""
[0.188s] -- Execute custom install script
[0.189s] -- Up-to-date symlink: /home/wu/colcon_ws/install/open_manipulator_x_bringup/share/open_manipulator_x_bringup/launch/base.launch.py
[0.189s] -- Up-to-date symlink: /home/wu/colcon_ws/install/open_manipulator_x_bringup/share/open_manipulator_x_bringup/launch/fake.launch.py
[0.189s] -- Up-to-date symlink: /home/wu/colcon_ws/install/open_manipulator_x_bringup/share/open_manipulator_x_bringup/launch/gazebo.launch.py
[0.189s] -- Up-to-date symlink: /home/wu/colcon_ws/install/open_manipulator_x_bringup/share/open_manipulator_x_bringup/launch/hardware.launch.py
[0.189s] -- Up-to-date symlink: /home/wu/colcon_ws/install/open_manipulator_x_bringup/share/open_manipulator_x_bringup/config/gazebo_controller_manager.yaml
[0.189s] -- Up-to-date symlink: /home/wu/colcon_ws/install/open_manipulator_x_bringup/share/open_manipulator_x_bringup/config/hardware_controller_manager.yaml
[0.189s] -- Up-to-date symlink: /home/wu/colcon_ws/install/open_manipulator_x_bringup/share/open_manipulator_x_bringup/rviz/open_manipulator_x.rviz
[0.189s] -- Up-to-date symlink: /home/wu/colcon_ws/install/open_manipulator_x_bringup/share/open_manipulator_x_bringup/worlds/empty_world.model
[0.189s] -- Up-to-date symlink: /home/wu/colcon_ws/install/open_manipulator_x_bringup/share/open_manipulator_x_bringup/99-open-manipulator-cdc.rules
[0.190s] -- Up-to-date symlink: /home/wu/colcon_ws/install/open_manipulator_x_bringup/lib/open_manipulator_x_bringup/create_udev_rules
[0.190s] -- Up-to-date symlink: /home/wu/colcon_ws/install/open_manipulator_x_bringup/share/open_manipulator_x_bringup/environment/open_manipulator_x_bringup.dsv
[0.190s] -- Up-to-date symlink: /home/wu/colcon_ws/install/open_manipulator_x_bringup/share/ament_index/resource_index/package_run_dependencies/open_manipulator_x_bringup
[0.191s] -- Up-to-date symlink: /home/wu/colcon_ws/install/open_manipulator_x_bringup/share/ament_index/resource_index/parent_prefix_path/open_manipulator_x_bringup
[0.191s] -- Up-to-date symlink: /home/wu/colcon_ws/install/open_manipulator_x_bringup/share/open_manipulator_x_bringup/environment/ament_prefix_path.sh
[0.191s] -- Up-to-date symlink: /home/wu/colcon_ws/install/open_manipulator_x_bringup/share/open_manipulator_x_bringup/environment/ament_prefix_path.dsv
[0.191s] -- Up-to-date symlink: /home/wu/colcon_ws/install/open_manipulator_x_bringup/share/open_manipulator_x_bringup/environment/path.sh
[0.191s] -- Up-to-date symlink: /home/wu/colcon_ws/install/open_manipulator_x_bringup/share/open_manipulator_x_bringup/environment/path.dsv
[0.191s] -- Up-to-date symlink: /home/wu/colcon_ws/install/open_manipulator_x_bringup/share/open_manipulator_x_bringup/local_setup.bash
[0.191s] -- Up-to-date symlink: /home/wu/colcon_ws/install/open_manipulator_x_bringup/share/open_manipulator_x_bringup/local_setup.sh
[0.191s] -- Up-to-date symlink: /home/wu/colcon_ws/install/open_manipulator_x_bringup/share/open_manipulator_x_bringup/local_setup.zsh
[0.191s] -- Up-to-date symlink: /home/wu/colcon_ws/install/open_manipulator_x_bringup/share/open_manipulator_x_bringup/local_setup.dsv
[0.191s] -- Symlinking: /home/wu/colcon_ws/install/open_manipulator_x_bringup/share/open_manipulator_x_bringup/package.dsv
[0.197s] -- Up-to-date symlink: /home/wu/colcon_ws/install/open_manipulator_x_bringup/share/ament_index/resource_index/packages/open_manipulator_x_bringup
[0.197s] -- Up-to-date symlink: /home/wu/colcon_ws/install/open_manipulator_x_bringup/share/open_manipulator_x_bringup/cmake/open_manipulator_x_bringupConfig.cmake
[0.197s] -- Up-to-date symlink: /home/wu/colcon_ws/install/open_manipulator_x_bringup/share/open_manipulator_x_bringup/cmake/open_manipulator_x_bringupConfig-version.cmake
[0.198s] -- Up-to-date symlink: /home/wu/colcon_ws/install/open_manipulator_x_bringup/share/open_manipulator_x_bringup/package.xml
[0.199s] Invoked command in '/home/wu/colcon_ws/build/open_manipulator_x_bringup' returned '0': CMAKE_PREFIX_PATH=/home/wu/colcon_ws/install/open_manipulator_x_description:/home/wu/colcon_ws/install/open_manipulator:/home/wu/colcon_ws/install/open_manipulator_x_teleop:/home/wu/colcon_ws/install/open_manipulator_x_playground:/home/wu/colcon_ws/install/open_manipulator_x_moveit_config:/home/wu/colcon_ws/install/open_manipulator_x_gui:/home/wu/colcon_ws/install/open_manipulator_x_bringup:/home/wu/colcon_ws/install/dynamixel_interfaces:/opt/ros/humble /usr/bin/cmake --install /home/wu/colcon_ws/build/open_manipulator_x_bringup
