[0.006s] Invoking command in '/home/wu/colcon_ws/build/open_manipulator_x_teleop': AMENT_PREFIX_PATH=/home/wu/colcon_ws/install/open_manipulator_x_moveit_config:/home/wu/colcon_ws/install/open_manipulator_x_bringup:/home/wu/colcon_ws/install/open_manipulator_x_description:${AMENT_PREFIX_PATH} CMAKE_PREFIX_PATH=/home/wu/colcon_ws/install/open_manipulator_x_moveit_config:/home/wu/colcon_ws/install/open_manipulator_x_bringup:/home/wu/colcon_ws/install/open_manipulator_x_description:/opt/ros/humble /usr/bin/cmake /home/wu/colcon_ws/src/open_manipulator/open_manipulator_x_teleop -DAMENT_CMAKE_SYMLINK_INSTALL=1 -DCMAKE_INSTALL_PREFIX=/home/wu/colcon_ws/install/open_manipulator_x_teleop
[0.040s] -- The C compiler identification is GNU 11.4.0
[0.079s] -- The CXX compiler identification is GNU 11.4.0
[0.085s] -- Detecting C compiler ABI info
[0.130s] -- Detecting C compiler ABI info - done
[0.138s] -- Check for working C compiler: /usr/bin/cc - skipped
[0.138s] -- Detecting C compile features
[0.139s] -- Detecting C compile features - done
[0.142s] -- Detecting CXX compiler ABI info
[0.193s] -- Detecting CXX compiler ABI info - done
[0.201s] -- Check for working CXX compiler: /usr/bin/c++ - skipped
[0.201s] -- Detecting CXX compile features
[0.201s] -- Detecting CXX compile features - done
[0.204s] -- Found ament_cmake: 1.3.11 (/opt/ros/humble/share/ament_cmake/cmake)
[0.332s] -- Found Python3: /usr/bin/python3 (found version "3.10.12") found components: Interpreter 
[0.384s] -- Override CMake install command with custom implementation using symlinks instead of copying resources
[0.409s] -- Found rclcpp: 16.0.11 (/opt/ros/humble/share/rclcpp/cmake)
[0.439s] -- Found rosidl_generator_c: 3.1.6 (/opt/ros/humble/share/rosidl_generator_c/cmake)
[0.443s] -- Found rosidl_adapter: 3.1.6 (/opt/ros/humble/share/rosidl_adapter/cmake)
[0.448s] -- Found rosidl_generator_cpp: 3.1.6 (/opt/ros/humble/share/rosidl_generator_cpp/cmake)
[0.456s] -- Using all available rosidl_typesupport_c: rosidl_typesupport_fastrtps_c;rosidl_typesupport_introspection_c
[0.468s] -- Using all available rosidl_typesupport_cpp: rosidl_typesupport_fastrtps_cpp;rosidl_typesupport_introspection_cpp
[0.504s] -- Found rmw_implementation_cmake: 6.1.2 (/opt/ros/humble/share/rmw_implementation_cmake/cmake)
[0.506s] -- Found rmw_fastrtps_cpp: 6.2.7 (/opt/ros/humble/share/rmw_fastrtps_cpp/cmake)
[0.562s] -- Found OpenSSL: /usr/lib/x86_64-linux-gnu/libcrypto.so (found version "3.0.2")  
[0.601s] -- Found FastRTPS: /opt/ros/humble/include  
[0.650s] -- Using RMW implementation 'rmw_fastrtps_cpp' as default
[0.655s] -- Looking for pthread.h
[0.755s] -- Looking for pthread.h - found
[0.756s] -- Performing Test CMAKE_HAVE_LIBC_PTHREAD
[0.833s] -- Performing Test CMAKE_HAVE_LIBC_PTHREAD - Success
[0.834s] -- Found Threads: TRUE  
[0.897s] -- Found open_manipulator_x_bringup: 3.0.0 (/home/wu/colcon_ws/install/open_manipulator_x_bringup/share/open_manipulator_x_bringup/cmake)
[0.897s] -- Found open_manipulator_x_moveit_config: 3.0.0 (/home/wu/colcon_ws/install/open_manipulator_x_moveit_config/share/open_manipulator_x_moveit_config/cmake)
[0.897s] -- Found open_manipulator_x_description: 3.0.0 (/home/wu/colcon_ws/install/open_manipulator_x_description/share/open_manipulator_x_description/cmake)
[0.900s] -- Found geometry_msgs: 4.2.4 (/opt/ros/humble/share/geometry_msgs/cmake)
[0.920s] -- Found nav_msgs: 4.2.4 (/opt/ros/humble/share/nav_msgs/cmake)
[0.961s] -- Found control_msgs: 4.7.0 (/opt/ros/humble/share/control_msgs/cmake)
[1.067s] -- Found std_srvs: 4.2.4 (/opt/ros/humble/share/std_srvs/cmake)
[1.075s] -- Found rclcpp_action: 16.0.11 (/opt/ros/humble/share/rclcpp_action/cmake)
[1.093s] -- Found ament_lint_auto: 0.12.11 (/opt/ros/humble/share/ament_lint_auto/cmake)
[1.175s] -- Added test 'cppcheck' to perform static code analysis on C / C++ code
[1.175s] -- Configured cppcheck include dirs: $<BUILD_INTERFACE:/home/wu/colcon_ws/src/open_manipulator/open_manipulator_x_teleop/include>
[1.175s] -- Configured cppcheck exclude dirs and/or files: 
[1.175s] -- Added test 'lint_cmake' to check CMake code style
[1.175s] -- Added test 'uncrustify' to check C / C++ code style
[1.175s] -- Configured uncrustify additional arguments: 
[1.175s] -- Added test 'xmllint' to check XML markup files
[1.175s] -- Configuring done
[1.190s] -- Generating done
[1.197s] -- Build files have been written to: /home/wu/colcon_ws/build/open_manipulator_x_teleop
[1.220s] Invoked command in '/home/wu/colcon_ws/build/open_manipulator_x_teleop' returned '0': AMENT_PREFIX_PATH=/home/wu/colcon_ws/install/open_manipulator_x_moveit_config:/home/wu/colcon_ws/install/open_manipulator_x_bringup:/home/wu/colcon_ws/install/open_manipulator_x_description:${AMENT_PREFIX_PATH} CMAKE_PREFIX_PATH=/home/wu/colcon_ws/install/open_manipulator_x_moveit_config:/home/wu/colcon_ws/install/open_manipulator_x_bringup:/home/wu/colcon_ws/install/open_manipulator_x_description:/opt/ros/humble /usr/bin/cmake /home/wu/colcon_ws/src/open_manipulator/open_manipulator_x_teleop -DAMENT_CMAKE_SYMLINK_INSTALL=1 -DCMAKE_INSTALL_PREFIX=/home/wu/colcon_ws/install/open_manipulator_x_teleop
[1.220s] Invoking command in '/home/wu/colcon_ws/build/open_manipulator_x_teleop': AMENT_PREFIX_PATH=/home/wu/colcon_ws/install/open_manipulator_x_moveit_config:/home/wu/colcon_ws/install/open_manipulator_x_bringup:/home/wu/colcon_ws/install/open_manipulator_x_description:${AMENT_PREFIX_PATH} CMAKE_PREFIX_PATH=/home/wu/colcon_ws/install/open_manipulator_x_moveit_config:/home/wu/colcon_ws/install/open_manipulator_x_bringup:/home/wu/colcon_ws/install/open_manipulator_x_description:/opt/ros/humble /usr/bin/cmake --build /home/wu/colcon_ws/build/open_manipulator_x_teleop -- -j12 -l12
[1.321s] [ 50%] [32mBuilding CXX object CMakeFiles/open_manipulator_x_teleop.dir/src/open_manipulator_x_teleop.cpp.o[0m
[8.840s] [100%] [32m[1mLinking CXX executable open_manipulator_x_teleop[0m
[9.133s] [100%] Built target open_manipulator_x_teleop
[9.142s] Invoked command in '/home/wu/colcon_ws/build/open_manipulator_x_teleop' returned '0': AMENT_PREFIX_PATH=/home/wu/colcon_ws/install/open_manipulator_x_moveit_config:/home/wu/colcon_ws/install/open_manipulator_x_bringup:/home/wu/colcon_ws/install/open_manipulator_x_description:${AMENT_PREFIX_PATH} CMAKE_PREFIX_PATH=/home/wu/colcon_ws/install/open_manipulator_x_moveit_config:/home/wu/colcon_ws/install/open_manipulator_x_bringup:/home/wu/colcon_ws/install/open_manipulator_x_description:/opt/ros/humble /usr/bin/cmake --build /home/wu/colcon_ws/build/open_manipulator_x_teleop -- -j12 -l12
[9.142s] Invoking command in '/home/wu/colcon_ws/build/open_manipulator_x_teleop': AMENT_PREFIX_PATH=/home/wu/colcon_ws/install/open_manipulator_x_moveit_config:/home/wu/colcon_ws/install/open_manipulator_x_bringup:/home/wu/colcon_ws/install/open_manipulator_x_description:${AMENT_PREFIX_PATH} CMAKE_PREFIX_PATH=/home/wu/colcon_ws/install/open_manipulator_x_moveit_config:/home/wu/colcon_ws/install/open_manipulator_x_bringup:/home/wu/colcon_ws/install/open_manipulator_x_description:/opt/ros/humble /usr/bin/cmake --install /home/wu/colcon_ws/build/open_manipulator_x_teleop
[9.148s] -- Install configuration: ""
[9.148s] -- Execute custom install script
[9.149s] -- Symlinking: /home/wu/colcon_ws/install/open_manipulator_x_teleop/lib/open_manipulator_x_teleop/open_manipulator_x_teleop
[9.156s] -- Symlinking: /home/wu/colcon_ws/install/open_manipulator_x_teleop/share/ament_index/resource_index/package_run_dependencies/open_manipulator_x_teleop
[9.163s] -- Symlinking: /home/wu/colcon_ws/install/open_manipulator_x_teleop/share/ament_index/resource_index/parent_prefix_path/open_manipulator_x_teleop
[9.171s] -- Symlinking: /home/wu/colcon_ws/install/open_manipulator_x_teleop/share/open_manipulator_x_teleop/environment/ament_prefix_path.sh
[9.179s] -- Symlinking: /home/wu/colcon_ws/install/open_manipulator_x_teleop/share/open_manipulator_x_teleop/environment/ament_prefix_path.dsv
[9.187s] -- Symlinking: /home/wu/colcon_ws/install/open_manipulator_x_teleop/share/open_manipulator_x_teleop/environment/path.sh
[9.194s] -- Symlinking: /home/wu/colcon_ws/install/open_manipulator_x_teleop/share/open_manipulator_x_teleop/environment/path.dsv
[9.202s] -- Symlinking: /home/wu/colcon_ws/install/open_manipulator_x_teleop/share/open_manipulator_x_teleop/local_setup.bash
[9.209s] -- Symlinking: /home/wu/colcon_ws/install/open_manipulator_x_teleop/share/open_manipulator_x_teleop/local_setup.sh
[9.216s] -- Symlinking: /home/wu/colcon_ws/install/open_manipulator_x_teleop/share/open_manipulator_x_teleop/local_setup.zsh
[9.223s] -- Symlinking: /home/wu/colcon_ws/install/open_manipulator_x_teleop/share/open_manipulator_x_teleop/local_setup.dsv
[9.230s] -- Symlinking: /home/wu/colcon_ws/install/open_manipulator_x_teleop/share/open_manipulator_x_teleop/package.dsv
[9.237s] -- Symlinking: /home/wu/colcon_ws/install/open_manipulator_x_teleop/share/ament_index/resource_index/packages/open_manipulator_x_teleop
[9.243s] -- Symlinking: /home/wu/colcon_ws/install/open_manipulator_x_teleop/share/open_manipulator_x_teleop/cmake/open_manipulator_x_teleopConfig.cmake
[9.248s] -- Symlinking: /home/wu/colcon_ws/install/open_manipulator_x_teleop/share/open_manipulator_x_teleop/cmake/open_manipulator_x_teleopConfig-version.cmake
[9.256s] -- Symlinking: /home/wu/colcon_ws/install/open_manipulator_x_teleop/share/open_manipulator_x_teleop/package.xml
[9.264s] Invoked command in '/home/wu/colcon_ws/build/open_manipulator_x_teleop' returned '0': AMENT_PREFIX_PATH=/home/wu/colcon_ws/install/open_manipulator_x_moveit_config:/home/wu/colcon_ws/install/open_manipulator_x_bringup:/home/wu/colcon_ws/install/open_manipulator_x_description:${AMENT_PREFIX_PATH} CMAKE_PREFIX_PATH=/home/wu/colcon_ws/install/open_manipulator_x_moveit_config:/home/wu/colcon_ws/install/open_manipulator_x_bringup:/home/wu/colcon_ws/install/open_manipulator_x_description:/opt/ros/humble /usr/bin/cmake --install /home/wu/colcon_ws/build/open_manipulator_x_teleop
