[0.011s] Invoking command in '/home/wu/colcon_ws/build/dynamixel_interfaces': CMAKE_PREFIX_PATH=${CMAKE_PREFIX_PATH}:/opt/ros/humble /usr/bin/cmake /home/wu/colcon_ws/src/dynamixel_interfaces -DCMAKE_INSTALL_PREFIX=/home/wu/colcon_ws/install/dynamixel_interfaces
[0.018s] -- Found ament_cmake: 1.3.11 (/opt/ros/humble/share/ament_cmake/cmake)
[0.096s] -- Override CMake install command with custom implementation using symlinks instead of copying resources
[0.101s] -- Found std_msgs: 4.2.4 (/opt/ros/humble/share/std_msgs/cmake)
[0.116s] -- Found rosidl_generator_c: 3.1.6 (/opt/ros/humble/share/rosidl_generator_c/cmake)
[0.117s] -- Found rosidl_adapter: 3.1.6 (/opt/ros/humble/share/rosidl_adapter/cmake)
[0.121s] -- Found rosidl_generator_cpp: 3.1.6 (/opt/ros/humble/share/rosidl_generator_cpp/cmake)
[0.127s] -- Using all available rosidl_typesupport_c: rosidl_typesupport_fastrtps_c;rosidl_typesupport_introspection_c
[0.135s] -- Using all available rosidl_typesupport_cpp: rosidl_typesupport_fastrtps_cpp;rosidl_typesupport_introspection_cpp
[0.149s] -- Found geometry_msgs: 4.2.4 (/opt/ros/humble/share/geometry_msgs/cmake)
[0.158s] -- Found rosidl_default_generators: 1.2.0 (/opt/ros/humble/share/rosidl_default_generators/cmake)
[0.402s] -- Found ament_cmake_ros: 0.10.0 (/opt/ros/humble/share/ament_cmake_ros/cmake)
[0.722s] -- Using all available rosidl_typesupport_c: rosidl_typesupport_fastrtps_c;rosidl_typesupport_introspection_c
[0.836s] -- Using all available rosidl_typesupport_cpp: rosidl_typesupport_fastrtps_cpp;rosidl_typesupport_introspection_cpp
[0.850s] -- Found python_cmake_module: 0.10.0 (/opt/ros/humble/share/python_cmake_module/cmake)
[0.865s] -- Using PYTHON_EXECUTABLE: /usr/bin/python3
[0.865s] -- Using PYTHON_INCLUDE_DIRS: /usr/include/python3.10
[0.865s] -- Using PYTHON_LIBRARIES: /usr/lib/x86_64-linux-gnu/libpython3.10.so
[0.892s] -- Found ament_lint_auto: 0.12.11 (/opt/ros/humble/share/ament_lint_auto/cmake)
[0.899s] -- Added test 'copyright' to check source files copyright and LICENSE
[0.901s] -- Added test 'lint_cmake' to check CMake code style
[0.903s] -- Added test 'xmllint' to check XML markup files
[0.905s] -- Configuring done
[0.928s] -- Generating done
[0.935s] -- Build files have been written to: /home/wu/colcon_ws/build/dynamixel_interfaces
[0.939s] Invoked command in '/home/wu/colcon_ws/build/dynamixel_interfaces' returned '0': CMAKE_PREFIX_PATH=${CMAKE_PREFIX_PATH}:/opt/ros/humble /usr/bin/cmake /home/wu/colcon_ws/src/dynamixel_interfaces -DCMAKE_INSTALL_PREFIX=/home/wu/colcon_ws/install/dynamixel_interfaces
[0.940s] Invoking command in '/home/wu/colcon_ws/build/dynamixel_interfaces': CMAKE_PREFIX_PATH=${CMAKE_PREFIX_PATH}:/opt/ros/humble /usr/bin/cmake --build /home/wu/colcon_ws/build/dynamixel_interfaces -- -j12 -l12
[0.965s] [35m[1mConsolidate compiler generated dependencies of target dynamixel_interfaces__rosidl_generator_c[0m
[0.970s] [  1%] Built target dynamixel_interfaces__cpp
[0.972s] [ 12%] Built target dynamixel_interfaces__rosidl_generator_c
[0.978s] [ 12%] Built target ament_cmake_python_symlink_dynamixel_interfaces
[0.979s] [35m[1mConsolidate compiler generated dependencies of target dynamixel_interfaces__rosidl_typesupport_fastrtps_cpp[0m
[0.979s] [35m[1mConsolidate compiler generated dependencies of target dynamixel_interfaces__rosidl_typesupport_cpp[0m
[0.979s] [35m[1mConsolidate compiler generated dependencies of target dynamixel_interfaces__rosidl_typesupport_introspection_cpp[0m
[0.980s] [35m[1mConsolidate compiler generated dependencies of target dynamixel_interfaces__rosidl_typesupport_introspection_c[0m
[0.981s] [35m[1mConsolidate compiler generated dependencies of target dynamixel_interfaces__rosidl_typesupport_c[0m
[0.981s] [35m[1mConsolidate compiler generated dependencies of target dynamixel_interfaces__rosidl_typesupport_fastrtps_c[0m
[0.989s] [ 32%] Built target dynamixel_interfaces__rosidl_typesupport_introspection_c
[0.990s] [ 34%] Built target dynamixel_interfaces__rosidl_typesupport_c
[0.990s] [ 45%] Built target dynamixel_interfaces__rosidl_typesupport_cpp
[0.991s] [ 56%] Built target dynamixel_interfaces__rosidl_typesupport_fastrtps_cpp
[0.992s] [ 67%] Built target dynamixel_interfaces__rosidl_typesupport_fastrtps_c
[0.994s] [ 78%] Built target dynamixel_interfaces__rosidl_typesupport_introspection_cpp
[1.006s] [ 78%] Built target dynamixel_interfaces
[1.019s] [ 80%] Built target dynamixel_interfaces__py
[1.027s] [35m[1mConsolidate compiler generated dependencies of target dynamixel_interfaces__rosidl_generator_py[0m
[1.035s] [ 89%] Built target dynamixel_interfaces__rosidl_generator_py
[1.041s] [35m[1mConsolidate compiler generated dependencies of target dynamixel_interfaces__rosidl_typesupport_fastrtps_c__pyext[0m
[1.041s] [35m[1mConsolidate compiler generated dependencies of target dynamixel_interfaces__rosidl_typesupport_c__pyext[0m
[1.041s] [35m[1mConsolidate compiler generated dependencies of target dynamixel_interfaces__rosidl_typesupport_introspection_c__pyext[0m
[1.048s] [ 96%] Built target dynamixel_interfaces__rosidl_typesupport_c__pyext
[1.048s] [ 96%] Built target dynamixel_interfaces__rosidl_typesupport_introspection_c__pyext
[1.048s] [100%] Built target dynamixel_interfaces__rosidl_typesupport_fastrtps_c__pyext
[1.136s] running egg_info
[1.136s] writing dynamixel_interfaces.egg-info/PKG-INFO
[1.136s] writing dependency_links to dynamixel_interfaces.egg-info/dependency_links.txt
[1.136s] writing top-level names to dynamixel_interfaces.egg-info/top_level.txt
[1.138s] reading manifest file 'dynamixel_interfaces.egg-info/SOURCES.txt'
[1.138s] writing manifest file 'dynamixel_interfaces.egg-info/SOURCES.txt'
[1.153s] [100%] Built target ament_cmake_python_build_dynamixel_interfaces_egg
[1.160s] Invoked command in '/home/wu/colcon_ws/build/dynamixel_interfaces' returned '0': CMAKE_PREFIX_PATH=${CMAKE_PREFIX_PATH}:/opt/ros/humble /usr/bin/cmake --build /home/wu/colcon_ws/build/dynamixel_interfaces -- -j12 -l12
[1.161s] Invoking command in '/home/wu/colcon_ws/build/dynamixel_interfaces': CMAKE_PREFIX_PATH=${CMAKE_PREFIX_PATH}:/opt/ros/humble /usr/bin/cmake --install /home/wu/colcon_ws/build/dynamixel_interfaces
[1.165s] -- Install configuration: ""
[1.166s] -- Execute custom install script
[1.166s] -- Up-to-date symlink: /home/wu/colcon_ws/install/dynamixel_interfaces/share/ament_index/resource_index/rosidl_interfaces/dynamixel_interfaces
[1.166s] -- Up-to-date symlink: /home/wu/colcon_ws/install/dynamixel_interfaces/include/dynamixel_interfaces/dynamixel_interfaces/msg/detail/dynamixel_state__functions.h
[1.166s] -- Up-to-date symlink: /home/wu/colcon_ws/install/dynamixel_interfaces/include/dynamixel_interfaces/dynamixel_interfaces/msg/detail/dynamixel_state__struct.h
[1.166s] -- Up-to-date symlink: /home/wu/colcon_ws/install/dynamixel_interfaces/include/dynamixel_interfaces/dynamixel_interfaces/msg/detail/dynamixel_state__type_support.h
[1.166s] -- Up-to-date symlink: /home/wu/colcon_ws/install/dynamixel_interfaces/include/dynamixel_interfaces/dynamixel_interfaces/msg/dynamixel_state.h
[1.166s] -- Up-to-date symlink: /home/wu/colcon_ws/install/dynamixel_interfaces/include/dynamixel_interfaces/dynamixel_interfaces/msg/rosidl_generator_c__visibility_control.h
[1.167s] -- Up-to-date symlink: /home/wu/colcon_ws/install/dynamixel_interfaces/include/dynamixel_interfaces/dynamixel_interfaces/srv/detail/get_data_from_dxl__functions.h
[1.167s] -- Up-to-date symlink: /home/wu/colcon_ws/install/dynamixel_interfaces/include/dynamixel_interfaces/dynamixel_interfaces/srv/detail/get_data_from_dxl__struct.h
[1.167s] -- Up-to-date symlink: /home/wu/colcon_ws/install/dynamixel_interfaces/include/dynamixel_interfaces/dynamixel_interfaces/srv/detail/get_data_from_dxl__type_support.h
[1.167s] -- Up-to-date symlink: /home/wu/colcon_ws/install/dynamixel_interfaces/include/dynamixel_interfaces/dynamixel_interfaces/srv/detail/reboot_dxl__functions.h
[1.167s] -- Up-to-date symlink: /home/wu/colcon_ws/install/dynamixel_interfaces/include/dynamixel_interfaces/dynamixel_interfaces/srv/detail/reboot_dxl__struct.h
[1.167s] -- Up-to-date symlink: /home/wu/colcon_ws/install/dynamixel_interfaces/include/dynamixel_interfaces/dynamixel_interfaces/srv/detail/reboot_dxl__type_support.h
[1.167s] -- Up-to-date symlink: /home/wu/colcon_ws/install/dynamixel_interfaces/include/dynamixel_interfaces/dynamixel_interfaces/srv/detail/set_data_to_dxl__functions.h
[1.167s] -- Up-to-date symlink: /home/wu/colcon_ws/install/dynamixel_interfaces/include/dynamixel_interfaces/dynamixel_interfaces/srv/detail/set_data_to_dxl__struct.h
[1.167s] -- Up-to-date symlink: /home/wu/colcon_ws/install/dynamixel_interfaces/include/dynamixel_interfaces/dynamixel_interfaces/srv/detail/set_data_to_dxl__type_support.h
[1.167s] -- Up-to-date symlink: /home/wu/colcon_ws/install/dynamixel_interfaces/include/dynamixel_interfaces/dynamixel_interfaces/srv/get_data_from_dxl.h
[1.167s] -- Up-to-date symlink: /home/wu/colcon_ws/install/dynamixel_interfaces/include/dynamixel_interfaces/dynamixel_interfaces/srv/reboot_dxl.h
[1.167s] -- Up-to-date symlink: /home/wu/colcon_ws/install/dynamixel_interfaces/include/dynamixel_interfaces/dynamixel_interfaces/srv/set_data_to_dxl.h
[1.167s] -- Up-to-date symlink: /home/wu/colcon_ws/install/dynamixel_interfaces/share/dynamixel_interfaces/environment/library_path.sh
[1.167s] -- Up-to-date symlink: /home/wu/colcon_ws/install/dynamixel_interfaces/share/dynamixel_interfaces/environment/library_path.dsv
[1.167s] -- Up-to-date symlink: /home/wu/colcon_ws/install/dynamixel_interfaces/include/dynamixel_interfaces/dynamixel_interfaces/msg/detail/dynamixel_state__rosidl_typesupport_fastrtps_c.h
[1.167s] -- Up-to-date symlink: /home/wu/colcon_ws/install/dynamixel_interfaces/include/dynamixel_interfaces/dynamixel_interfaces/msg/rosidl_typesupport_fastrtps_c__visibility_control.h
[1.168s] -- Up-to-date symlink: /home/wu/colcon_ws/install/dynamixel_interfaces/include/dynamixel_interfaces/dynamixel_interfaces/srv/detail/get_data_from_dxl__rosidl_typesupport_fastrtps_c.h
[1.168s] -- Up-to-date symlink: /home/wu/colcon_ws/install/dynamixel_interfaces/include/dynamixel_interfaces/dynamixel_interfaces/srv/detail/reboot_dxl__rosidl_typesupport_fastrtps_c.h
[1.168s] -- Up-to-date symlink: /home/wu/colcon_ws/install/dynamixel_interfaces/include/dynamixel_interfaces/dynamixel_interfaces/srv/detail/set_data_to_dxl__rosidl_typesupport_fastrtps_c.h
[1.168s] -- Up-to-date symlink: /home/wu/colcon_ws/install/dynamixel_interfaces/include/dynamixel_interfaces/dynamixel_interfaces/msg/detail/dynamixel_state__builder.hpp
[1.168s] -- Up-to-date symlink: /home/wu/colcon_ws/install/dynamixel_interfaces/include/dynamixel_interfaces/dynamixel_interfaces/msg/detail/dynamixel_state__struct.hpp
[1.168s] -- Up-to-date symlink: /home/wu/colcon_ws/install/dynamixel_interfaces/include/dynamixel_interfaces/dynamixel_interfaces/msg/detail/dynamixel_state__traits.hpp
[1.168s] -- Up-to-date symlink: /home/wu/colcon_ws/install/dynamixel_interfaces/include/dynamixel_interfaces/dynamixel_interfaces/msg/detail/dynamixel_state__type_support.hpp
[1.168s] -- Up-to-date symlink: /home/wu/colcon_ws/install/dynamixel_interfaces/include/dynamixel_interfaces/dynamixel_interfaces/msg/dynamixel_state.hpp
[1.168s] -- Up-to-date symlink: /home/wu/colcon_ws/install/dynamixel_interfaces/include/dynamixel_interfaces/dynamixel_interfaces/msg/rosidl_generator_cpp__visibility_control.hpp
[1.168s] -- Up-to-date symlink: /home/wu/colcon_ws/install/dynamixel_interfaces/include/dynamixel_interfaces/dynamixel_interfaces/srv/detail/get_data_from_dxl__builder.hpp
[1.168s] -- Up-to-date symlink: /home/wu/colcon_ws/install/dynamixel_interfaces/include/dynamixel_interfaces/dynamixel_interfaces/srv/detail/get_data_from_dxl__struct.hpp
[1.168s] -- Up-to-date symlink: /home/wu/colcon_ws/install/dynamixel_interfaces/include/dynamixel_interfaces/dynamixel_interfaces/srv/detail/get_data_from_dxl__traits.hpp
[1.168s] -- Up-to-date symlink: /home/wu/colcon_ws/install/dynamixel_interfaces/include/dynamixel_interfaces/dynamixel_interfaces/srv/detail/get_data_from_dxl__type_support.hpp
[1.168s] -- Up-to-date symlink: /home/wu/colcon_ws/install/dynamixel_interfaces/include/dynamixel_interfaces/dynamixel_interfaces/srv/detail/reboot_dxl__builder.hpp
[1.168s] -- Up-to-date symlink: /home/wu/colcon_ws/install/dynamixel_interfaces/include/dynamixel_interfaces/dynamixel_interfaces/srv/detail/reboot_dxl__struct.hpp
[1.168s] -- Up-to-date symlink: /home/wu/colcon_ws/install/dynamixel_interfaces/include/dynamixel_interfaces/dynamixel_interfaces/srv/detail/reboot_dxl__traits.hpp
[1.168s] -- Up-to-date symlink: /home/wu/colcon_ws/install/dynamixel_interfaces/include/dynamixel_interfaces/dynamixel_interfaces/srv/detail/reboot_dxl__type_support.hpp
[1.169s] -- Up-to-date symlink: /home/wu/colcon_ws/install/dynamixel_interfaces/include/dynamixel_interfaces/dynamixel_interfaces/srv/detail/set_data_to_dxl__builder.hpp
[1.169s] -- Up-to-date symlink: /home/wu/colcon_ws/install/dynamixel_interfaces/include/dynamixel_interfaces/dynamixel_interfaces/srv/detail/set_data_to_dxl__struct.hpp
[1.169s] -- Up-to-date symlink: /home/wu/colcon_ws/install/dynamixel_interfaces/include/dynamixel_interfaces/dynamixel_interfaces/srv/detail/set_data_to_dxl__traits.hpp
[1.169s] -- Up-to-date symlink: /home/wu/colcon_ws/install/dynamixel_interfaces/include/dynamixel_interfaces/dynamixel_interfaces/srv/detail/set_data_to_dxl__type_support.hpp
[1.169s] -- Up-to-date symlink: /home/wu/colcon_ws/install/dynamixel_interfaces/include/dynamixel_interfaces/dynamixel_interfaces/srv/get_data_from_dxl.hpp
[1.169s] -- Up-to-date symlink: /home/wu/colcon_ws/install/dynamixel_interfaces/include/dynamixel_interfaces/dynamixel_interfaces/srv/reboot_dxl.hpp
[1.169s] -- Up-to-date symlink: /home/wu/colcon_ws/install/dynamixel_interfaces/include/dynamixel_interfaces/dynamixel_interfaces/srv/set_data_to_dxl.hpp
[1.169s] -- Up-to-date symlink: /home/wu/colcon_ws/install/dynamixel_interfaces/include/dynamixel_interfaces/dynamixel_interfaces/msg/detail/dynamixel_state__rosidl_typesupport_fastrtps_cpp.hpp
[1.169s] -- Up-to-date symlink: /home/wu/colcon_ws/install/dynamixel_interfaces/include/dynamixel_interfaces/dynamixel_interfaces/msg/rosidl_typesupport_fastrtps_cpp__visibility_control.h
[1.169s] -- Up-to-date symlink: /home/wu/colcon_ws/install/dynamixel_interfaces/include/dynamixel_interfaces/dynamixel_interfaces/srv/detail/get_data_from_dxl__rosidl_typesupport_fastrtps_cpp.hpp
[1.169s] -- Up-to-date symlink: /home/wu/colcon_ws/install/dynamixel_interfaces/include/dynamixel_interfaces/dynamixel_interfaces/srv/detail/reboot_dxl__rosidl_typesupport_fastrtps_cpp.hpp
[1.169s] -- Up-to-date symlink: /home/wu/colcon_ws/install/dynamixel_interfaces/include/dynamixel_interfaces/dynamixel_interfaces/srv/detail/set_data_to_dxl__rosidl_typesupport_fastrtps_cpp.hpp
[1.169s] -- Up-to-date symlink: /home/wu/colcon_ws/install/dynamixel_interfaces/include/dynamixel_interfaces/dynamixel_interfaces/msg/detail/dynamixel_state__rosidl_typesupport_introspection_c.h
[1.169s] -- Up-to-date symlink: /home/wu/colcon_ws/install/dynamixel_interfaces/include/dynamixel_interfaces/dynamixel_interfaces/msg/rosidl_typesupport_introspection_c__visibility_control.h
[1.170s] -- Up-to-date symlink: /home/wu/colcon_ws/install/dynamixel_interfaces/include/dynamixel_interfaces/dynamixel_interfaces/srv/detail/get_data_from_dxl__rosidl_typesupport_introspection_c.h
[1.170s] -- Up-to-date symlink: /home/wu/colcon_ws/install/dynamixel_interfaces/include/dynamixel_interfaces/dynamixel_interfaces/srv/detail/reboot_dxl__rosidl_typesupport_introspection_c.h
[1.170s] -- Up-to-date symlink: /home/wu/colcon_ws/install/dynamixel_interfaces/include/dynamixel_interfaces/dynamixel_interfaces/srv/detail/set_data_to_dxl__rosidl_typesupport_introspection_c.h
[1.170s] -- Up-to-date symlink: /home/wu/colcon_ws/install/dynamixel_interfaces/include/dynamixel_interfaces/dynamixel_interfaces/msg/detail/dynamixel_state__rosidl_typesupport_introspection_cpp.hpp
[1.170s] -- Up-to-date symlink: /home/wu/colcon_ws/install/dynamixel_interfaces/include/dynamixel_interfaces/dynamixel_interfaces/srv/detail/get_data_from_dxl__rosidl_typesupport_introspection_cpp.hpp
[1.170s] -- Up-to-date symlink: /home/wu/colcon_ws/install/dynamixel_interfaces/include/dynamixel_interfaces/dynamixel_interfaces/srv/detail/reboot_dxl__rosidl_typesupport_introspection_cpp.hpp
[1.170s] -- Up-to-date symlink: /home/wu/colcon_ws/install/dynamixel_interfaces/include/dynamixel_interfaces/dynamixel_interfaces/srv/detail/set_data_to_dxl__rosidl_typesupport_introspection_cpp.hpp
[1.170s] -- Up-to-date symlink: /home/wu/colcon_ws/install/dynamixel_interfaces/share/dynamixel_interfaces/environment/pythonpath.sh
[1.170s] -- Up-to-date symlink: /home/wu/colcon_ws/install/dynamixel_interfaces/share/dynamixel_interfaces/environment/pythonpath.dsv
[1.170s] -- Up-to-date symlink: /home/wu/colcon_ws/install/dynamixel_interfaces/local/lib/python3.10/dist-packages/dynamixel_interfaces-1.0.0-py3.10.egg-info/PKG-INFO
[1.170s] -- Up-to-date symlink: /home/wu/colcon_ws/install/dynamixel_interfaces/local/lib/python3.10/dist-packages/dynamixel_interfaces-1.0.0-py3.10.egg-info/SOURCES.txt
[1.170s] -- Up-to-date symlink: /home/wu/colcon_ws/install/dynamixel_interfaces/local/lib/python3.10/dist-packages/dynamixel_interfaces-1.0.0-py3.10.egg-info/dependency_links.txt
[1.170s] -- Up-to-date symlink: /home/wu/colcon_ws/install/dynamixel_interfaces/local/lib/python3.10/dist-packages/dynamixel_interfaces-1.0.0-py3.10.egg-info/top_level.txt
[1.171s] -- Up-to-date symlink: /home/wu/colcon_ws/install/dynamixel_interfaces/local/lib/python3.10/dist-packages/dynamixel_interfaces/__init__.py
[1.171s] -- Up-to-date symlink: /home/wu/colcon_ws/install/dynamixel_interfaces/local/lib/python3.10/dist-packages/dynamixel_interfaces/_dynamixel_interfaces_s.ep.rosidl_typesupport_c.c
[1.171s] -- Up-to-date symlink: /home/wu/colcon_ws/install/dynamixel_interfaces/local/lib/python3.10/dist-packages/dynamixel_interfaces/_dynamixel_interfaces_s.ep.rosidl_typesupport_fastrtps_c.c
[1.171s] -- Up-to-date symlink: /home/wu/colcon_ws/install/dynamixel_interfaces/local/lib/python3.10/dist-packages/dynamixel_interfaces/_dynamixel_interfaces_s.ep.rosidl_typesupport_introspection_c.c
[1.171s] -- Up-to-date symlink: /home/wu/colcon_ws/install/dynamixel_interfaces/local/lib/python3.10/dist-packages/dynamixel_interfaces/dynamixel_interfaces_s__rosidl_typesupport_c.cpython-310-x86_64-linux-gnu.so
[1.171s] -- Up-to-date symlink: /home/wu/colcon_ws/install/dynamixel_interfaces/local/lib/python3.10/dist-packages/dynamixel_interfaces/dynamixel_interfaces_s__rosidl_typesupport_fastrtps_c.cpython-310-x86_64-linux-gnu.so
[1.171s] -- Up-to-date symlink: /home/wu/colcon_ws/install/dynamixel_interfaces/local/lib/python3.10/dist-packages/dynamixel_interfaces/dynamixel_interfaces_s__rosidl_typesupport_introspection_c.cpython-310-x86_64-linux-gnu.so
[1.171s] -- Up-to-date symlink: /home/wu/colcon_ws/install/dynamixel_interfaces/local/lib/python3.10/dist-packages/dynamixel_interfaces/libdynamixel_interfaces__rosidl_generator_py.so
[1.171s] -- Up-to-date symlink: /home/wu/colcon_ws/install/dynamixel_interfaces/local/lib/python3.10/dist-packages/dynamixel_interfaces/msg/__init__.py
[1.171s] -- Up-to-date symlink: /home/wu/colcon_ws/install/dynamixel_interfaces/local/lib/python3.10/dist-packages/dynamixel_interfaces/msg/_dynamixel_state.py
[1.171s] -- Up-to-date symlink: /home/wu/colcon_ws/install/dynamixel_interfaces/local/lib/python3.10/dist-packages/dynamixel_interfaces/msg/_dynamixel_state_s.c
[1.171s] -- Up-to-date symlink: /home/wu/colcon_ws/install/dynamixel_interfaces/local/lib/python3.10/dist-packages/dynamixel_interfaces/srv/__init__.py
[1.171s] -- Up-to-date symlink: /home/wu/colcon_ws/install/dynamixel_interfaces/local/lib/python3.10/dist-packages/dynamixel_interfaces/srv/_get_data_from_dxl.py
[1.171s] -- Up-to-date symlink: /home/wu/colcon_ws/install/dynamixel_interfaces/local/lib/python3.10/dist-packages/dynamixel_interfaces/srv/_get_data_from_dxl_s.c
[1.171s] -- Up-to-date symlink: /home/wu/colcon_ws/install/dynamixel_interfaces/local/lib/python3.10/dist-packages/dynamixel_interfaces/srv/_reboot_dxl.py
[1.171s] -- Up-to-date symlink: /home/wu/colcon_ws/install/dynamixel_interfaces/local/lib/python3.10/dist-packages/dynamixel_interfaces/srv/_reboot_dxl_s.c
[1.171s] -- Up-to-date symlink: /home/wu/colcon_ws/install/dynamixel_interfaces/local/lib/python3.10/dist-packages/dynamixel_interfaces/srv/_set_data_to_dxl.py
[1.172s] -- Up-to-date symlink: /home/wu/colcon_ws/install/dynamixel_interfaces/local/lib/python3.10/dist-packages/dynamixel_interfaces/srv/_set_data_to_dxl_s.c
[1.172s] -- Up-to-date symlink: /home/wu/colcon_ws/install/dynamixel_interfaces/local/lib/python3.10/dist-packages/dynamixel_interfaces/dynamixel_interfaces_s__rosidl_typesupport_fastrtps_c.cpython-310-x86_64-linux-gnu.so
[1.172s] -- Up-to-date symlink: /home/wu/colcon_ws/install/dynamixel_interfaces/local/lib/python3.10/dist-packages/dynamixel_interfaces/dynamixel_interfaces_s__rosidl_typesupport_introspection_c.cpython-310-x86_64-linux-gnu.so
[1.172s] -- Up-to-date symlink: /home/wu/colcon_ws/install/dynamixel_interfaces/local/lib/python3.10/dist-packages/dynamixel_interfaces/dynamixel_interfaces_s__rosidl_typesupport_c.cpython-310-x86_64-linux-gnu.so
[1.172s] -- Up-to-date symlink: /home/wu/colcon_ws/install/dynamixel_interfaces/share/dynamixel_interfaces/msg/DynamixelState.idl
[1.172s] -- Up-to-date symlink: /home/wu/colcon_ws/install/dynamixel_interfaces/share/dynamixel_interfaces/srv/GetDataFromDxl.idl
[1.172s] -- Up-to-date symlink: /home/wu/colcon_ws/install/dynamixel_interfaces/share/dynamixel_interfaces/srv/SetDataToDxl.idl
[1.172s] -- Up-to-date symlink: /home/wu/colcon_ws/install/dynamixel_interfaces/share/dynamixel_interfaces/srv/RebootDxl.idl
[1.172s] -- Up-to-date symlink: /home/wu/colcon_ws/install/dynamixel_interfaces/share/dynamixel_interfaces/msg/DynamixelState.msg
[1.172s] -- Up-to-date symlink: /home/wu/colcon_ws/install/dynamixel_interfaces/share/dynamixel_interfaces/srv/GetDataFromDxl.srv
[1.172s] -- Up-to-date symlink: /home/wu/colcon_ws/install/dynamixel_interfaces/share/dynamixel_interfaces/srv/GetDataFromDxl_Request.msg
[1.172s] -- Up-to-date symlink: /home/wu/colcon_ws/install/dynamixel_interfaces/share/dynamixel_interfaces/srv/GetDataFromDxl_Response.msg
[1.172s] -- Up-to-date symlink: /home/wu/colcon_ws/install/dynamixel_interfaces/share/dynamixel_interfaces/srv/SetDataToDxl.srv
[1.173s] -- Up-to-date symlink: /home/wu/colcon_ws/install/dynamixel_interfaces/share/dynamixel_interfaces/srv/SetDataToDxl_Request.msg
[1.173s] -- Up-to-date symlink: /home/wu/colcon_ws/install/dynamixel_interfaces/share/dynamixel_interfaces/srv/SetDataToDxl_Response.msg
[1.173s] -- Up-to-date symlink: /home/wu/colcon_ws/install/dynamixel_interfaces/share/dynamixel_interfaces/srv/RebootDxl.srv
[1.173s] -- Up-to-date symlink: /home/wu/colcon_ws/install/dynamixel_interfaces/share/dynamixel_interfaces/srv/RebootDxl_Request.msg
[1.173s] -- Up-to-date symlink: /home/wu/colcon_ws/install/dynamixel_interfaces/share/dynamixel_interfaces/srv/RebootDxl_Response.msg
[1.173s] -- Up-to-date symlink: /home/wu/colcon_ws/install/dynamixel_interfaces/share/ament_index/resource_index/package_run_dependencies/dynamixel_interfaces
[1.173s] -- Up-to-date symlink: /home/wu/colcon_ws/install/dynamixel_interfaces/share/ament_index/resource_index/parent_prefix_path/dynamixel_interfaces
[1.173s] -- Up-to-date symlink: /home/wu/colcon_ws/install/dynamixel_interfaces/share/dynamixel_interfaces/environment/ament_prefix_path.sh
[1.173s] -- Up-to-date symlink: /home/wu/colcon_ws/install/dynamixel_interfaces/share/dynamixel_interfaces/environment/ament_prefix_path.dsv
[1.173s] -- Up-to-date symlink: /home/wu/colcon_ws/install/dynamixel_interfaces/share/dynamixel_interfaces/environment/path.sh
[1.173s] -- Up-to-date symlink: /home/wu/colcon_ws/install/dynamixel_interfaces/share/dynamixel_interfaces/environment/path.dsv
[1.173s] -- Up-to-date symlink: /home/wu/colcon_ws/install/dynamixel_interfaces/share/dynamixel_interfaces/local_setup.bash
[1.173s] -- Up-to-date symlink: /home/wu/colcon_ws/install/dynamixel_interfaces/share/dynamixel_interfaces/local_setup.sh
[1.173s] -- Up-to-date symlink: /home/wu/colcon_ws/install/dynamixel_interfaces/share/dynamixel_interfaces/local_setup.zsh
[1.174s] -- Up-to-date symlink: /home/wu/colcon_ws/install/dynamixel_interfaces/share/dynamixel_interfaces/local_setup.dsv
[1.174s] -- Symlinking: /home/wu/colcon_ws/install/dynamixel_interfaces/share/dynamixel_interfaces/package.dsv
[1.178s] -- Up-to-date symlink: /home/wu/colcon_ws/install/dynamixel_interfaces/share/ament_index/resource_index/packages/dynamixel_interfaces
[1.179s] -- Up-to-date symlink: /home/wu/colcon_ws/install/dynamixel_interfaces/share/dynamixel_interfaces/cmake/rosidl_cmake-extras.cmake
[1.179s] -- Up-to-date symlink: /home/wu/colcon_ws/install/dynamixel_interfaces/share/dynamixel_interfaces/cmake/ament_cmake_export_dependencies-extras.cmake
[1.179s] -- Up-to-date symlink: /home/wu/colcon_ws/install/dynamixel_interfaces/share/dynamixel_interfaces/cmake/ament_cmake_export_include_directories-extras.cmake
[1.179s] -- Up-to-date symlink: /home/wu/colcon_ws/install/dynamixel_interfaces/share/dynamixel_interfaces/cmake/ament_cmake_export_libraries-extras.cmake
[1.179s] -- Up-to-date symlink: /home/wu/colcon_ws/install/dynamixel_interfaces/share/dynamixel_interfaces/cmake/ament_cmake_export_targets-extras.cmake
[1.179s] -- Up-to-date symlink: /home/wu/colcon_ws/install/dynamixel_interfaces/share/dynamixel_interfaces/cmake/rosidl_cmake_export_typesupport_targets-extras.cmake
[1.179s] -- Up-to-date symlink: /home/wu/colcon_ws/install/dynamixel_interfaces/share/dynamixel_interfaces/cmake/rosidl_cmake_export_typesupport_libraries-extras.cmake
[1.179s] -- Up-to-date symlink: /home/wu/colcon_ws/install/dynamixel_interfaces/share/dynamixel_interfaces/cmake/dynamixel_interfacesConfig.cmake
[1.179s] -- Up-to-date symlink: /home/wu/colcon_ws/install/dynamixel_interfaces/share/dynamixel_interfaces/cmake/dynamixel_interfacesConfig-version.cmake
[1.179s] -- Up-to-date symlink: /home/wu/colcon_ws/install/dynamixel_interfaces/share/dynamixel_interfaces/package.xml
[1.179s] -- Up-to-date: /home/wu/colcon_ws/install/dynamixel_interfaces/lib/libdynamixel_interfaces__rosidl_generator_c.so
[1.179s] -- Up-to-date: /home/wu/colcon_ws/install/dynamixel_interfaces/lib/libdynamixel_interfaces__rosidl_typesupport_fastrtps_c.so
[1.179s] -- Up-to-date: /home/wu/colcon_ws/install/dynamixel_interfaces/lib/libdynamixel_interfaces__rosidl_typesupport_fastrtps_cpp.so
[1.180s] -- Up-to-date: /home/wu/colcon_ws/install/dynamixel_interfaces/lib/libdynamixel_interfaces__rosidl_typesupport_introspection_c.so
[1.180s] -- Up-to-date: /home/wu/colcon_ws/install/dynamixel_interfaces/lib/libdynamixel_interfaces__rosidl_typesupport_c.so
[1.180s] -- Up-to-date: /home/wu/colcon_ws/install/dynamixel_interfaces/lib/libdynamixel_interfaces__rosidl_typesupport_introspection_cpp.so
[1.180s] -- Up-to-date: /home/wu/colcon_ws/install/dynamixel_interfaces/lib/libdynamixel_interfaces__rosidl_typesupport_cpp.so
[1.200s] Listing '/home/wu/colcon_ws/install/dynamixel_interfaces/local/lib/python3.10/dist-packages/dynamixel_interfaces'...
[1.200s] Compiling '/home/wu/colcon_ws/install/dynamixel_interfaces/local/lib/python3.10/dist-packages/dynamixel_interfaces/__init__.py'...
[1.200s] Listing '/home/wu/colcon_ws/install/dynamixel_interfaces/local/lib/python3.10/dist-packages/dynamixel_interfaces/msg'...
[1.200s] Listing '/home/wu/colcon_ws/install/dynamixel_interfaces/local/lib/python3.10/dist-packages/dynamixel_interfaces/srv'...
[1.203s] -- Up-to-date: /home/wu/colcon_ws/install/dynamixel_interfaces/lib/libdynamixel_interfaces__rosidl_generator_py.so
[1.203s] -- Up-to-date: /home/wu/colcon_ws/install/dynamixel_interfaces/share/dynamixel_interfaces/cmake/export_dynamixel_interfaces__rosidl_generator_cExport.cmake
[1.203s] -- Up-to-date: /home/wu/colcon_ws/install/dynamixel_interfaces/share/dynamixel_interfaces/cmake/export_dynamixel_interfaces__rosidl_generator_cExport-noconfig.cmake
[1.203s] -- Up-to-date: /home/wu/colcon_ws/install/dynamixel_interfaces/share/dynamixel_interfaces/cmake/export_dynamixel_interfaces__rosidl_typesupport_fastrtps_cExport.cmake
[1.203s] -- Up-to-date: /home/wu/colcon_ws/install/dynamixel_interfaces/share/dynamixel_interfaces/cmake/export_dynamixel_interfaces__rosidl_typesupport_fastrtps_cExport-noconfig.cmake
[1.203s] -- Up-to-date: /home/wu/colcon_ws/install/dynamixel_interfaces/share/dynamixel_interfaces/cmake/export_dynamixel_interfaces__rosidl_generator_cppExport.cmake
[1.203s] -- Up-to-date: /home/wu/colcon_ws/install/dynamixel_interfaces/share/dynamixel_interfaces/cmake/export_dynamixel_interfaces__rosidl_typesupport_fastrtps_cppExport.cmake
[1.203s] -- Up-to-date: /home/wu/colcon_ws/install/dynamixel_interfaces/share/dynamixel_interfaces/cmake/export_dynamixel_interfaces__rosidl_typesupport_fastrtps_cppExport-noconfig.cmake
[1.203s] -- Up-to-date: /home/wu/colcon_ws/install/dynamixel_interfaces/share/dynamixel_interfaces/cmake/dynamixel_interfaces__rosidl_typesupport_introspection_cExport.cmake
[1.204s] -- Up-to-date: /home/wu/colcon_ws/install/dynamixel_interfaces/share/dynamixel_interfaces/cmake/dynamixel_interfaces__rosidl_typesupport_introspection_cExport-noconfig.cmake
[1.204s] -- Up-to-date: /home/wu/colcon_ws/install/dynamixel_interfaces/share/dynamixel_interfaces/cmake/dynamixel_interfaces__rosidl_typesupport_cExport.cmake
[1.204s] -- Up-to-date: /home/wu/colcon_ws/install/dynamixel_interfaces/share/dynamixel_interfaces/cmake/dynamixel_interfaces__rosidl_typesupport_cExport-noconfig.cmake
[1.204s] -- Up-to-date: /home/wu/colcon_ws/install/dynamixel_interfaces/share/dynamixel_interfaces/cmake/dynamixel_interfaces__rosidl_typesupport_introspection_cppExport.cmake
[1.204s] -- Up-to-date: /home/wu/colcon_ws/install/dynamixel_interfaces/share/dynamixel_interfaces/cmake/dynamixel_interfaces__rosidl_typesupport_introspection_cppExport-noconfig.cmake
[1.204s] -- Up-to-date: /home/wu/colcon_ws/install/dynamixel_interfaces/share/dynamixel_interfaces/cmake/dynamixel_interfaces__rosidl_typesupport_cppExport.cmake
[1.204s] -- Up-to-date: /home/wu/colcon_ws/install/dynamixel_interfaces/share/dynamixel_interfaces/cmake/dynamixel_interfaces__rosidl_typesupport_cppExport-noconfig.cmake
[1.204s] -- Up-to-date: /home/wu/colcon_ws/install/dynamixel_interfaces/share/dynamixel_interfaces/cmake/export_dynamixel_interfaces__rosidl_generator_pyExport.cmake
[1.204s] -- Up-to-date: /home/wu/colcon_ws/install/dynamixel_interfaces/share/dynamixel_interfaces/cmake/export_dynamixel_interfaces__rosidl_generator_pyExport-noconfig.cmake
[1.206s] Invoked command in '/home/wu/colcon_ws/build/dynamixel_interfaces' returned '0': CMAKE_PREFIX_PATH=${CMAKE_PREFIX_PATH}:/opt/ros/humble /usr/bin/cmake --install /home/wu/colcon_ws/build/dynamixel_interfaces
