[0.008s] Invoking command in '/home/wu/colcon_ws/build/open_manipulator': CMAKE_PREFIX_PATH=/home/wu/colcon_ws/install/open_manipulator_x_teleop:/home/wu/colcon_ws/install/open_manipulator_x_moveit_config:/home/wu/colcon_ws/install/open_manipulator_x_bringup:/home/wu/colcon_ws/install/open_manipulator_x_playground:/home/wu/colcon_ws/install/open_manipulator_x_gui:/home/wu/colcon_ws/install/open_manipulator_x_description:/home/wu/colcon_ws/install/dynamixel_hardware_interface:/home/wu/colcon_ws/install/open_manipulator:/home/wu/colcon_ws/install/dynamixel_interfaces:/opt/ros/humble /usr/bin/cmake --build /home/wu/colcon_ws/build/open_manipulator -- -j12 -l12
[0.030s] Invoked command in '/home/wu/colcon_ws/build/open_manipulator' returned '0': CMAKE_PREFIX_PATH=/home/wu/colcon_ws/install/open_manipulator_x_teleop:/home/wu/colcon_ws/install/open_manipulator_x_moveit_config:/home/wu/colcon_ws/install/open_manipulator_x_bringup:/home/wu/colcon_ws/install/open_manipulator_x_playground:/home/wu/colcon_ws/install/open_manipulator_x_gui:/home/wu/colcon_ws/install/open_manipulator_x_description:/home/wu/colcon_ws/install/dynamixel_hardware_interface:/home/wu/colcon_ws/install/open_manipulator:/home/wu/colcon_ws/install/dynamixel_interfaces:/opt/ros/humble /usr/bin/cmake --build /home/wu/colcon_ws/build/open_manipulator -- -j12 -l12
[0.032s] Invoking command in '/home/wu/colcon_ws/build/open_manipulator': CMAKE_PREFIX_PATH=/home/wu/colcon_ws/install/open_manipulator_x_teleop:/home/wu/colcon_ws/install/open_manipulator_x_moveit_config:/home/wu/colcon_ws/install/open_manipulator_x_bringup:/home/wu/colcon_ws/install/open_manipulator_x_playground:/home/wu/colcon_ws/install/open_manipulator_x_gui:/home/wu/colcon_ws/install/open_manipulator_x_description:/home/wu/colcon_ws/install/dynamixel_hardware_interface:/home/wu/colcon_ws/install/open_manipulator:/home/wu/colcon_ws/install/dynamixel_interfaces:/opt/ros/humble /usr/bin/cmake --install /home/wu/colcon_ws/build/open_manipulator
[0.036s] -- Install configuration: ""
[0.037s] -- Execute custom install script
[0.037s] -- Up-to-date symlink: /home/wu/colcon_ws/install/open_manipulator/share/ament_index/resource_index/package_run_dependencies/open_manipulator
[0.037s] -- Up-to-date symlink: /home/wu/colcon_ws/install/open_manipulator/share/ament_index/resource_index/parent_prefix_path/open_manipulator
[0.037s] -- Up-to-date symlink: /home/wu/colcon_ws/install/open_manipulator/share/open_manipulator/environment/ament_prefix_path.sh
[0.037s] -- Up-to-date symlink: /home/wu/colcon_ws/install/open_manipulator/share/open_manipulator/environment/ament_prefix_path.dsv
[0.037s] -- Up-to-date symlink: /home/wu/colcon_ws/install/open_manipulator/share/open_manipulator/environment/path.sh
[0.037s] -- Up-to-date symlink: /home/wu/colcon_ws/install/open_manipulator/share/open_manipulator/environment/path.dsv
[0.037s] -- Up-to-date symlink: /home/wu/colcon_ws/install/open_manipulator/share/open_manipulator/local_setup.bash
[0.038s] -- Up-to-date symlink: /home/wu/colcon_ws/install/open_manipulator/share/open_manipulator/local_setup.sh
[0.038s] -- Up-to-date symlink: /home/wu/colcon_ws/install/open_manipulator/share/open_manipulator/local_setup.zsh
[0.038s] -- Up-to-date symlink: /home/wu/colcon_ws/install/open_manipulator/share/open_manipulator/local_setup.dsv
[0.038s] -- Symlinking: /home/wu/colcon_ws/install/open_manipulator/share/open_manipulator/package.dsv
[0.042s] -- Up-to-date symlink: /home/wu/colcon_ws/install/open_manipulator/share/ament_index/resource_index/packages/open_manipulator
[0.042s] -- Up-to-date symlink: /home/wu/colcon_ws/install/open_manipulator/share/open_manipulator/cmake/open_manipulatorConfig.cmake
[0.043s] -- Up-to-date symlink: /home/wu/colcon_ws/install/open_manipulator/share/open_manipulator/cmake/open_manipulatorConfig-version.cmake
[0.043s] -- Up-to-date symlink: /home/wu/colcon_ws/install/open_manipulator/share/open_manipulator/package.xml
[0.044s] Invoked command in '/home/wu/colcon_ws/build/open_manipulator' returned '0': CMAKE_PREFIX_PATH=/home/wu/colcon_ws/install/open_manipulator_x_teleop:/home/wu/colcon_ws/install/open_manipulator_x_moveit_config:/home/wu/colcon_ws/install/open_manipulator_x_bringup:/home/wu/colcon_ws/install/open_manipulator_x_playground:/home/wu/colcon_ws/install/open_manipulator_x_gui:/home/wu/colcon_ws/install/open_manipulator_x_description:/home/wu/colcon_ws/install/dynamixel_hardware_interface:/home/wu/colcon_ws/install/open_manipulator:/home/wu/colcon_ws/install/dynamixel_interfaces:/opt/ros/humble /usr/bin/cmake --install /home/wu/colcon_ws/build/open_manipulator
