[0.011s] Invoking command in '/home/wu/colcon_ws/build/open_manipulator_x_bringup': CMAKE_PREFIX_PATH=/home/wu/colcon_ws/install/open_manipulator_x_description:/home/wu/colcon_ws/install/dynamixel_hardware_interface:/home/wu/colcon_ws/install/open_manipulator:/home/wu/colcon_ws/install/open_manipulator_x_teleop:/home/wu/colcon_ws/install/open_manipulator_x_playground:/home/wu/colcon_ws/install/open_manipulator_x_moveit_config:/home/wu/colcon_ws/install/open_manipulator_x_gui:/home/wu/colcon_ws/install/open_manipulator_x_bringup:/home/wu/colcon_ws/install/dynamixel_interfaces:/opt/ros/humble /usr/bin/cmake --build /home/wu/colcon_ws/build/open_manipulator_x_bringup -- -j12 -l12
[0.039s] Invoked command in '/home/wu/colcon_ws/build/open_manipulator_x_bringup' returned '0': CMAKE_PREFIX_PATH=/home/wu/colcon_ws/install/open_manipulator_x_description:/home/wu/colcon_ws/install/dynamixel_hardware_interface:/home/wu/colcon_ws/install/open_manipulator:/home/wu/colcon_ws/install/open_manipulator_x_teleop:/home/wu/colcon_ws/install/open_manipulator_x_playground:/home/wu/colcon_ws/install/open_manipulator_x_moveit_config:/home/wu/colcon_ws/install/open_manipulator_x_gui:/home/wu/colcon_ws/install/open_manipulator_x_bringup:/home/wu/colcon_ws/install/dynamixel_interfaces:/opt/ros/humble /usr/bin/cmake --build /home/wu/colcon_ws/build/open_manipulator_x_bringup -- -j12 -l12
[0.040s] Invoking command in '/home/wu/colcon_ws/build/open_manipulator_x_bringup': CMAKE_PREFIX_PATH=/home/wu/colcon_ws/install/open_manipulator_x_description:/home/wu/colcon_ws/install/dynamixel_hardware_interface:/home/wu/colcon_ws/install/open_manipulator:/home/wu/colcon_ws/install/open_manipulator_x_teleop:/home/wu/colcon_ws/install/open_manipulator_x_playground:/home/wu/colcon_ws/install/open_manipulator_x_moveit_config:/home/wu/colcon_ws/install/open_manipulator_x_gui:/home/wu/colcon_ws/install/open_manipulator_x_bringup:/home/wu/colcon_ws/install/dynamixel_interfaces:/opt/ros/humble /usr/bin/cmake --install /home/wu/colcon_ws/build/open_manipulator_x_bringup
[0.044s] -- Install configuration: ""
[0.044s] -- Execute custom install script
[0.045s] -- Up-to-date symlink: /home/wu/colcon_ws/install/open_manipulator_x_bringup/share/open_manipulator_x_bringup/launch/base.launch.py
[0.045s] -- Up-to-date symlink: /home/wu/colcon_ws/install/open_manipulator_x_bringup/share/open_manipulator_x_bringup/launch/fake.launch.py
[0.045s] -- Up-to-date symlink: /home/wu/colcon_ws/install/open_manipulator_x_bringup/share/open_manipulator_x_bringup/launch/gazebo.launch.py
[0.045s] -- Up-to-date symlink: /home/wu/colcon_ws/install/open_manipulator_x_bringup/share/open_manipulator_x_bringup/launch/hardware.launch.py
[0.045s] -- Up-to-date symlink: /home/wu/colcon_ws/install/open_manipulator_x_bringup/share/open_manipulator_x_bringup/config/gazebo_controller_manager.yaml
[0.045s] -- Up-to-date symlink: /home/wu/colcon_ws/install/open_manipulator_x_bringup/share/open_manipulator_x_bringup/config/hardware_controller_manager.yaml
[0.045s] -- Up-to-date symlink: /home/wu/colcon_ws/install/open_manipulator_x_bringup/share/open_manipulator_x_bringup/rviz/open_manipulator_x.rviz
[0.045s] -- Up-to-date symlink: /home/wu/colcon_ws/install/open_manipulator_x_bringup/share/open_manipulator_x_bringup/worlds/empty_world.model
[0.045s] -- Up-to-date symlink: /home/wu/colcon_ws/install/open_manipulator_x_bringup/share/open_manipulator_x_bringup/99-open-manipulator-cdc.rules
[0.045s] -- Up-to-date symlink: /home/wu/colcon_ws/install/open_manipulator_x_bringup/lib/open_manipulator_x_bringup/create_udev_rules
[0.045s] -- Up-to-date symlink: /home/wu/colcon_ws/install/open_manipulator_x_bringup/share/open_manipulator_x_bringup/environment/open_manipulator_x_bringup.dsv
[0.045s] -- Up-to-date symlink: /home/wu/colcon_ws/install/open_manipulator_x_bringup/share/ament_index/resource_index/package_run_dependencies/open_manipulator_x_bringup
[0.045s] -- Up-to-date symlink: /home/wu/colcon_ws/install/open_manipulator_x_bringup/share/ament_index/resource_index/parent_prefix_path/open_manipulator_x_bringup
[0.045s] -- Up-to-date symlink: /home/wu/colcon_ws/install/open_manipulator_x_bringup/share/open_manipulator_x_bringup/environment/ament_prefix_path.sh
[0.046s] -- Up-to-date symlink: /home/wu/colcon_ws/install/open_manipulator_x_bringup/share/open_manipulator_x_bringup/environment/ament_prefix_path.dsv
[0.046s] -- Up-to-date symlink: /home/wu/colcon_ws/install/open_manipulator_x_bringup/share/open_manipulator_x_bringup/environment/path.sh
[0.046s] -- Up-to-date symlink: /home/wu/colcon_ws/install/open_manipulator_x_bringup/share/open_manipulator_x_bringup/environment/path.dsv
[0.046s] -- Up-to-date symlink: /home/wu/colcon_ws/install/open_manipulator_x_bringup/share/open_manipulator_x_bringup/local_setup.bash
[0.046s] -- Up-to-date symlink: /home/wu/colcon_ws/install/open_manipulator_x_bringup/share/open_manipulator_x_bringup/local_setup.sh
[0.046s] -- Up-to-date symlink: /home/wu/colcon_ws/install/open_manipulator_x_bringup/share/open_manipulator_x_bringup/local_setup.zsh
[0.046s] -- Up-to-date symlink: /home/wu/colcon_ws/install/open_manipulator_x_bringup/share/open_manipulator_x_bringup/local_setup.dsv
[0.046s] -- Symlinking: /home/wu/colcon_ws/install/open_manipulator_x_bringup/share/open_manipulator_x_bringup/package.dsv
[0.053s] -- Up-to-date symlink: /home/wu/colcon_ws/install/open_manipulator_x_bringup/share/ament_index/resource_index/packages/open_manipulator_x_bringup
[0.053s] -- Up-to-date symlink: /home/wu/colcon_ws/install/open_manipulator_x_bringup/share/open_manipulator_x_bringup/cmake/open_manipulator_x_bringupConfig.cmake
[0.053s] -- Up-to-date symlink: /home/wu/colcon_ws/install/open_manipulator_x_bringup/share/open_manipulator_x_bringup/cmake/open_manipulator_x_bringupConfig-version.cmake
[0.053s] -- Up-to-date symlink: /home/wu/colcon_ws/install/open_manipulator_x_bringup/share/open_manipulator_x_bringup/package.xml
[0.066s] Invoked command in '/home/wu/colcon_ws/build/open_manipulator_x_bringup' returned '0': CMAKE_PREFIX_PATH=/home/wu/colcon_ws/install/open_manipulator_x_description:/home/wu/colcon_ws/install/dynamixel_hardware_interface:/home/wu/colcon_ws/install/open_manipulator:/home/wu/colcon_ws/install/open_manipulator_x_teleop:/home/wu/colcon_ws/install/open_manipulator_x_playground:/home/wu/colcon_ws/install/open_manipulator_x_moveit_config:/home/wu/colcon_ws/install/open_manipulator_x_gui:/home/wu/colcon_ws/install/open_manipulator_x_bringup:/home/wu/colcon_ws/install/dynamixel_interfaces:/opt/ros/humble /usr/bin/cmake --install /home/wu/colcon_ws/build/open_manipulator_x_bringup
