[0.012s] Invoking command in '/home/wu/colcon_ws/build/open_manipulator_x_gui': CMAKE_PREFIX_PATH=${CMAKE_PREFIX_PATH}:/opt/ros/humble /usr/bin/cmake --build /home/wu/colcon_ws/build/open_manipulator_x_gui -- -j12 -l12
[0.056s] [  9%] [34m[1mAutomatic MOC and UIC for target open_manipulator_x_gui_node[0m
[0.069s] [  9%] Built target open_manipulator_x_gui_node_autogen
[0.101s] [100%] Built target open_manipulator_x_gui_node
[0.108s] Invoked command in '/home/wu/colcon_ws/build/open_manipulator_x_gui' returned '0': CMAKE_PREFIX_PATH=${CMAKE_PREFIX_PATH}:/opt/ros/humble /usr/bin/cmake --build /home/wu/colcon_ws/build/open_manipulator_x_gui -- -j12 -l12
[0.109s] Invoking command in '/home/wu/colcon_ws/build/open_manipulator_x_gui': CMAKE_PREFIX_PATH=${CMAKE_PREFIX_PATH}:/opt/ros/humble /usr/bin/cmake --install /home/wu/colcon_ws/build/open_manipulator_x_gui
[0.115s] -- Install configuration: ""
[0.116s] -- Execute custom install script
[0.116s] -- Up-to-date symlink: /home/wu/colcon_ws/install/open_manipulator_x_gui/lib/open_manipulator_x_gui/open_manipulator_x_gui_node
[0.116s] -- Up-to-date symlink: /home/wu/colcon_ws/install/open_manipulator_x_gui/include/open_manipulator_x_gui/main_window.hpp
[0.116s] -- Up-to-date symlink: /home/wu/colcon_ws/install/open_manipulator_x_gui/include/open_manipulator_x_gui/qnode.hpp
[0.116s] -- Up-to-date symlink: /home/wu/colcon_ws/install/open_manipulator_x_gui/share/open_manipulator_x_gui/launch/open_manipulator_x_gui.launch.py
[0.116s] -- Up-to-date symlink: /home/wu/colcon_ws/install/open_manipulator_x_gui/share/open_manipulator_x_gui/ui/main_window.ui
[0.116s] -- Up-to-date symlink: /home/wu/colcon_ws/install/open_manipulator_x_gui/share/open_manipulator_x_gui/config/robot_joint_log.csv
[0.117s] -- Up-to-date symlink: /home/wu/colcon_ws/install/open_manipulator_x_gui/share/open_manipulator_x_gui/environment/library_path.sh
[0.117s] -- Up-to-date symlink: /home/wu/colcon_ws/install/open_manipulator_x_gui/share/open_manipulator_x_gui/environment/library_path.dsv
[0.117s] -- Up-to-date symlink: /home/wu/colcon_ws/install/open_manipulator_x_gui/share/ament_index/resource_index/package_run_dependencies/open_manipulator_x_gui
[0.117s] -- Up-to-date symlink: /home/wu/colcon_ws/install/open_manipulator_x_gui/share/ament_index/resource_index/parent_prefix_path/open_manipulator_x_gui
[0.117s] -- Up-to-date symlink: /home/wu/colcon_ws/install/open_manipulator_x_gui/share/open_manipulator_x_gui/environment/ament_prefix_path.sh
[0.117s] -- Up-to-date symlink: /home/wu/colcon_ws/install/open_manipulator_x_gui/share/open_manipulator_x_gui/environment/ament_prefix_path.dsv
[0.118s] -- Up-to-date symlink: /home/wu/colcon_ws/install/open_manipulator_x_gui/share/open_manipulator_x_gui/environment/path.sh
[0.119s] -- Up-to-date symlink: /home/wu/colcon_ws/install/open_manipulator_x_gui/share/open_manipulator_x_gui/environment/path.dsv
[0.119s] -- Up-to-date symlink: /home/wu/colcon_ws/install/open_manipulator_x_gui/share/open_manipulator_x_gui/local_setup.bash
[0.119s] -- Up-to-date symlink: /home/wu/colcon_ws/install/open_manipulator_x_gui/share/open_manipulator_x_gui/local_setup.sh
[0.119s] -- Up-to-date symlink: /home/wu/colcon_ws/install/open_manipulator_x_gui/share/open_manipulator_x_gui/local_setup.zsh
[0.119s] -- Up-to-date symlink: /home/wu/colcon_ws/install/open_manipulator_x_gui/share/open_manipulator_x_gui/local_setup.dsv
[0.119s] -- Symlinking: /home/wu/colcon_ws/install/open_manipulator_x_gui/share/open_manipulator_x_gui/package.dsv
[0.124s] -- Up-to-date symlink: /home/wu/colcon_ws/install/open_manipulator_x_gui/share/ament_index/resource_index/packages/open_manipulator_x_gui
[0.124s] -- Up-to-date symlink: /home/wu/colcon_ws/install/open_manipulator_x_gui/share/open_manipulator_x_gui/cmake/ament_cmake_export_include_directories-extras.cmake
[0.125s] -- Up-to-date symlink: /home/wu/colcon_ws/install/open_manipulator_x_gui/share/open_manipulator_x_gui/cmake/ament_cmake_export_libraries-extras.cmake
[0.125s] -- Up-to-date symlink: /home/wu/colcon_ws/install/open_manipulator_x_gui/share/open_manipulator_x_gui/cmake/open_manipulator_x_guiConfig.cmake
[0.125s] -- Up-to-date symlink: /home/wu/colcon_ws/install/open_manipulator_x_gui/share/open_manipulator_x_gui/cmake/open_manipulator_x_guiConfig-version.cmake
[0.125s] -- Up-to-date symlink: /home/wu/colcon_ws/install/open_manipulator_x_gui/share/open_manipulator_x_gui/package.xml
[0.127s] Invoked command in '/home/wu/colcon_ws/build/open_manipulator_x_gui' returned '0': CMAKE_PREFIX_PATH=${CMAKE_PREFIX_PATH}:/opt/ros/humble /usr/bin/cmake --install /home/wu/colcon_ws/build/open_manipulator_x_gui
